0 verbose cli /usr/local/bin/node /usr/local/bin/npm
1 info using npm@10.9.3
2 info using node@v22.20.0
3 silly config load:file:/usr/local/lib/node_modules/npm/npmrc
4 silly config load:file:/Users/shibingzhang/git/imbinnng/renren-sveltekit/.npmrc
5 silly config load:file:/Users/shibingzhang/.npmrc
6 silly config load:file:/Users/shibingzhang/.npm-global/etc/npmrc
7 verbose title npm install
8 verbose argv "install" "--force"
9 verbose logfile logs-max:10 dir:/Users/shibingzhang/git/imbinnng/renren-sveltekit/npm-cache/_logs/2026-01-11T02_30_49_868Z-
10 verbose logfile /Users/shibingzhang/git/imbinnng/renren-sveltekit/npm-cache/_logs/2026-01-11T02_30_49_868Z-debug-0.log
11 warn using --force Recommended protections disabled.
12 silly logfile start cleaning logs, removing 1 files
13 silly packumentCache heap:2197815296 maxSize:549453824 maxEntrySize:274726912
14 silly logfile done cleaning log files
15 silly idealTree buildDeps
16 silly fetch manifest clsx@^2.0.0
17 silly packumentCache full:https://registry.npmmirror.com/clsx cache-miss
18 http cache https://registry.npmmirror.com/clsx 5ms (cache hit)
19 silly packumentCache full:https://registry.npmmirror.com/clsx set size:32436 disposed:false
20 silly fetch manifest tailwind-merge@^2.2.0
21 silly packumentCache full:https://registry.npmmirror.com/tailwind-merge cache-miss
22 http cache https://registry.npmmirror.com/tailwind-merge 3ms (cache hit)
23 silly packumentCache full:https://registry.npmmirror.com/tailwind-merge set size:1444701 disposed:false
24 silly fetch manifest @sveltejs/adapter-vercel@^2.27.9
25 silly packumentCache full:https://registry.npmmirror.com/@sveltejs%2fadapter-vercel cache-miss
26 http cache https://registry.npmmirror.com/@sveltejs%2fadapter-vercel 2ms (cache hit)
27 silly packumentCache full:https://registry.npmmirror.com/@sveltejs%2fadapter-vercel set size:477670 disposed:false
28 silly fetch manifest @sveltejs/kit@^1.16.2
29 silly packumentCache full:https://registry.npmmirror.com/@sveltejs%2fkit cache-miss
30 http cache https://registry.npmmirror.com/@sveltejs%2fkit 4ms (cache hit)
31 silly packumentCache full:https://registry.npmmirror.com/@sveltejs%2fkit set size:3888389 disposed:false
32 silly fetch manifest svelte@^3.55.1
33 silly packumentCache full:https://registry.npmmirror.com/svelte cache-miss
34 http cache https://registry.npmmirror.com/svelte 7ms (cache hit)
35 silly packumentCache full:https://registry.npmmirror.com/svelte set size:4259793 disposed:false
36 silly fetch manifest vite@^4.1.5
37 silly packumentCache full:https://registry.npmmirror.com/vite cache-miss
38 http cache https://registry.npmmirror.com/vite 46ms (cache hit)
39 silly packumentCache full:https://registry.npmmirror.com/vite set size:38504945 disposed:false
40 silly fetch manifest @types/node@>= 14
41 silly packumentCache full:https://registry.npmmirror.com/@types%2fnode cache-miss
42 http cache https://registry.npmmirror.com/@types%2fnode 10ms (cache hit)
43 silly packumentCache full:https://registry.npmmirror.com/@types%2fnode set size:9999876 disposed:false
44 silly fetch manifest less@*
45 silly packumentCache full:https://registry.npmmirror.com/less cache-miss
46 http cache https://registry.npmmirror.com/less 3ms (cache hit)
47 silly packumentCache full:https://registry.npmmirror.com/less set size:398393 disposed:false
48 silly fetch manifest lightningcss@^1.21.0
49 silly packumentCache full:https://registry.npmmirror.com/lightningcss cache-miss
50 http cache https://registry.npmmirror.com/lightningcss 2ms (cache hit)
51 silly packumentCache full:https://registry.npmmirror.com/lightningcss set size:178328 disposed:false
52 silly fetch manifest sass@*
53 silly packumentCache full:https://registry.npmmirror.com/sass cache-miss
54 http cache https://registry.npmmirror.com/sass 3ms (cache hit)
55 silly packumentCache full:https://registry.npmmirror.com/sass set size:594249 disposed:false
56 silly fetch manifest stylus@*
57 silly packumentCache full:https://registry.npmmirror.com/stylus cache-miss
58 http cache https://registry.npmmirror.com/stylus 1ms (cache hit)
59 silly packumentCache full:https://registry.npmmirror.com/stylus set size:312391 disposed:false
60 silly fetch manifest sugarss@*
61 silly packumentCache full:https://registry.npmmirror.com/sugarss cache-miss
62 http cache https://registry.npmmirror.com/sugarss 1ms (cache hit)
63 silly packumentCache full:https://registry.npmmirror.com/sugarss set size:38248 disposed:false
64 silly fetch manifest postcss@^8.5.6
65 silly packumentCache full:https://registry.npmmirror.com/postcss cache-miss
66 http cache https://registry.npmmirror.com/postcss 1ms (cache hit)
67 silly packumentCache full:https://registry.npmmirror.com/postcss set size:611725 disposed:false
68 silly fetch manifest terser@^5.4.0
69 silly packumentCache full:https://registry.npmmirror.com/terser cache-miss
70 http cache https://registry.npmmirror.com/terser 2ms (cache hit)
71 silly packumentCache full:https://registry.npmmirror.com/terser set size:679916 disposed:false
72 silly fetch manifest @sveltejs/vite-plugin-svelte@^1.8.8
73 silly packumentCache full:https://registry.npmmirror.com/@sveltejs%2fvite-plugin-svelte cache-miss
74 http cache https://registry.npmmirror.com/@sveltejs%2fvite-plugin-svelte 1ms (cache hit)
75 silly packumentCache full:https://registry.npmmirror.com/@sveltejs%2fvite-plugin-svelte set size:411148 disposed:false
76 silly fetch manifest autoprefixer@^10.4.23
77 silly packumentCache full:https://registry.npmmirror.com/autoprefixer cache-miss
78 http cache https://registry.npmmirror.com/autoprefixer 2ms (cache hit)
79 silly packumentCache full:https://registry.npmmirror.com/autoprefixer set size:1185262 disposed:false
80 silly fetch manifest tailwindcss@^3.4.1
81 silly packumentCache full:https://registry.npmmirror.com/tailwindcss cache-miss
82 http cache https://registry.npmmirror.com/tailwindcss 12ms (cache hit)
83 silly packumentCache full:https://registry.npmmirror.com/tailwindcss set size:10084629 disposed:false
84 silly placeDep ROOT @sveltejs/adapter-vercel@ OK for: renren-sveltekit@0.0.1 want: ^2.27.9
85 silly placeDep ROOT @sveltejs/kit@1.30.4 OK for: renren-sveltekit@0.0.1 want: ^1.16.2
86 silly placeDep ROOT svelte@3.59.2 OK for: @sveltejs/kit@1.30.4 want: ^3.54.0 || ^4.0.0-next.0 || ^5.0.0-next.0
87 silly placeDep ROOT vite@4.5.14 OK for: @sveltejs/kit@1.30.4 want: ^4.0.0
88 silly placeDep ROOT @sveltejs/vite-plugin-svelte@ OK for: renren-sveltekit@0.0.1 want: ^1.8.8
89 silly placeDep ROOT autoprefixer@10.4.23 OK for: renren-sveltekit@0.0.1 want: ^10.4.23
90 silly placeDep ROOT postcss@8.5.6 OK for: autoprefixer@10.4.23 want: ^8.1.0
91 silly placeDep ROOT clsx@2.1.1 OK for: renren-sveltekit@0.0.1 want: ^2.0.0
92 silly placeDep ROOT tailwind-merge@2.6.0 OK for: renren-sveltekit@0.0.1 want: ^2.2.0
93 silly placeDep ROOT tailwindcss@3.4.19 OK for: renren-sveltekit@0.0.1 want: ^3.4.1
94 silly fetch manifest @sveltejs/vite-plugin-svelte@^2.5.0
95 silly packumentCache full:https://registry.npmmirror.com/@sveltejs%2fvite-plugin-svelte cache-hit
96 silly fetch manifest @types/cookie@^0.5.1
97 silly packumentCache full:https://registry.npmmirror.com/@types%2fcookie cache-miss
98 silly fetch manifest cookie@^0.5.0
99 silly packumentCache full:https://registry.npmmirror.com/cookie cache-miss
100 silly fetch manifest devalue@^4.3.1
101 silly packumentCache full:https://registry.npmmirror.com/devalue cache-miss
102 silly fetch manifest esm-env@^1.0.0
103 silly packumentCache full:https://registry.npmmirror.com/esm-env cache-miss
104 silly fetch manifest kleur@^4.1.5
105 silly packumentCache full:https://registry.npmmirror.com/kleur cache-miss
106 silly fetch manifest magic-string@^0.30.0
107 silly packumentCache full:https://registry.npmmirror.com/magic-string cache-miss
108 silly fetch manifest mrmime@^1.0.1
109 silly packumentCache full:https://registry.npmmirror.com/mrmime cache-miss
110 http cache https://registry.npmmirror.com/esm-env 3ms (cache hit)
111 silly packumentCache full:https://registry.npmmirror.com/esm-env set size:20515 disposed:false
112 silly fetch manifest sade@^1.8.1
113 silly packumentCache full:https://registry.npmmirror.com/sade cache-miss
114 http cache https://registry.npmmirror.com/@types%2fcookie 4ms (cache hit)
115 silly packumentCache full:https://registry.npmmirror.com/@types%2fcookie set size:36749 disposed:false
116 silly fetch manifest set-cookie-parser@^2.6.0
117 silly packumentCache full:https://registry.npmmirror.com/set-cookie-parser cache-miss
118 http cache https://registry.npmmirror.com/mrmime 3ms (cache hit)
119 silly packumentCache full:https://registry.npmmirror.com/mrmime set size:16344 disposed:false
120 silly fetch manifest sirv@^2.0.2
121 silly packumentCache full:https://registry.npmmirror.com/sirv cache-miss
122 http cache https://registry.npmmirror.com/magic-string 5ms (cache hit)
123 silly packumentCache full:https://registry.npmmirror.com/magic-string set size:327576 disposed:false
124 silly fetch manifest tiny-glob@^0.2.9
125 silly packumentCache full:https://registry.npmmirror.com/tiny-glob cache-miss
126 http cache https://registry.npmmirror.com/cookie 7ms (cache hit)
127 silly packumentCache full:https://registry.npmmirror.com/cookie set size:70864 disposed:false
128 silly fetch manifest undici@^5.28.3
129 silly packumentCache full:https://registry.npmmirror.com/undici cache-miss
130 http cache https://registry.npmmirror.com/devalue 9ms (cache hit)
131 silly packumentCache full:https://registry.npmmirror.com/devalue set size:90451 disposed:false
132 silly fetch manifest esbuild@^0.18.10
133 silly packumentCache full:https://registry.npmmirror.com/esbuild cache-miss
134 http cache https://registry.npmmirror.com/kleur 9ms (cache hit)
135 silly packumentCache full:https://registry.npmmirror.com/kleur set size:43285 disposed:false
136 silly fetch manifest postcss@^8.4.27
137 silly packumentCache full:https://registry.npmmirror.com/postcss cache-hit
138 silly fetch manifest rollup@^3.27.1
139 silly packumentCache full:https://registry.npmmirror.com/rollup cache-miss
140 http cache https://registry.npmmirror.com/sade 8ms (cache hit)
141 silly packumentCache full:https://registry.npmmirror.com/sade set size:57470 disposed:false
142 silly fetch manifest fsevents@~2.3.2
143 silly packumentCache full:https://registry.npmmirror.com/fsevents cache-miss
144 http cache https://registry.npmmirror.com/undici 5ms (cache hit)
145 silly packumentCache full:https://registry.npmmirror.com/undici set size:1168070 disposed:false
146 silly fetch manifest browserslist@^4.28.1
147 silly packumentCache full:https://registry.npmmirror.com/browserslist cache-miss
148 http cache https://registry.npmmirror.com/esbuild 12ms (cache hit)
149 silly packumentCache full:https://registry.npmmirror.com/esbuild set size:989435 disposed:false
150 silly fetch manifest caniuse-lite@^1.0.30001760
151 silly packumentCache full:https://registry.npmmirror.com/caniuse-lite cache-miss
152 http cache https://registry.npmmirror.com/rollup 20ms (cache hit)
153 silly packumentCache full:https://registry.npmmirror.com/rollup set size:5733350 disposed:false
154 silly fetch manifest fraction.js@^5.3.4
155 silly packumentCache full:https://registry.npmmirror.com/fraction.js cache-miss
156 http cache https://registry.npmmirror.com/sirv 48ms (cache hit)
157 silly packumentCache full:https://registry.npmmirror.com/sirv set size:81293 disposed:false
158 silly fetch manifest picocolors@^1.1.1
159 silly packumentCache full:https://registry.npmmirror.com/picocolors cache-miss
160 http cache https://registry.npmmirror.com/tiny-glob 51ms (cache hit)
161 silly packumentCache full:https://registry.npmmirror.com/tiny-glob set size:29344 disposed:false
162 silly fetch manifest postcss-value-parser@^4.2.0
163 silly packumentCache full:https://registry.npmmirror.com/postcss-value-parser cache-miss
164 http cache https://registry.npmmirror.com/set-cookie-parser 54ms (cache hit)
165 silly packumentCache full:https://registry.npmmirror.com/set-cookie-parser set size:55216 disposed:false
166 silly fetch manifest nanoid@^3.3.11
167 silly packumentCache full:https://registry.npmmirror.com/nanoid cache-miss
168 http cache https://registry.npmmirror.com/picocolors 7ms (cache hit)
169 silly packumentCache full:https://registry.npmmirror.com/picocolors set size:15692 disposed:false
170 silly fetch manifest source-map-js@^1.2.1
171 silly packumentCache full:https://registry.npmmirror.com/source-map-js cache-miss
172 http cache https://registry.npmmirror.com/fsevents 48ms (cache hit)
173 silly packumentCache full:https://registry.npmmirror.com/fsevents set size:122258 disposed:false
174 silly fetch manifest @alloc/quick-lru@^5.2.0
175 silly packumentCache full:https://registry.npmmirror.com/@alloc%2fquick-lru cache-miss
176 http cache https://registry.npmmirror.com/caniuse-lite 40ms (cache hit)
177 silly packumentCache full:https://registry.npmmirror.com/caniuse-lite set size:1931783 disposed:false
178 silly fetch manifest arg@^5.0.2
179 silly packumentCache full:https://registry.npmmirror.com/arg cache-miss
180 http cache https://registry.npmmirror.com/browserslist 49ms (cache hit)
181 silly packumentCache full:https://registry.npmmirror.com/browserslist set size:430109 disposed:false
182 silly fetch manifest chokidar@^3.6.0
183 silly packumentCache full:https://registry.npmmirror.com/chokidar cache-miss
184 http cache https://registry.npmmirror.com/fraction.js 20ms (cache hit)
185 silly packumentCache full:https://registry.npmmirror.com/fraction.js set size:142438 disposed:false
186 silly fetch manifest didyoumean@^1.2.2
187 silly packumentCache full:https://registry.npmmirror.com/didyoumean cache-miss
188 http cache https://registry.npmmirror.com/postcss-value-parser 16ms (cache hit)
189 silly packumentCache full:https://registry.npmmirror.com/postcss-value-parser set size:67405 disposed:false
190 silly fetch manifest dlv@^1.1.3
191 silly packumentCache full:https://registry.npmmirror.com/dlv cache-miss
192 http cache https://registry.npmmirror.com/nanoid 15ms (cache hit)
193 silly packumentCache full:https://registry.npmmirror.com/nanoid set size:235985 disposed:false
194 silly fetch manifest fast-glob@^3.3.2
195 silly packumentCache full:https://registry.npmmirror.com/fast-glob cache-miss
196 http cache https://registry.npmmirror.com/source-map-js 15ms (cache hit)
197 silly packumentCache full:https://registry.npmmirror.com/source-map-js set size:61050 disposed:false
198 silly fetch manifest glob-parent@^6.0.2
199 silly packumentCache full:https://registry.npmmirror.com/glob-parent cache-miss
200 http cache https://registry.npmmirror.com/@alloc%2fquick-lru 15ms (cache hit)
201 silly packumentCache full:https://registry.npmmirror.com/@alloc%2fquick-lru set size:6316 disposed:false
202 silly fetch manifest is-glob@^4.0.3
203 silly packumentCache full:https://registry.npmmirror.com/is-glob cache-miss
204 http cache https://registry.npmmirror.com/arg 8ms (cache hit)
205 silly packumentCache full:https://registry.npmmirror.com/arg set size:72151 disposed:false
206 silly fetch manifest jiti@^1.21.7
207 silly packumentCache full:https://registry.npmmirror.com/jiti cache-miss
208 http cache https://registry.npmmirror.com/chokidar 7ms (cache hit)
209 silly packumentCache full:https://registry.npmmirror.com/chokidar set size:228647 disposed:false
210 silly fetch manifest lilconfig@^3.1.3
211 silly packumentCache full:https://registry.npmmirror.com/lilconfig cache-miss
212 http cache https://registry.npmmirror.com/didyoumean 7ms (cache hit)
213 silly packumentCache full:https://registry.npmmirror.com/didyoumean set size:10415 disposed:false
214 silly fetch manifest micromatch@^4.0.8
215 silly packumentCache full:https://registry.npmmirror.com/micromatch cache-miss
216 http cache https://registry.npmmirror.com/is-glob 5ms (cache hit)
217 silly packumentCache full:https://registry.npmmirror.com/is-glob set size:39478 disposed:false
218 silly fetch manifest normalize-path@^3.0.0
219 silly packumentCache full:https://registry.npmmirror.com/normalize-path cache-miss
220 http cache https://registry.npmmirror.com/dlv 8ms (cache hit)
221 silly packumentCache full:https://registry.npmmirror.com/dlv set size:14677 disposed:false
222 silly fetch manifest object-hash@^3.0.0
223 silly packumentCache full:https://registry.npmmirror.com/object-hash cache-miss
224 http cache https://registry.npmmirror.com/fast-glob 7ms (cache hit)
225 silly packumentCache full:https://registry.npmmirror.com/fast-glob set size:194914 disposed:false
226 silly fetch manifest postcss-import@^15.1.0
227 silly packumentCache full:https://registry.npmmirror.com/postcss-import cache-miss
228 http cache https://registry.npmmirror.com/glob-parent 7ms (cache hit)
229 silly packumentCache full:https://registry.npmmirror.com/glob-parent set size:34765 disposed:false
230 silly fetch manifest postcss-js@^4.0.1
231 silly packumentCache full:https://registry.npmmirror.com/postcss-js cache-miss
232 http cache https://registry.npmmirror.com/lilconfig 6ms (cache hit)
233 silly packumentCache full:https://registry.npmmirror.com/lilconfig set size:37564 disposed:false
234 silly fetch manifest postcss-load-config@^4.0.2 || ^5.0 || ^6.0
235 silly packumentCache full:https://registry.npmmirror.com/postcss-load-config cache-miss
236 http cache https://registry.npmmirror.com/jiti 8ms (cache hit)
237 silly packumentCache full:https://registry.npmmirror.com/jiti set size:343421 disposed:false
238 silly fetch manifest postcss-nested@^6.2.0
239 silly packumentCache full:https://registry.npmmirror.com/postcss-nested cache-miss
240 http cache https://registry.npmmirror.com/micromatch 9ms (cache hit)
241 silly packumentCache full:https://registry.npmmirror.com/micromatch set size:240427 disposed:false
242 silly fetch manifest postcss-selector-parser@^6.1.2
243 silly packumentCache full:https://registry.npmmirror.com/postcss-selector-parser cache-miss
244 http cache https://registry.npmmirror.com/postcss-js 8ms (cache hit)
245 silly packumentCache full:https://registry.npmmirror.com/postcss-js set size:42166 disposed:false
246 silly fetch manifest resolve@^1.22.8
247 silly packumentCache full:https://registry.npmmirror.com/resolve cache-miss
248 http cache https://registry.npmmirror.com/object-hash 10ms (cache hit)
249 silly packumentCache full:https://registry.npmmirror.com/object-hash set size:92882 disposed:false
250 silly fetch manifest sucrase@^3.35.0
251 silly packumentCache full:https://registry.npmmirror.com/sucrase cache-miss
252 http cache https://registry.npmmirror.com/normalize-path 11ms (cache hit)
253 silly packumentCache full:https://registry.npmmirror.com/normalize-path set size:28480 disposed:false
254 http cache https://registry.npmmirror.com/postcss-load-config 9ms (cache hit)
255 silly packumentCache full:https://registry.npmmirror.com/postcss-load-config set size:80198 disposed:false
256 http cache https://registry.npmmirror.com/postcss-nested 7ms (cache hit)
257 silly packumentCache full:https://registry.npmmirror.com/postcss-nested set size:64899 disposed:false
258 http cache https://registry.npmmirror.com/postcss-import 11ms (cache hit)
259 silly packumentCache full:https://registry.npmmirror.com/postcss-import set size:114244 disposed:false
260 http cache https://registry.npmmirror.com/sucrase 4ms (cache hit)
261 silly packumentCache full:https://registry.npmmirror.com/sucrase set size:412170 disposed:false
262 http cache https://registry.npmmirror.com/postcss-selector-parser 7ms (cache hit)
263 silly packumentCache full:https://registry.npmmirror.com/postcss-selector-parser set size:162368 disposed:false
264 http cache https://registry.npmmirror.com/resolve 7ms (cache hit)
265 silly packumentCache full:https://registry.npmmirror.com/resolve set size:219321 disposed:false
266 silly placeDep ROOT @types/cookie@0.5.4 OK for: @sveltejs/kit@1.30.4 want: ^0.5.1
267 silly placeDep ROOT cookie@0.5.0 OK for: @sveltejs/kit@1.30.4 want: ^0.5.0
268 silly placeDep ROOT devalue@4.3.3 OK for: @sveltejs/kit@1.30.4 want: ^4.3.1
269 silly placeDep ROOT esm-env@1.2.2 OK for: @sveltejs/kit@1.30.4 want: ^1.0.0
270 silly placeDep ROOT kleur@4.1.5 OK for: @sveltejs/kit@1.30.4 want: ^4.1.5
271 silly placeDep ROOT magic-string@0.30.21 OK for: @sveltejs/kit@1.30.4 want: ^0.30.0
272 silly placeDep ROOT mrmime@1.0.1 OK for: @sveltejs/kit@1.30.4 want: ^1.0.1
273 silly placeDep ROOT sade@1.8.1 OK for: @sveltejs/kit@1.30.4 want: ^1.8.1
274 silly placeDep ROOT set-cookie-parser@2.7.2 OK for: @sveltejs/kit@1.30.4 want: ^2.6.0
275 silly placeDep ROOT sirv@2.0.4 OK for: @sveltejs/kit@1.30.4 want: ^2.0.2
276 silly placeDep ROOT tiny-glob@0.2.9 OK for: @sveltejs/kit@1.30.4 want: ^0.2.9
277 silly placeDep ROOT undici@5.29.0 OK for: @sveltejs/kit@1.30.4 want: ^5.28.3
278 silly fetch manifest @jridgewell/sourcemap-codec@^1.5.5
279 silly packumentCache full:https://registry.npmmirror.com/@jridgewell%2fsourcemap-codec cache-miss
280 silly fetch manifest mri@^1.1.0
281 silly packumentCache full:https://registry.npmmirror.com/mri cache-miss
282 silly fetch manifest @polka/url@^1.0.0-next.24
283 silly packumentCache full:https://registry.npmmirror.com/@polka%2furl cache-miss
284 silly fetch manifest mrmime@^2.0.0
285 silly packumentCache full:https://registry.npmmirror.com/mrmime cache-hit
286 silly fetch manifest totalist@^3.0.0
287 silly packumentCache full:https://registry.npmmirror.com/totalist cache-miss
288 silly fetch manifest globalyzer@0.1.0
289 silly packumentCache full:https://registry.npmmirror.com/globalyzer cache-miss
290 silly fetch manifest globrex@^0.1.2
291 silly packumentCache full:https://registry.npmmirror.com/globrex cache-miss
292 silly fetch manifest @fastify/busboy@^2.0.0
293 silly packumentCache full:https://registry.npmmirror.com/@fastify%2fbusboy cache-miss
294 http cache https://registry.npmmirror.com/globalyzer 6ms (cache hit)
295 silly packumentCache full:https://registry.npmmirror.com/globalyzer set size:4787 disposed:false
296 http cache https://registry.npmmirror.com/@fastify%2fbusboy 6ms (cache hit)
297 silly packumentCache full:https://registry.npmmirror.com/@fastify%2fbusboy set size:63568 disposed:false
298 http cache https://registry.npmmirror.com/@jridgewell%2fsourcemap-codec 7ms (cache hit)
299 silly packumentCache full:https://registry.npmmirror.com/@jridgewell%2fsourcemap-codec set size:60175 disposed:false
300 http cache https://registry.npmmirror.com/globrex 7ms (cache hit)
301 silly packumentCache full:https://registry.npmmirror.com/globrex set size:15163 disposed:false
302 http cache https://registry.npmmirror.com/totalist 8ms (cache hit)
303 silly packumentCache full:https://registry.npmmirror.com/totalist set size:17388 disposed:false
304 http cache https://registry.npmmirror.com/mri 8ms (cache hit)
305 silly packumentCache full:https://registry.npmmirror.com/mri set size:21231 disposed:false
306 http cache https://registry.npmmirror.com/@polka%2furl 8ms (cache hit)
307 silly packumentCache full:https://registry.npmmirror.com/@polka%2furl set size:33668 disposed:false
308 silly placeDep ROOT browserslist@4.28.1 OK for: autoprefixer@10.4.23 want: ^4.28.1
309 silly placeDep ROOT caniuse-lite@1.0.30001763 OK for: autoprefixer@10.4.23 want: ^1.0.30001760
310 silly placeDep ROOT fraction.js@5.3.4 OK for: autoprefixer@10.4.23 want: ^5.3.4
311 silly placeDep ROOT picocolors@1.1.1 OK for: autoprefixer@10.4.23 want: ^1.1.1
312 silly placeDep ROOT postcss-value-parser@4.2.0 OK for: autoprefixer@10.4.23 want: ^4.2.0
313 silly fetch manifest baseline-browser-mapping@^2.9.0
314 silly packumentCache full:https://registry.npmmirror.com/baseline-browser-mapping cache-miss
315 silly fetch manifest caniuse-lite@^1.0.30001759
316 silly packumentCache full:https://registry.npmmirror.com/caniuse-lite cache-miss
317 silly fetch manifest electron-to-chromium@^1.5.263
318 silly packumentCache full:https://registry.npmmirror.com/electron-to-chromium cache-miss
319 silly fetch manifest node-releases@^2.0.27
320 silly packumentCache full:https://registry.npmmirror.com/node-releases cache-miss
321 silly fetch manifest update-browserslist-db@^1.2.0
322 silly packumentCache full:https://registry.npmmirror.com/update-browserslist-db cache-miss
323 http cache https://registry.npmmirror.com/caniuse-lite 3ms (cache hit)
324 silly packumentCache full:https://registry.npmmirror.com/caniuse-lite set size:1931783 disposed:false
325 http cache https://registry.npmmirror.com/baseline-browser-mapping 8ms (cache hit)
326 silly packumentCache full:https://registry.npmmirror.com/baseline-browser-mapping set size:381640 disposed:false
327 http cache https://registry.npmmirror.com/update-browserslist-db 9ms (cache hit)
328 silly packumentCache full:https://registry.npmmirror.com/update-browserslist-db set size:64681 disposed:false
329 http cache https://registry.npmmirror.com/node-releases 10ms (cache hit)
330 silly packumentCache full:https://registry.npmmirror.com/node-releases set size:184399 disposed:false
331 http cache https://registry.npmmirror.com/electron-to-chromium 13ms (cache hit)
332 silly packumentCache full:https://registry.npmmirror.com/electron-to-chromium set size:4036340 disposed:false
333 silly fetch manifest browserslist@>= 4.21.0
334 silly packumentCache full:https://registry.npmmirror.com/browserslist cache-hit
335 silly placeDep ROOT baseline-browser-mapping@2.9.14 OK for: browserslist@4.28.1 want: ^2.9.0
336 silly placeDep ROOT electron-to-chromium@1.5.267 OK for: browserslist@4.28.1 want: ^1.5.263
337 silly placeDep ROOT node-releases@2.0.27 OK for: browserslist@4.28.1 want: ^2.0.27
338 silly placeDep ROOT update-browserslist-db@1.2.3 OK for: browserslist@4.28.1 want: ^1.2.0
339 silly fetch manifest escalade@^3.2.0
340 silly packumentCache full:https://registry.npmmirror.com/escalade cache-miss
341 http cache https://registry.npmmirror.com/escalade 2ms (cache hit)
342 silly packumentCache full:https://registry.npmmirror.com/escalade set size:26187 disposed:false
343 silly placeDep ROOT @jridgewell/sourcemap-codec@1.5.5 OK for: magic-string@0.30.21 want: ^1.5.5
344 silly placeDep ROOT nanoid@3.3.11 OK for: postcss@8.5.6 want: ^3.3.11
345 silly placeDep ROOT source-map-js@1.2.1 OK for: postcss@8.5.6 want: ^1.2.1
346 silly placeDep ROOT mri@1.2.0 OK for: sade@1.8.1 want: ^1.1.0
347 silly placeDep ROOT @polka/url@1.0.0-next.29 OK for: sirv@2.0.4 want: ^1.0.0-next.24
348 silly placeDep node_modules/sirv mrmime@2.0.1 OK for: sirv@2.0.4 want: ^2.0.0
349 silly placeDep ROOT totalist@3.0.1 OK for: sirv@2.0.4 want: ^3.0.0
350 silly fetch manifest postcss@^8.4.47
351 silly packumentCache full:https://registry.npmmirror.com/postcss cache-hit
352 silly fetch manifest tsx@^4.8.1
353 silly packumentCache full:https://registry.npmmirror.com/tsx cache-miss
354 http cache https://registry.npmmirror.com/tsx 1ms (cache hit)
355 silly packumentCache full:https://registry.npmmirror.com/tsx set size:303047 disposed:false
356 silly fetch manifest yaml@^2.4.2
357 silly packumentCache full:https://registry.npmmirror.com/yaml cache-miss
358 http cache https://registry.npmmirror.com/yaml 1ms (cache hit)
359 silly packumentCache full:https://registry.npmmirror.com/yaml set size:322469 disposed:false
360 silly placeDep ROOT @alloc/quick-lru@5.2.0 OK for: tailwindcss@3.4.19 want: ^5.2.0
361 silly placeDep ROOT arg@5.0.2 OK for: tailwindcss@3.4.19 want: ^5.0.2
362 silly placeDep ROOT chokidar@3.6.0 OK for: tailwindcss@3.4.19 want: ^3.6.0
363 silly placeDep ROOT didyoumean@1.2.2 OK for: tailwindcss@3.4.19 want: ^1.2.2
364 silly placeDep ROOT dlv@1.1.3 OK for: tailwindcss@3.4.19 want: ^1.1.3
365 silly placeDep ROOT fast-glob@3.3.3 OK for: tailwindcss@3.4.19 want: ^3.3.2
366 silly placeDep ROOT glob-parent@6.0.2 OK for: tailwindcss@3.4.19 want: ^6.0.2
367 silly placeDep ROOT is-glob@4.0.3 OK for: tailwindcss@3.4.19 want: ^4.0.3
368 silly placeDep ROOT jiti@1.21.7 OK for: tailwindcss@3.4.19 want: ^1.21.7
369 silly placeDep ROOT lilconfig@3.1.3 OK for: tailwindcss@3.4.19 want: ^3.1.3
370 silly placeDep ROOT micromatch@4.0.8 OK for: tailwindcss@3.4.19 want: ^4.0.8
371 silly placeDep ROOT normalize-path@3.0.0 OK for: tailwindcss@3.4.19 want: ^3.0.0
372 silly placeDep ROOT object-hash@3.0.0 OK for: tailwindcss@3.4.19 want: ^3.0.0
373 silly placeDep ROOT postcss-import@15.1.0 OK for: tailwindcss@3.4.19 want: ^15.1.0
374 silly placeDep ROOT postcss-js@4.1.0 OK for: tailwindcss@3.4.19 want: ^4.0.1
375 silly placeDep ROOT postcss-load-config@6.0.1 OK for: tailwindcss@3.4.19 want: ^4.0.2 || ^5.0 || ^6.0
376 silly placeDep ROOT postcss-nested@6.2.0 OK for: tailwindcss@3.4.19 want: ^6.2.0
377 silly placeDep ROOT postcss-selector-parser@6.1.2 OK for: tailwindcss@3.4.19 want: ^6.1.2
378 silly placeDep ROOT resolve@1.22.11 OK for: tailwindcss@3.4.19 want: ^1.22.8
379 silly placeDep ROOT sucrase@3.35.1 OK for: tailwindcss@3.4.19 want: ^3.35.0
380 silly fetch manifest anymatch@~3.1.2
381 silly packumentCache full:https://registry.npmmirror.com/anymatch cache-miss
382 silly fetch manifest braces@~3.0.2
383 silly packumentCache full:https://registry.npmmirror.com/braces cache-miss
384 silly fetch manifest glob-parent@~5.1.2
385 silly packumentCache full:https://registry.npmmirror.com/glob-parent cache-hit
386 silly fetch manifest is-binary-path@~2.1.0
387 silly packumentCache full:https://registry.npmmirror.com/is-binary-path cache-miss
388 silly fetch manifest is-glob@~4.0.1
389 silly packumentCache full:https://registry.npmmirror.com/is-glob cache-hit
390 silly fetch manifest normalize-path@~3.0.0
391 silly packumentCache full:https://registry.npmmirror.com/normalize-path cache-hit
392 silly fetch manifest readdirp@~3.6.0
393 silly packumentCache full:https://registry.npmmirror.com/readdirp cache-miss
394 silly fetch manifest @nodelib/fs.stat@^2.0.2
395 silly packumentCache full:https://registry.npmmirror.com/@nodelib%2ffs.stat cache-miss
396 silly fetch manifest @nodelib/fs.walk@^1.2.3
397 silly packumentCache full:https://registry.npmmirror.com/@nodelib%2ffs.walk cache-miss
398 silly fetch manifest glob-parent@^5.1.2
399 silly packumentCache full:https://registry.npmmirror.com/glob-parent cache-hit
400 silly fetch manifest merge2@^1.3.0
401 silly packumentCache full:https://registry.npmmirror.com/merge2 cache-miss
402 http cache https://registry.npmmirror.com/is-binary-path 4ms (cache hit)
403 silly packumentCache full:https://registry.npmmirror.com/is-binary-path set size:11426 disposed:false
404 silly fetch manifest is-extglob@^2.1.1
405 silly packumentCache full:https://registry.npmmirror.com/is-extglob cache-miss
406 http cache https://registry.npmmirror.com/braces 4ms (cache hit)
407 silly packumentCache full:https://registry.npmmirror.com/braces set size:112898 disposed:false
408 silly fetch manifest braces@^3.0.3
409 silly packumentCache full:https://registry.npmmirror.com/braces cache-hit
410 silly fetch manifest picomatch@^2.3.1
411 silly packumentCache full:https://registry.npmmirror.com/picomatch cache-miss
412 http cache https://registry.npmmirror.com/@nodelib%2ffs.walk 5ms (cache hit)
413 silly packumentCache full:https://registry.npmmirror.com/@nodelib%2ffs.walk set size:35867 disposed:false
414 silly fetch manifest read-cache@^1.0.0
415 silly packumentCache full:https://registry.npmmirror.com/read-cache cache-miss
416 http cache https://registry.npmmirror.com/readdirp 5ms (cache hit)
417 silly packumentCache full:https://registry.npmmirror.com/readdirp set size:95428 disposed:false
418 silly fetch manifest resolve@^1.1.7
419 silly packumentCache full:https://registry.npmmirror.com/resolve cache-hit
420 silly fetch manifest camelcase-css@^2.0.1
421 silly packumentCache full:https://registry.npmmirror.com/camelcase-css cache-miss
422 http cache https://registry.npmmirror.com/merge2 5ms (cache hit)
423 silly packumentCache full:https://registry.npmmirror.com/merge2 set size:40023 disposed:false
424 silly fetch manifest postcss-selector-parser@^6.1.1
425 silly packumentCache full:https://registry.npmmirror.com/postcss-selector-parser cache-hit
426 silly fetch manifest cssesc@^3.0.0
427 silly packumentCache full:https://registry.npmmirror.com/cssesc cache-miss
428 http cache https://registry.npmmirror.com/anymatch 7ms (cache hit)
429 silly packumentCache full:https://registry.npmmirror.com/anymatch set size:37760 disposed:false
430 silly fetch manifest util-deprecate@^1.0.2
431 silly packumentCache full:https://registry.npmmirror.com/util-deprecate cache-miss
432 http cache https://registry.npmmirror.com/@nodelib%2ffs.stat 7ms (cache hit)
433 silly packumentCache full:https://registry.npmmirror.com/@nodelib%2ffs.stat set size:28111 disposed:false
434 silly fetch manifest is-core-module@^2.16.1
435 silly packumentCache full:https://registry.npmmirror.com/is-core-module cache-miss
436 http cache https://registry.npmmirror.com/is-extglob 5ms (cache hit)
437 silly packumentCache full:https://registry.npmmirror.com/is-extglob set size:11880 disposed:false
438 silly fetch manifest path-parse@^1.0.7
439 silly packumentCache full:https://registry.npmmirror.com/path-parse cache-miss
440 http cache https://registry.npmmirror.com/cssesc 3ms (cache hit)
441 silly packumentCache full:https://registry.npmmirror.com/cssesc set size:16783 disposed:false
442 silly fetch manifest supports-preserve-symlinks-flag@^1.0.0
443 silly packumentCache full:https://registry.npmmirror.com/supports-preserve-symlinks-flag cache-miss
444 http cache https://registry.npmmirror.com/read-cache 5ms (cache hit)
445 silly packumentCache full:https://registry.npmmirror.com/read-cache set size:3033 disposed:false
446 silly fetch manifest @jridgewell/gen-mapping@^0.3.2
447 silly packumentCache full:https://registry.npmmirror.com/@jridgewell%2fgen-mapping cache-miss
448 http cache https://registry.npmmirror.com/util-deprecate 4ms (cache hit)
449 silly packumentCache full:https://registry.npmmirror.com/util-deprecate set size:6659 disposed:false
450 silly fetch manifest commander@^4.0.0
451 silly packumentCache full:https://registry.npmmirror.com/commander cache-miss
452 http cache https://registry.npmmirror.com/is-core-module 3ms (cache hit)
453 silly packumentCache full:https://registry.npmmirror.com/is-core-module set size:66005 disposed:false
454 silly fetch manifest lines-and-columns@^1.1.6
455 silly packumentCache full:https://registry.npmmirror.com/lines-and-columns cache-miss
456 http cache https://registry.npmmirror.com/camelcase-css 5ms (cache hit)
457 silly packumentCache full:https://registry.npmmirror.com/camelcase-css set size:8356 disposed:false
458 silly fetch manifest mz@^2.7.0
459 silly packumentCache full:https://registry.npmmirror.com/mz cache-miss
460 http cache https://registry.npmmirror.com/picomatch 7ms (cache hit)
461 silly packumentCache full:https://registry.npmmirror.com/picomatch set size:99804 disposed:false
462 silly fetch manifest pirates@^4.0.1
463 silly packumentCache full:https://registry.npmmirror.com/pirates cache-miss
464 http cache https://registry.npmmirror.com/supports-preserve-symlinks-flag 4ms (cache hit)
465 silly packumentCache full:https://registry.npmmirror.com/supports-preserve-symlinks-flag set size:6704 disposed:false
466 silly fetch manifest tinyglobby@^0.2.11
467 silly packumentCache full:https://registry.npmmirror.com/tinyglobby cache-miss
468 http cache https://registry.npmmirror.com/@jridgewell%2fgen-mapping 4ms (cache hit)
469 silly packumentCache full:https://registry.npmmirror.com/@jridgewell%2fgen-mapping set size:83227 disposed:false
470 silly fetch manifest ts-interface-checker@^0.1.9
471 silly packumentCache full:https://registry.npmmirror.com/ts-interface-checker cache-miss
472 http cache https://registry.npmmirror.com/path-parse 5ms (cache hit)
473 silly packumentCache full:https://registry.npmmirror.com/path-parse set size:12468 disposed:false
474 http cache https://registry.npmmirror.com/commander 4ms (cache hit)
475 silly packumentCache full:https://registry.npmmirror.com/commander set size:285008 disposed:false
476 http cache https://registry.npmmirror.com/mz 5ms (cache hit)
477 silly packumentCache full:https://registry.npmmirror.com/mz set size:40893 disposed:false
478 http cache https://registry.npmmirror.com/lines-and-columns 7ms (cache hit)
479 silly packumentCache full:https://registry.npmmirror.com/lines-and-columns set size:70564 disposed:false
480 http cache https://registry.npmmirror.com/pirates 6ms (cache hit)
481 silly packumentCache full:https://registry.npmmirror.com/pirates set size:50016 disposed:false
482 http cache https://registry.npmmirror.com/ts-interface-checker 5ms (cache hit)
483 silly packumentCache full:https://registry.npmmirror.com/ts-interface-checker set size:46076 disposed:false
484 http cache https://registry.npmmirror.com/tinyglobby 6ms (cache hit)
485 silly packumentCache full:https://registry.npmmirror.com/tinyglobby set size:52303 disposed:false
486 silly placeDep ROOT anymatch@3.1.3 OK for: chokidar@3.6.0 want: ~3.1.2
487 silly placeDep ROOT braces@3.0.3 OK for: chokidar@3.6.0 want: ~3.0.2
488 silly placeDep ROOT fsevents@2.3.3 OK for: chokidar@3.6.0 want: ~2.3.2
489 silly placeDep node_modules/chokidar glob-parent@5.1.2 OK for: chokidar@3.6.0 want: ~5.1.2
490 silly placeDep ROOT is-binary-path@2.1.0 OK for: chokidar@3.6.0 want: ~2.1.0
491 silly placeDep ROOT readdirp@3.6.0 OK for: chokidar@3.6.0 want: ~3.6.0
492 silly fetch manifest picomatch@^2.0.4
493 silly packumentCache full:https://registry.npmmirror.com/picomatch cache-hit
494 silly fetch manifest fill-range@^7.1.1
495 silly packumentCache full:https://registry.npmmirror.com/fill-range cache-miss
496 silly fetch manifest binary-extensions@^2.0.0
497 silly packumentCache full:https://registry.npmmirror.com/binary-extensions cache-miss
498 silly fetch manifest picomatch@^2.2.1
499 silly packumentCache full:https://registry.npmmirror.com/picomatch cache-hit
500 http cache https://registry.npmmirror.com/fill-range 3ms (cache hit)
501 silly packumentCache full:https://registry.npmmirror.com/fill-range set size:79685 disposed:false
502 http cache https://registry.npmmirror.com/binary-extensions 3ms (cache hit)
503 silly packumentCache full:https://registry.npmmirror.com/binary-extensions set size:43165 disposed:false
504 silly placeDep ROOT picomatch@2.3.1 OK for: anymatch@3.1.3 want: ^2.0.4
505 silly placeDep ROOT fill-range@7.1.1 OK for: braces@3.0.3 want: ^7.1.1
506 silly fetch manifest to-regex-range@^5.0.1
507 silly packumentCache full:https://registry.npmmirror.com/to-regex-range cache-miss
508 http cache https://registry.npmmirror.com/to-regex-range 1ms (cache hit)
509 silly packumentCache full:https://registry.npmmirror.com/to-regex-range set size:55700 disposed:false
510 silly placeDep ROOT @nodelib/fs.stat@2.0.5 OK for: fast-glob@3.3.3 want: ^2.0.2
511 silly placeDep ROOT @nodelib/fs.walk@1.2.8 OK for: fast-glob@3.3.3 want: ^1.2.3
512 silly placeDep node_modules/fast-glob glob-parent@5.1.2 OK for: fast-glob@3.3.3 want: ^5.1.2
513 silly placeDep ROOT merge2@1.4.1 OK for: fast-glob@3.3.3 want: ^1.3.0
514 silly fetch manifest @nodelib/fs.scandir@2.1.5
515 silly packumentCache full:https://registry.npmmirror.com/@nodelib%2ffs.scandir cache-miss
516 silly fetch manifest fastq@^1.6.0
517 silly packumentCache full:https://registry.npmmirror.com/fastq cache-miss
518 http cache https://registry.npmmirror.com/@nodelib%2ffs.scandir 1ms (cache hit)
519 silly packumentCache full:https://registry.npmmirror.com/@nodelib%2ffs.scandir set size:38674 disposed:false
520 http cache https://registry.npmmirror.com/fastq 1ms (cache hit)
521 silly packumentCache full:https://registry.npmmirror.com/fastq set size:68593 disposed:false
522 silly placeDep ROOT @nodelib/fs.scandir@2.1.5 OK for: @nodelib/fs.walk@1.2.8 want: 2.1.5
523 silly placeDep ROOT fastq@1.20.1 OK for: @nodelib/fs.walk@1.2.8 want: ^1.6.0
524 silly fetch manifest run-parallel@^1.1.9
525 silly packumentCache full:https://registry.npmmirror.com/run-parallel cache-miss
526 silly fetch manifest reusify@^1.0.4
527 silly packumentCache full:https://registry.npmmirror.com/reusify cache-miss
528 http cache https://registry.npmmirror.com/run-parallel 1ms (cache hit)
529 silly packumentCache full:https://registry.npmmirror.com/run-parallel set size:31746 disposed:false
530 http cache https://registry.npmmirror.com/reusify 1ms (cache hit)
531 silly packumentCache full:https://registry.npmmirror.com/reusify set size:14270 disposed:false
532 silly placeDep ROOT run-parallel@1.2.0 OK for: @nodelib/fs.scandir@2.1.5 want: ^1.1.9
533 silly fetch manifest queue-microtask@^1.2.2
534 silly packumentCache full:https://registry.npmmirror.com/queue-microtask cache-miss
535 http cache https://registry.npmmirror.com/queue-microtask 1ms (cache hit)
536 silly packumentCache full:https://registry.npmmirror.com/queue-microtask set size:25336 disposed:false
537 silly placeDep ROOT reusify@1.1.0 OK for: fastq@1.20.1 want: ^1.0.4
538 silly placeDep ROOT to-regex-range@5.0.1 OK for: fill-range@7.1.1 want: ^5.0.1
539 silly fetch manifest is-number@^7.0.0
540 silly packumentCache full:https://registry.npmmirror.com/is-number cache-miss
541 http cache https://registry.npmmirror.com/is-number 0ms (cache hit)
542 silly packumentCache full:https://registry.npmmirror.com/is-number set size:35937 disposed:false
543 silly placeDep ROOT binary-extensions@2.3.0 OK for: is-binary-path@2.1.0 want: ^2.0.0
544 silly placeDep ROOT is-extglob@2.1.1 OK for: is-glob@4.0.3 want: ^2.1.1
545 silly placeDep ROOT read-cache@1.0.0 OK for: postcss-import@15.1.0 want: ^1.0.0
546 silly fetch manifest pify@^2.3.0
547 silly packumentCache full:https://registry.npmmirror.com/pify cache-miss
548 http cache https://registry.npmmirror.com/pify 0ms (cache hit)
549 silly packumentCache full:https://registry.npmmirror.com/pify set size:29706 disposed:false
550 silly placeDep ROOT camelcase-css@2.0.1 OK for: postcss-js@4.1.0 want: ^2.0.1
551 silly placeDep ROOT cssesc@3.0.0 OK for: postcss-selector-parser@6.1.2 want: ^3.0.0
552 silly placeDep ROOT util-deprecate@1.0.2 OK for: postcss-selector-parser@6.1.2 want: ^1.0.2
553 silly placeDep ROOT pify@2.3.0 OK for: read-cache@1.0.0 want: ^2.3.0
554 silly placeDep ROOT is-core-module@2.16.1 OK for: resolve@1.22.11 want: ^2.16.1
555 silly placeDep ROOT path-parse@1.0.7 OK for: resolve@1.22.11 want: ^1.0.7
556 silly placeDep ROOT supports-preserve-symlinks-flag@1.0.0 OK for: resolve@1.22.11 want: ^1.0.0
557 silly fetch manifest hasown@^2.0.2
558 silly packumentCache full:https://registry.npmmirror.com/hasown cache-miss
559 http cache https://registry.npmmirror.com/hasown 1ms (cache hit)
560 silly packumentCache full:https://registry.npmmirror.com/hasown set size:12847 disposed:false
561 silly placeDep ROOT hasown@2.0.2 OK for: is-core-module@2.16.1 want: ^2.0.2
562 silly fetch manifest function-bind@^1.1.2
563 silly packumentCache full:https://registry.npmmirror.com/function-bind cache-miss
564 http cache https://registry.npmmirror.com/function-bind 0ms (cache hit)
565 silly packumentCache full:https://registry.npmmirror.com/function-bind set size:15630 disposed:false
566 silly placeDep ROOT function-bind@1.1.2 OK for: hasown@2.0.2 want: ^1.1.2
567 silly placeDep ROOT queue-microtask@1.2.3 OK for: run-parallel@1.2.0 want: ^1.2.2
568 silly placeDep ROOT @jridgewell/gen-mapping@0.3.13 OK for: sucrase@3.35.1 want: ^0.3.2
569 silly placeDep ROOT commander@4.1.1 OK for: sucrase@3.35.1 want: ^4.0.0
570 silly placeDep ROOT lines-and-columns@1.2.4 OK for: sucrase@3.35.1 want: ^1.1.6
571 silly placeDep ROOT mz@2.7.0 OK for: sucrase@3.35.1 want: ^2.7.0
572 silly placeDep ROOT pirates@4.0.7 OK for: sucrase@3.35.1 want: ^4.0.1
573 silly placeDep ROOT tinyglobby@0.2.15 OK for: sucrase@3.35.1 want: ^0.2.11
574 silly placeDep ROOT ts-interface-checker@0.1.13 OK for: sucrase@3.35.1 want: ^0.1.9
575 silly fetch manifest @jridgewell/trace-mapping@^0.3.24
576 silly packumentCache full:https://registry.npmmirror.com/@jridgewell%2ftrace-mapping cache-miss
577 silly fetch manifest any-promise@^1.0.0
578 silly packumentCache full:https://registry.npmmirror.com/any-promise cache-miss
579 silly fetch manifest object-assign@^4.0.1
580 silly packumentCache full:https://registry.npmmirror.com/object-assign cache-miss
581 silly fetch manifest thenify-all@^1.0.0
582 silly packumentCache full:https://registry.npmmirror.com/thenify-all cache-miss
583 silly fetch manifest fdir@^6.5.0
584 silly packumentCache full:https://registry.npmmirror.com/fdir cache-miss
585 silly fetch manifest picomatch@^4.0.3
586 silly packumentCache full:https://registry.npmmirror.com/picomatch cache-hit
587 http cache https://registry.npmmirror.com/@jridgewell%2ftrace-mapping 1ms (cache hit)
588 silly packumentCache full:https://registry.npmmirror.com/@jridgewell%2ftrace-mapping set size:171781 disposed:false
589 http cache https://registry.npmmirror.com/any-promise 3ms (cache hit)
590 silly packumentCache full:https://registry.npmmirror.com/any-promise set size:20149 disposed:false
591 http cache https://registry.npmmirror.com/object-assign 3ms (cache hit)
592 silly packumentCache full:https://registry.npmmirror.com/object-assign set size:27397 disposed:false
593 http cache https://registry.npmmirror.com/thenify-all 4ms (cache hit)
594 silly packumentCache full:https://registry.npmmirror.com/thenify-all set size:18394 disposed:false
595 http cache https://registry.npmmirror.com/fdir 4ms (cache hit)
596 silly packumentCache full:https://registry.npmmirror.com/fdir set size:111746 disposed:false
597 silly placeDep ROOT @jridgewell/trace-mapping@0.3.31 OK for: @jridgewell/gen-mapping@0.3.13 want: ^0.3.24
598 silly fetch manifest @jridgewell/resolve-uri@^3.1.0
599 silly packumentCache full:https://registry.npmmirror.com/@jridgewell%2fresolve-uri cache-miss
600 http cache https://registry.npmmirror.com/@jridgewell%2fresolve-uri 1ms (cache hit)
601 silly packumentCache full:https://registry.npmmirror.com/@jridgewell%2fresolve-uri set size:54227 disposed:false
602 silly placeDep ROOT @jridgewell/resolve-uri@3.1.2 OK for: @jridgewell/trace-mapping@0.3.31 want: ^3.1.0
603 silly placeDep ROOT any-promise@1.3.0 OK for: mz@2.7.0 want: ^1.0.0
604 silly placeDep ROOT object-assign@4.1.1 OK for: mz@2.7.0 want: ^4.0.1
605 silly placeDep ROOT thenify-all@1.6.0 OK for: mz@2.7.0 want: ^1.0.0
606 silly fetch manifest thenify@>= 3.1.0 < 4
607 silly packumentCache full:https://registry.npmmirror.com/thenify cache-miss
608 http cache https://registry.npmmirror.com/thenify 1ms (cache hit)
609 silly packumentCache full:https://registry.npmmirror.com/thenify set size:20162 disposed:false
610 silly placeDep ROOT thenify@3.3.1 OK for: thenify-all@1.6.0 want: >= 3.1.0 < 4
611 silly placeDep ROOT globalyzer@0.1.0 OK for: tiny-glob@0.2.9 want: 0.1.0
612 silly placeDep ROOT globrex@0.1.2 OK for: tiny-glob@0.2.9 want: ^0.1.2
613 silly placeDep node_modules/tinyglobby fdir@6.5.0 OK for: tinyglobby@0.2.15 want: ^6.5.0
614 silly placeDep node_modules/tinyglobby picomatch@4.0.3 OK for: fdir@6.5.0 want: ^3 || ^4
615 silly placeDep ROOT is-number@7.0.0 OK for: to-regex-range@5.0.1 want: ^7.0.0
616 silly placeDep ROOT @fastify/busboy@2.1.1 OK for: undici@5.29.0 want: ^2.0.0
617 silly placeDep ROOT escalade@3.2.0 OK for: update-browserslist-db@1.2.3 want: ^3.2.0
618 silly placeDep ROOT esbuild@0.18.20 OK for: vite@4.5.14 want: ^0.18.10
619 silly placeDep ROOT rollup@3.29.5 OK for: vite@4.5.14 want: ^3.27.1
620 silly fetch manifest @esbuild/android-arm@0.18.20
621 silly packumentCache full:https://registry.npmmirror.com/@esbuild%2fandroid-arm cache-miss
622 silly fetch manifest @esbuild/android-arm64@0.18.20
623 silly packumentCache full:https://registry.npmmirror.com/@esbuild%2fandroid-arm64 cache-miss
624 silly fetch manifest @esbuild/android-x64@0.18.20
625 silly packumentCache full:https://registry.npmmirror.com/@esbuild%2fandroid-x64 cache-miss
626 silly fetch manifest @esbuild/darwin-arm64@0.18.20
627 silly packumentCache full:https://registry.npmmirror.com/@esbuild%2fdarwin-arm64 cache-miss
628 silly fetch manifest @esbuild/darwin-x64@0.18.20
629 silly packumentCache full:https://registry.npmmirror.com/@esbuild%2fdarwin-x64 cache-miss
630 silly fetch manifest @esbuild/freebsd-arm64@0.18.20
631 silly packumentCache full:https://registry.npmmirror.com/@esbuild%2ffreebsd-arm64 cache-miss
632 silly fetch manifest @esbuild/freebsd-x64@0.18.20
633 silly packumentCache full:https://registry.npmmirror.com/@esbuild%2ffreebsd-x64 cache-miss
634 http cache https://registry.npmmirror.com/@esbuild%2fandroid-arm 2ms (cache hit)
635 silly packumentCache full:https://registry.npmmirror.com/@esbuild%2fandroid-arm set size:224914 disposed:false
636 silly fetch manifest @esbuild/linux-arm@0.18.20
637 silly packumentCache full:https://registry.npmmirror.com/@esbuild%2flinux-arm cache-miss
638 http cache https://registry.npmmirror.com/@esbuild%2fandroid-arm64 4ms (cache hit)
639 silly packumentCache full:https://registry.npmmirror.com/@esbuild%2fandroid-arm64 set size:203017 disposed:false
640 silly fetch manifest @esbuild/linux-arm64@0.18.20
641 silly packumentCache full:https://registry.npmmirror.com/@esbuild%2flinux-arm64 cache-miss
642 http cache https://registry.npmmirror.com/@esbuild%2fdarwin-x64 4ms (cache hit)
643 silly packumentCache full:https://registry.npmmirror.com/@esbuild%2fdarwin-x64 set size:198556 disposed:false
644 silly fetch manifest @esbuild/linux-ia32@0.18.20
645 silly packumentCache full:https://registry.npmmirror.com/@esbuild%2flinux-ia32 cache-miss
646 http cache https://registry.npmmirror.com/@esbuild%2ffreebsd-arm64 5ms (cache hit)
647 silly packumentCache full:https://registry.npmmirror.com/@esbuild%2ffreebsd-arm64 set size:201052 disposed:false
648 silly fetch manifest @esbuild/linux-loong64@0.18.20
649 silly packumentCache full:https://registry.npmmirror.com/@esbuild%2flinux-loong64 cache-miss
650 http cache https://registry.npmmirror.com/@esbuild%2fdarwin-arm64 7ms (cache hit)
651 silly packumentCache full:https://registry.npmmirror.com/@esbuild%2fdarwin-arm64 set size:200210 disposed:false
652 silly fetch manifest @esbuild/linux-mips64el@0.18.20
653 silly packumentCache full:https://registry.npmmirror.com/@esbuild%2flinux-mips64el cache-miss
654 http cache https://registry.npmmirror.com/@esbuild%2fandroid-x64 11ms (cache hit)
655 silly packumentCache full:https://registry.npmmirror.com/@esbuild%2fandroid-x64 set size:197943 disposed:false
656 silly fetch manifest @esbuild/linux-ppc64@0.18.20
657 silly packumentCache full:https://registry.npmmirror.com/@esbuild%2flinux-ppc64 cache-miss
658 http cache https://registry.npmmirror.com/@esbuild%2ffreebsd-x64 12ms (cache hit)
659 silly packumentCache full:https://registry.npmmirror.com/@esbuild%2ffreebsd-x64 set size:199380 disposed:false
660 silly fetch manifest @esbuild/linux-riscv64@0.18.20
661 silly packumentCache full:https://registry.npmmirror.com/@esbuild%2flinux-riscv64 cache-miss
662 http cache https://registry.npmmirror.com/@esbuild%2flinux-arm 12ms (cache hit)
663 silly packumentCache full:https://registry.npmmirror.com/@esbuild%2flinux-arm set size:197558 disposed:false
664 silly fetch manifest @esbuild/linux-s390x@0.18.20
665 silly packumentCache full:https://registry.npmmirror.com/@esbuild%2flinux-s390x cache-miss
666 http cache https://registry.npmmirror.com/@esbuild%2flinux-ia32 11ms (cache hit)
667 silly packumentCache full:https://registry.npmmirror.com/@esbuild%2flinux-ia32 set size:198509 disposed:false
668 silly fetch manifest @esbuild/linux-x64@0.18.20
669 silly packumentCache full:https://registry.npmmirror.com/@esbuild%2flinux-x64 cache-miss
670 http cache https://registry.npmmirror.com/@esbuild%2flinux-arm64 13ms (cache hit)
671 silly packumentCache full:https://registry.npmmirror.com/@esbuild%2flinux-arm64 set size:199569 disposed:false
672 silly fetch manifest @esbuild/netbsd-x64@0.18.20
673 silly packumentCache full:https://registry.npmmirror.com/@esbuild%2fnetbsd-x64 cache-miss
674 http cache https://registry.npmmirror.com/@esbuild%2flinux-loong64 10ms (cache hit)
675 silly packumentCache full:https://registry.npmmirror.com/@esbuild%2flinux-loong64 set size:255940 disposed:false
676 silly fetch manifest @esbuild/openbsd-x64@0.18.20
677 silly packumentCache full:https://registry.npmmirror.com/@esbuild%2fopenbsd-x64 cache-miss
678 http cache https://registry.npmmirror.com/@esbuild%2flinux-mips64el 7ms (cache hit)
679 silly packumentCache full:https://registry.npmmirror.com/@esbuild%2flinux-mips64el set size:203142 disposed:false
680 silly fetch manifest @esbuild/sunos-x64@0.18.20
681 silly packumentCache full:https://registry.npmmirror.com/@esbuild%2fsunos-x64 cache-miss
682 http cache https://registry.npmmirror.com/@esbuild%2flinux-ppc64 7ms (cache hit)
683 silly packumentCache full:https://registry.npmmirror.com/@esbuild%2flinux-ppc64 set size:201498 disposed:false
684 silly fetch manifest @esbuild/win32-arm64@0.18.20
685 silly packumentCache full:https://registry.npmmirror.com/@esbuild%2fwin32-arm64 cache-miss
686 http cache https://registry.npmmirror.com/@esbuild%2flinux-riscv64 7ms (cache hit)
687 silly packumentCache full:https://registry.npmmirror.com/@esbuild%2flinux-riscv64 set size:201173 disposed:false
688 silly fetch manifest @esbuild/win32-ia32@0.18.20
689 silly packumentCache full:https://registry.npmmirror.com/@esbuild%2fwin32-ia32 cache-miss
690 http cache https://registry.npmmirror.com/@esbuild%2flinux-s390x 8ms (cache hit)
691 silly packumentCache full:https://registry.npmmirror.com/@esbuild%2flinux-s390x set size:201000 disposed:false
692 silly fetch manifest @esbuild/win32-x64@0.18.20
693 silly packumentCache full:https://registry.npmmirror.com/@esbuild%2fwin32-x64 cache-miss
694 http cache https://registry.npmmirror.com/@esbuild%2fopenbsd-x64 6ms (cache hit)
695 silly packumentCache full:https://registry.npmmirror.com/@esbuild%2fopenbsd-x64 set size:199384 disposed:false
696 http cache https://registry.npmmirror.com/@esbuild%2flinux-x64 9ms (cache hit)
697 silly packumentCache full:https://registry.npmmirror.com/@esbuild%2flinux-x64 set size:197883 disposed:false
698 http cache https://registry.npmmirror.com/@esbuild%2fnetbsd-x64 9ms (cache hit)
699 silly packumentCache full:https://registry.npmmirror.com/@esbuild%2fnetbsd-x64 set size:196386 disposed:false
700 http cache https://registry.npmmirror.com/@esbuild%2fsunos-x64 7ms (cache hit)
701 silly packumentCache full:https://registry.npmmirror.com/@esbuild%2fsunos-x64 set size:198112 disposed:false
702 http cache https://registry.npmmirror.com/@esbuild%2fwin32-arm64 7ms (cache hit)
703 silly packumentCache full:https://registry.npmmirror.com/@esbuild%2fwin32-arm64 set size:199788 disposed:false
704 http cache https://registry.npmmirror.com/@esbuild%2fwin32-ia32 9ms (cache hit)
705 silly packumentCache full:https://registry.npmmirror.com/@esbuild%2fwin32-ia32 set size:198724 disposed:false
706 http cache https://registry.npmmirror.com/@esbuild%2fwin32-x64 5ms (cache hit)
707 silly packumentCache full:https://registry.npmmirror.com/@esbuild%2fwin32-x64 set size:198113 disposed:false
708 silly placeDep ROOT @esbuild/android-arm@0.18.20 OK for: esbuild@0.18.20 want: 0.18.20
709 silly placeDep ROOT @esbuild/android-arm64@0.18.20 OK for: esbuild@0.18.20 want: 0.18.20
710 silly placeDep ROOT @esbuild/android-x64@0.18.20 OK for: esbuild@0.18.20 want: 0.18.20
711 silly placeDep ROOT @esbuild/darwin-arm64@0.18.20 OK for: esbuild@0.18.20 want: 0.18.20
712 silly placeDep ROOT @esbuild/darwin-x64@0.18.20 OK for: esbuild@0.18.20 want: 0.18.20
713 silly placeDep ROOT @esbuild/freebsd-arm64@0.18.20 OK for: esbuild@0.18.20 want: 0.18.20
714 silly placeDep ROOT @esbuild/freebsd-x64@0.18.20 OK for: esbuild@0.18.20 want: 0.18.20
715 silly placeDep ROOT @esbuild/linux-arm@0.18.20 OK for: esbuild@0.18.20 want: 0.18.20
716 silly placeDep ROOT @esbuild/linux-arm64@0.18.20 OK for: esbuild@0.18.20 want: 0.18.20
717 silly placeDep ROOT @esbuild/linux-ia32@0.18.20 OK for: esbuild@0.18.20 want: 0.18.20
718 silly placeDep ROOT @esbuild/linux-loong64@0.18.20 OK for: esbuild@0.18.20 want: 0.18.20
719 silly placeDep ROOT @esbuild/linux-mips64el@0.18.20 OK for: esbuild@0.18.20 want: 0.18.20
720 silly placeDep ROOT @esbuild/linux-ppc64@0.18.20 OK for: esbuild@0.18.20 want: 0.18.20
721 silly placeDep ROOT @esbuild/linux-riscv64@0.18.20 OK for: esbuild@0.18.20 want: 0.18.20
722 silly placeDep ROOT @esbuild/linux-s390x@0.18.20 OK for: esbuild@0.18.20 want: 0.18.20
723 silly placeDep ROOT @esbuild/linux-x64@0.18.20 OK for: esbuild@0.18.20 want: 0.18.20
724 silly placeDep ROOT @esbuild/netbsd-x64@0.18.20 OK for: esbuild@0.18.20 want: 0.18.20
725 silly placeDep ROOT @esbuild/openbsd-x64@0.18.20 OK for: esbuild@0.18.20 want: 0.18.20
726 silly placeDep ROOT @esbuild/sunos-x64@0.18.20 OK for: esbuild@0.18.20 want: 0.18.20
727 silly placeDep ROOT @esbuild/win32-arm64@0.18.20 OK for: esbuild@0.18.20 want: 0.18.20
728 silly placeDep ROOT @esbuild/win32-ia32@0.18.20 OK for: esbuild@0.18.20 want: 0.18.20
729 silly placeDep ROOT @esbuild/win32-x64@0.18.20 OK for: esbuild@0.18.20 want: 0.18.20
730 verbose type range
731 verbose stack @sveltejs/adapter-vercel: No matching version found for @sveltejs/adapter-vercel@^2.27.9.
731 verbose stack     at module.exports (/usr/local/lib/node_modules/npm/node_modules/npm-pick-manifest/lib/index.js:215:23)
731 verbose stack     at RegistryFetcher.manifest (/usr/local/lib/node_modules/npm/node_modules/pacote/lib/registry.js:130:54)
731 verbose stack     at async #fetchManifest (/usr/local/lib/node_modules/npm/node_modules/@npmcli/arborist/lib/arborist/build-ideal-tree.js:1202:20)
731 verbose stack     at async #nodeFromEdge (/usr/local/lib/node_modules/npm/node_modules/@npmcli/arborist/lib/arborist/build-ideal-tree.js:1040:19)
731 verbose stack     at async #buildDepStep (/usr/local/lib/node_modules/npm/node_modules/@npmcli/arborist/lib/arborist/build-ideal-tree.js:904:11)
731 verbose stack     at async Arborist.buildIdealTree (/usr/local/lib/node_modules/npm/node_modules/@npmcli/arborist/lib/arborist/build-ideal-tree.js:181:7)
731 verbose stack     at async Promise.all (index 1)
731 verbose stack     at async Arborist.reify (/usr/local/lib/node_modules/npm/node_modules/@npmcli/arborist/lib/arborist/reify.js:131:5)
731 verbose stack     at async Install.exec (/usr/local/lib/node_modules/npm/lib/commands/install.js:150:5)
731 verbose stack     at async Npm.exec (/usr/local/lib/node_modules/npm/lib/npm.js:207:9)
732 error code ETARGET
733 error notarget No matching version found for @sveltejs/adapter-vercel@^2.27.9.
734 error notarget In most cases you or one of your dependencies are requesting
734 error notarget a package version that doesn't exist.
735 silly unfinished npm timer reify 1768098650095
736 silly unfinished npm timer reify:loadTrees 1768098650095
737 verbose cwd /Users/shibingzhang/git/imbinnng/renren-sveltekit
738 verbose os Darwin 24.6.0
739 verbose node v22.20.0
740 verbose npm  v10.9.3
741 verbose exit 1
742 verbose code 1
743 error A complete log of this run can be found in: /Users/shibingzhang/git/imbinnng/renren-sveltekit/npm-cache/_logs/2026-01-11T02_30_49_868Z-debug-0.log
