0 verbose cli /usr/local/bin/node /usr/local/bin/npm
1 info using npm@10.9.3
2 info using node@v22.20.0
3 silly config load:file:/usr/local/lib/node_modules/npm/npmrc
4 silly config load:file:/Users/shibingzhang/git/imbinnng/renren-sveltekit/.npmrc
5 silly config load:file:/Users/shibingzhang/.npmrc
6 silly config load:file:/Users/shibingzhang/.npm-global/etc/npmrc
7 verbose title npm install
8 verbose argv "install"
9 verbose logfile logs-max:10 dir:/Users/shibingzhang/git/imbinnng/renren-sveltekit/npm-cache/_logs/2026-01-11T02_32_08_587Z-
10 verbose logfile /Users/shibingzhang/git/imbinnng/renren-sveltekit/npm-cache/_logs/2026-01-11T02_32_08_587Z-debug-0.log
11 silly logfile start cleaning logs, removing 1 files
12 silly packumentCache heap:2197815296 maxSize:549453824 maxEntrySize:274726912
13 silly logfile done cleaning log files
14 silly idealTree buildDeps
15 silly fetch manifest clsx@^2.0.0
16 silly packumentCache full:https://registry.npmmirror.com/clsx cache-miss
17 http cache https://registry.npmmirror.com/clsx 5ms (cache hit)
18 silly packumentCache full:https://registry.npmmirror.com/clsx set size:32436 disposed:false
19 silly fetch manifest tailwind-merge@^2.2.0
20 silly packumentCache full:https://registry.npmmirror.com/tailwind-merge cache-miss
21 http cache https://registry.npmmirror.com/tailwind-merge 4ms (cache hit)
22 silly packumentCache full:https://registry.npmmirror.com/tailwind-merge set size:1444701 disposed:false
23 silly fetch manifest @sveltejs/adapter-auto@^2.3.1
24 silly packumentCache full:https://registry.npmmirror.com/@sveltejs%2fadapter-auto cache-miss
25 http fetch GET 200 https://registry.npmmirror.com/@sveltejs%2fadapter-auto 419ms (cache miss)
26 silly packumentCache full:https://registry.npmmirror.com/@sveltejs%2fadapter-auto set size:101151 disposed:false
27 silly fetch manifest @sveltejs/kit@^1.16.2
28 silly packumentCache full:https://registry.npmmirror.com/@sveltejs%2fkit cache-miss
29 http cache https://registry.npmmirror.com/@sveltejs%2fkit 11ms (cache hit)
30 silly packumentCache full:https://registry.npmmirror.com/@sveltejs%2fkit set size:3888389 disposed:false
31 silly fetch manifest svelte@^3.55.1
32 silly packumentCache full:https://registry.npmmirror.com/svelte cache-miss
33 http cache https://registry.npmmirror.com/svelte 9ms (cache hit)
34 silly packumentCache full:https://registry.npmmirror.com/svelte set size:4259793 disposed:false
35 silly fetch manifest vite@^4.1.5
36 silly packumentCache full:https://registry.npmmirror.com/vite cache-miss
37 http cache https://registry.npmmirror.com/vite 51ms (cache hit)
38 silly packumentCache full:https://registry.npmmirror.com/vite set size:38504945 disposed:false
39 silly fetch manifest @types/node@>= 14
40 silly packumentCache full:https://registry.npmmirror.com/@types%2fnode cache-miss
41 http cache https://registry.npmmirror.com/@types%2fnode 15ms (cache hit)
42 silly packumentCache full:https://registry.npmmirror.com/@types%2fnode set size:9999876 disposed:false
43 silly fetch manifest less@*
44 silly packumentCache full:https://registry.npmmirror.com/less cache-miss
45 http cache https://registry.npmmirror.com/less 2ms (cache hit)
46 silly packumentCache full:https://registry.npmmirror.com/less set size:398393 disposed:false
47 silly fetch manifest lightningcss@^1.21.0
48 silly packumentCache full:https://registry.npmmirror.com/lightningcss cache-miss
49 http cache https://registry.npmmirror.com/lightningcss 2ms (cache hit)
50 silly packumentCache full:https://registry.npmmirror.com/lightningcss set size:178328 disposed:false
51 silly fetch manifest sass@*
52 silly packumentCache full:https://registry.npmmirror.com/sass cache-miss
53 http cache https://registry.npmmirror.com/sass 2ms (cache hit)
54 silly packumentCache full:https://registry.npmmirror.com/sass set size:594249 disposed:false
55 silly fetch manifest stylus@*
56 silly packumentCache full:https://registry.npmmirror.com/stylus cache-miss
57 http cache https://registry.npmmirror.com/stylus 2ms (cache hit)
58 silly packumentCache full:https://registry.npmmirror.com/stylus set size:312391 disposed:false
59 silly fetch manifest sugarss@*
60 silly packumentCache full:https://registry.npmmirror.com/sugarss cache-miss
61 http cache https://registry.npmmirror.com/sugarss 1ms (cache hit)
62 silly packumentCache full:https://registry.npmmirror.com/sugarss set size:38248 disposed:false
63 silly fetch manifest postcss@^8.5.6
64 silly packumentCache full:https://registry.npmmirror.com/postcss cache-miss
65 http cache https://registry.npmmirror.com/postcss 2ms (cache hit)
66 silly packumentCache full:https://registry.npmmirror.com/postcss set size:611725 disposed:false
67 silly fetch manifest terser@^5.4.0
68 silly packumentCache full:https://registry.npmmirror.com/terser cache-miss
69 http cache https://registry.npmmirror.com/terser 2ms (cache hit)
70 silly packumentCache full:https://registry.npmmirror.com/terser set size:679916 disposed:false
71 silly fetch manifest @sveltejs/vite-plugin-svelte@^1.5.3
72 silly packumentCache full:https://registry.npmmirror.com/@sveltejs%2fvite-plugin-svelte cache-miss
73 http cache https://registry.npmmirror.com/@sveltejs%2fvite-plugin-svelte 1ms (cache hit)
74 silly packumentCache full:https://registry.npmmirror.com/@sveltejs%2fvite-plugin-svelte set size:411148 disposed:false
75 silly fetch manifest autoprefixer@^10.4.23
76 silly packumentCache full:https://registry.npmmirror.com/autoprefixer cache-miss
77 http cache https://registry.npmmirror.com/autoprefixer 3ms (cache hit)
78 silly packumentCache full:https://registry.npmmirror.com/autoprefixer set size:1185262 disposed:false
79 silly fetch manifest tailwindcss@^3.4.1
80 silly packumentCache full:https://registry.npmmirror.com/tailwindcss cache-miss
81 http cache https://registry.npmmirror.com/tailwindcss 16ms (cache hit)
82 silly packumentCache full:https://registry.npmmirror.com/tailwindcss set size:10084629 disposed:false
83 silly placeDep ROOT @sveltejs/adapter-auto@ OK for: renren-sveltekit@0.0.1 want: ^2.3.1
84 silly placeDep ROOT @sveltejs/kit@1.30.4 OK for: renren-sveltekit@0.0.1 want: ^1.16.2
85 silly placeDep ROOT svelte@3.59.2 OK for: @sveltejs/kit@1.30.4 want: ^3.54.0 || ^4.0.0-next.0 || ^5.0.0-next.0
86 silly placeDep ROOT vite@4.5.14 OK for: @sveltejs/kit@1.30.4 want: ^4.0.0
87 silly placeDep ROOT @sveltejs/vite-plugin-svelte@ OK for: renren-sveltekit@0.0.1 want: ^1.5.3
88 silly placeDep ROOT autoprefixer@10.4.23 OK for: renren-sveltekit@0.0.1 want: ^10.4.23
89 silly placeDep ROOT postcss@8.5.6 OK for: autoprefixer@10.4.23 want: ^8.1.0
90 silly placeDep ROOT clsx@2.1.1 OK for: renren-sveltekit@0.0.1 want: ^2.0.0
91 silly placeDep ROOT tailwind-merge@2.6.0 OK for: renren-sveltekit@0.0.1 want: ^2.2.0
92 silly placeDep ROOT tailwindcss@3.4.19 OK for: renren-sveltekit@0.0.1 want: ^3.4.1
93 silly fetch manifest @sveltejs/vite-plugin-svelte@^2.5.0
94 silly packumentCache full:https://registry.npmmirror.com/@sveltejs%2fvite-plugin-svelte cache-hit
95 silly fetch manifest @types/cookie@^0.5.1
96 silly packumentCache full:https://registry.npmmirror.com/@types%2fcookie cache-miss
97 silly fetch manifest cookie@^0.5.0
98 silly packumentCache full:https://registry.npmmirror.com/cookie cache-miss
99 silly fetch manifest devalue@^4.3.1
100 silly packumentCache full:https://registry.npmmirror.com/devalue cache-miss
101 silly fetch manifest esm-env@^1.0.0
102 silly packumentCache full:https://registry.npmmirror.com/esm-env cache-miss
103 silly fetch manifest kleur@^4.1.5
104 silly packumentCache full:https://registry.npmmirror.com/kleur cache-miss
105 silly fetch manifest magic-string@^0.30.0
106 silly packumentCache full:https://registry.npmmirror.com/magic-string cache-miss
107 silly fetch manifest mrmime@^1.0.1
108 silly packumentCache full:https://registry.npmmirror.com/mrmime cache-miss
109 http cache https://registry.npmmirror.com/cookie 4ms (cache hit)
110 silly packumentCache full:https://registry.npmmirror.com/cookie set size:70864 disposed:false
111 silly fetch manifest sade@^1.8.1
112 silly packumentCache full:https://registry.npmmirror.com/sade cache-miss
113 http cache https://registry.npmmirror.com/magic-string 5ms (cache hit)
114 silly packumentCache full:https://registry.npmmirror.com/magic-string set size:327576 disposed:false
115 silly fetch manifest set-cookie-parser@^2.6.0
116 silly packumentCache full:https://registry.npmmirror.com/set-cookie-parser cache-miss
117 http cache https://registry.npmmirror.com/mrmime 5ms (cache hit)
118 silly packumentCache full:https://registry.npmmirror.com/mrmime set size:16344 disposed:false
119 silly fetch manifest sirv@^2.0.2
120 silly packumentCache full:https://registry.npmmirror.com/sirv cache-miss
121 http cache https://registry.npmmirror.com/@types%2fcookie 7ms (cache hit)
122 silly packumentCache full:https://registry.npmmirror.com/@types%2fcookie set size:36749 disposed:false
123 silly fetch manifest tiny-glob@^0.2.9
124 silly packumentCache full:https://registry.npmmirror.com/tiny-glob cache-miss
125 http cache https://registry.npmmirror.com/kleur 7ms (cache hit)
126 silly packumentCache full:https://registry.npmmirror.com/kleur set size:43285 disposed:false
127 silly fetch manifest undici@^5.28.3
128 silly packumentCache full:https://registry.npmmirror.com/undici cache-miss
129 http cache https://registry.npmmirror.com/devalue 8ms (cache hit)
130 silly packumentCache full:https://registry.npmmirror.com/devalue set size:90451 disposed:false
131 silly fetch manifest esbuild@^0.18.10
132 silly packumentCache full:https://registry.npmmirror.com/esbuild cache-miss
133 http cache https://registry.npmmirror.com/esm-env 10ms (cache hit)
134 silly packumentCache full:https://registry.npmmirror.com/esm-env set size:20515 disposed:false
135 silly fetch manifest postcss@^8.4.27
136 silly packumentCache full:https://registry.npmmirror.com/postcss cache-hit
137 silly fetch manifest rollup@^3.27.1
138 silly packumentCache full:https://registry.npmmirror.com/rollup cache-miss
139 http cache https://registry.npmmirror.com/sade 8ms (cache hit)
140 silly packumentCache full:https://registry.npmmirror.com/sade set size:57470 disposed:false
141 silly fetch manifest fsevents@~2.3.2
142 silly packumentCache full:https://registry.npmmirror.com/fsevents cache-miss
143 http cache https://registry.npmmirror.com/esbuild 6ms (cache hit)
144 silly packumentCache full:https://registry.npmmirror.com/esbuild set size:989435 disposed:false
145 silly fetch manifest browserslist@^4.28.1
146 silly packumentCache full:https://registry.npmmirror.com/browserslist cache-miss
147 http cache https://registry.npmmirror.com/set-cookie-parser 11ms (cache hit)
148 silly packumentCache full:https://registry.npmmirror.com/set-cookie-parser set size:55216 disposed:false
149 silly fetch manifest caniuse-lite@^1.0.30001760
150 silly packumentCache full:https://registry.npmmirror.com/caniuse-lite cache-miss
151 http cache https://registry.npmmirror.com/sirv 12ms (cache hit)
152 silly packumentCache full:https://registry.npmmirror.com/sirv set size:81293 disposed:false
153 silly fetch manifest fraction.js@^5.3.4
154 silly packumentCache full:https://registry.npmmirror.com/fraction.js cache-miss
155 http cache https://registry.npmmirror.com/undici 13ms (cache hit)
156 silly packumentCache full:https://registry.npmmirror.com/undici set size:1168070 disposed:false
157 silly fetch manifest picocolors@^1.1.1
158 silly packumentCache full:https://registry.npmmirror.com/picocolors cache-miss
159 http cache https://registry.npmmirror.com/tiny-glob 19ms (cache hit)
160 silly packumentCache full:https://registry.npmmirror.com/tiny-glob set size:29344 disposed:false
161 silly fetch manifest postcss-value-parser@^4.2.0
162 silly packumentCache full:https://registry.npmmirror.com/postcss-value-parser cache-miss
163 http cache https://registry.npmmirror.com/rollup 25ms (cache hit)
164 silly packumentCache full:https://registry.npmmirror.com/rollup set size:5733350 disposed:false
165 silly fetch manifest nanoid@^3.3.11
166 silly packumentCache full:https://registry.npmmirror.com/nanoid cache-miss
167 http cache https://registry.npmmirror.com/fsevents 52ms (cache hit)
168 silly packumentCache full:https://registry.npmmirror.com/fsevents set size:122258 disposed:false
169 silly fetch manifest picocolors@^1.1.1
170 silly packumentCache full:https://registry.npmmirror.com/picocolors cache-miss
171 http cache https://registry.npmmirror.com/postcss-value-parser 40ms (cache hit)
172 silly packumentCache full:https://registry.npmmirror.com/postcss-value-parser set size:67405 disposed:false
173 silly fetch manifest source-map-js@^1.2.1
174 silly packumentCache full:https://registry.npmmirror.com/source-map-js cache-miss
175 http cache https://registry.npmmirror.com/fraction.js 47ms (cache hit)
176 silly packumentCache full:https://registry.npmmirror.com/fraction.js set size:142438 disposed:false
177 silly fetch manifest @alloc/quick-lru@^5.2.0
178 silly packumentCache full:https://registry.npmmirror.com/@alloc%2fquick-lru cache-miss
179 http cache https://registry.npmmirror.com/browserslist 51ms (cache hit)
180 silly packumentCache full:https://registry.npmmirror.com/browserslist set size:430109 disposed:false
181 silly fetch manifest arg@^5.0.2
182 silly packumentCache full:https://registry.npmmirror.com/arg cache-miss
183 http cache https://registry.npmmirror.com/caniuse-lite 56ms (cache hit)
184 silly packumentCache full:https://registry.npmmirror.com/caniuse-lite set size:1931783 disposed:false
185 silly fetch manifest chokidar@^3.6.0
186 silly packumentCache full:https://registry.npmmirror.com/chokidar cache-miss
187 http cache https://registry.npmmirror.com/picocolors 56ms (cache hit)
188 silly packumentCache full:https://registry.npmmirror.com/picocolors set size:15692 disposed:false
189 silly fetch manifest didyoumean@^1.2.2
190 silly packumentCache full:https://registry.npmmirror.com/didyoumean cache-miss
191 http cache https://registry.npmmirror.com/picocolors 18ms (cache hit)
192 silly packumentCache full:https://registry.npmmirror.com/picocolors set size:15692 disposed:false
193 silly packumentCache full:https://registry.npmmirror.com/picocolors dispose
194 silly fetch manifest dlv@^1.1.3
195 silly packumentCache full:https://registry.npmmirror.com/dlv cache-miss
196 http cache https://registry.npmmirror.com/nanoid 22ms (cache hit)
197 silly packumentCache full:https://registry.npmmirror.com/nanoid set size:235985 disposed:false
198 silly fetch manifest fast-glob@^3.3.2
199 silly packumentCache full:https://registry.npmmirror.com/fast-glob cache-miss
200 http cache https://registry.npmmirror.com/arg 17ms (cache hit)
201 silly packumentCache full:https://registry.npmmirror.com/arg set size:72151 disposed:false
202 silly fetch manifest glob-parent@^6.0.2
203 silly packumentCache full:https://registry.npmmirror.com/glob-parent cache-miss
204 http cache https://registry.npmmirror.com/source-map-js 21ms (cache hit)
205 silly packumentCache full:https://registry.npmmirror.com/source-map-js set size:61050 disposed:false
206 silly fetch manifest is-glob@^4.0.3
207 silly packumentCache full:https://registry.npmmirror.com/is-glob cache-miss
208 http cache https://registry.npmmirror.com/@alloc%2fquick-lru 21ms (cache hit)
209 silly packumentCache full:https://registry.npmmirror.com/@alloc%2fquick-lru set size:6316 disposed:false
210 silly fetch manifest jiti@^1.21.7
211 silly packumentCache full:https://registry.npmmirror.com/jiti cache-miss
212 http cache https://registry.npmmirror.com/chokidar 11ms (cache hit)
213 silly packumentCache full:https://registry.npmmirror.com/chokidar set size:228647 disposed:false
214 silly fetch manifest lilconfig@^3.1.3
215 silly packumentCache full:https://registry.npmmirror.com/lilconfig cache-miss
216 http cache https://registry.npmmirror.com/didyoumean 9ms (cache hit)
217 silly packumentCache full:https://registry.npmmirror.com/didyoumean set size:10415 disposed:false
218 silly fetch manifest micromatch@^4.0.8
219 silly packumentCache full:https://registry.npmmirror.com/micromatch cache-miss
220 http cache https://registry.npmmirror.com/fast-glob 6ms (cache hit)
221 silly packumentCache full:https://registry.npmmirror.com/fast-glob set size:194914 disposed:false
222 silly fetch manifest normalize-path@^3.0.0
223 silly packumentCache full:https://registry.npmmirror.com/normalize-path cache-miss
224 http cache https://registry.npmmirror.com/dlv 9ms (cache hit)
225 silly packumentCache full:https://registry.npmmirror.com/dlv set size:14677 disposed:false
226 silly fetch manifest object-hash@^3.0.0
227 silly packumentCache full:https://registry.npmmirror.com/object-hash cache-miss
228 http cache https://registry.npmmirror.com/glob-parent 7ms (cache hit)
229 silly packumentCache full:https://registry.npmmirror.com/glob-parent set size:34765 disposed:false
230 silly fetch manifest postcss-import@^15.1.0
231 silly packumentCache full:https://registry.npmmirror.com/postcss-import cache-miss
232 http cache https://registry.npmmirror.com/is-glob 6ms (cache hit)
233 silly packumentCache full:https://registry.npmmirror.com/is-glob set size:39478 disposed:false
234 silly fetch manifest postcss-js@^4.0.1
235 silly packumentCache full:https://registry.npmmirror.com/postcss-js cache-miss
236 http cache https://registry.npmmirror.com/jiti 7ms (cache hit)
237 silly packumentCache full:https://registry.npmmirror.com/jiti set size:343421 disposed:false
238 silly fetch manifest postcss-load-config@^4.0.2 || ^5.0 || ^6.0
239 silly packumentCache full:https://registry.npmmirror.com/postcss-load-config cache-miss
240 http cache https://registry.npmmirror.com/lilconfig 7ms (cache hit)
241 silly packumentCache full:https://registry.npmmirror.com/lilconfig set size:37564 disposed:false
242 silly fetch manifest postcss-nested@^6.2.0
243 silly packumentCache full:https://registry.npmmirror.com/postcss-nested cache-miss
244 http cache https://registry.npmmirror.com/micromatch 8ms (cache hit)
245 silly packumentCache full:https://registry.npmmirror.com/micromatch set size:240427 disposed:false
246 silly fetch manifest postcss-selector-parser@^6.1.2
247 silly packumentCache full:https://registry.npmmirror.com/postcss-selector-parser cache-miss
248 http cache https://registry.npmmirror.com/normalize-path 10ms (cache hit)
249 silly packumentCache full:https://registry.npmmirror.com/normalize-path set size:28480 disposed:false
250 silly fetch manifest resolve@^1.22.8
251 silly packumentCache full:https://registry.npmmirror.com/resolve cache-miss
252 http cache https://registry.npmmirror.com/object-hash 10ms (cache hit)
253 silly packumentCache full:https://registry.npmmirror.com/object-hash set size:92882 disposed:false
254 silly fetch manifest sucrase@^3.35.0
255 silly packumentCache full:https://registry.npmmirror.com/sucrase cache-miss
256 http cache https://registry.npmmirror.com/postcss-import 11ms (cache hit)
257 silly packumentCache full:https://registry.npmmirror.com/postcss-import set size:114244 disposed:false
258 http cache https://registry.npmmirror.com/postcss-js 12ms (cache hit)
259 silly packumentCache full:https://registry.npmmirror.com/postcss-js set size:42166 disposed:false
260 http cache https://registry.npmmirror.com/postcss-nested 9ms (cache hit)
261 silly packumentCache full:https://registry.npmmirror.com/postcss-nested set size:64899 disposed:false
262 http cache https://registry.npmmirror.com/postcss-selector-parser 8ms (cache hit)
263 silly packumentCache full:https://registry.npmmirror.com/postcss-selector-parser set size:162368 disposed:false
264 http cache https://registry.npmmirror.com/postcss-load-config 11ms (cache hit)
265 silly packumentCache full:https://registry.npmmirror.com/postcss-load-config set size:80198 disposed:false
266 http cache https://registry.npmmirror.com/sucrase 6ms (cache hit)
267 silly packumentCache full:https://registry.npmmirror.com/sucrase set size:412170 disposed:false
268 http cache https://registry.npmmirror.com/resolve 9ms (cache hit)
269 silly packumentCache full:https://registry.npmmirror.com/resolve set size:219321 disposed:false
270 silly placeDep ROOT @types/cookie@0.5.4 OK for: @sveltejs/kit@1.30.4 want: ^0.5.1
271 silly placeDep ROOT cookie@0.5.0 OK for: @sveltejs/kit@1.30.4 want: ^0.5.0
272 silly placeDep ROOT devalue@4.3.3 OK for: @sveltejs/kit@1.30.4 want: ^4.3.1
273 silly placeDep ROOT esm-env@1.2.2 OK for: @sveltejs/kit@1.30.4 want: ^1.0.0
274 silly placeDep ROOT kleur@4.1.5 OK for: @sveltejs/kit@1.30.4 want: ^4.1.5
275 silly placeDep ROOT magic-string@0.30.21 OK for: @sveltejs/kit@1.30.4 want: ^0.30.0
276 silly placeDep ROOT mrmime@1.0.1 OK for: @sveltejs/kit@1.30.4 want: ^1.0.1
277 silly placeDep ROOT sade@1.8.1 OK for: @sveltejs/kit@1.30.4 want: ^1.8.1
278 silly placeDep ROOT set-cookie-parser@2.7.2 OK for: @sveltejs/kit@1.30.4 want: ^2.6.0
279 silly placeDep ROOT sirv@2.0.4 OK for: @sveltejs/kit@1.30.4 want: ^2.0.2
280 silly placeDep ROOT tiny-glob@0.2.9 OK for: @sveltejs/kit@1.30.4 want: ^0.2.9
281 silly placeDep ROOT undici@5.29.0 OK for: @sveltejs/kit@1.30.4 want: ^5.28.3
282 silly fetch manifest @jridgewell/sourcemap-codec@^1.5.5
283 silly packumentCache full:https://registry.npmmirror.com/@jridgewell%2fsourcemap-codec cache-miss
284 silly fetch manifest mri@^1.1.0
285 silly packumentCache full:https://registry.npmmirror.com/mri cache-miss
286 silly fetch manifest @polka/url@^1.0.0-next.24
287 silly packumentCache full:https://registry.npmmirror.com/@polka%2furl cache-miss
288 silly fetch manifest mrmime@^2.0.0
289 silly packumentCache full:https://registry.npmmirror.com/mrmime cache-hit
290 silly fetch manifest totalist@^3.0.0
291 silly packumentCache full:https://registry.npmmirror.com/totalist cache-miss
292 silly fetch manifest globalyzer@0.1.0
293 silly packumentCache full:https://registry.npmmirror.com/globalyzer cache-miss
294 silly fetch manifest globrex@^0.1.2
295 silly packumentCache full:https://registry.npmmirror.com/globrex cache-miss
296 silly fetch manifest @fastify/busboy@^2.0.0
297 silly packumentCache full:https://registry.npmmirror.com/@fastify%2fbusboy cache-miss
298 http cache https://registry.npmmirror.com/totalist 2ms (cache hit)
299 silly packumentCache full:https://registry.npmmirror.com/totalist set size:17388 disposed:false
300 http cache https://registry.npmmirror.com/@polka%2furl 2ms (cache hit)
301 silly packumentCache full:https://registry.npmmirror.com/@polka%2furl set size:33668 disposed:false
302 http cache https://registry.npmmirror.com/@jridgewell%2fsourcemap-codec 3ms (cache hit)
303 silly packumentCache full:https://registry.npmmirror.com/@jridgewell%2fsourcemap-codec set size:60175 disposed:false
304 http cache https://registry.npmmirror.com/globalyzer 3ms (cache hit)
305 silly packumentCache full:https://registry.npmmirror.com/globalyzer set size:4787 disposed:false
306 http cache https://registry.npmmirror.com/mri 3ms (cache hit)
307 silly packumentCache full:https://registry.npmmirror.com/mri set size:21231 disposed:false
308 http cache https://registry.npmmirror.com/globrex 4ms (cache hit)
309 silly packumentCache full:https://registry.npmmirror.com/globrex set size:15163 disposed:false
310 http cache https://registry.npmmirror.com/@fastify%2fbusboy 4ms (cache hit)
311 silly packumentCache full:https://registry.npmmirror.com/@fastify%2fbusboy set size:63568 disposed:false
312 silly placeDep ROOT browserslist@4.28.1 OK for: autoprefixer@10.4.23 want: ^4.28.1
313 silly placeDep ROOT caniuse-lite@1.0.30001763 OK for: autoprefixer@10.4.23 want: ^1.0.30001760
314 silly placeDep ROOT fraction.js@5.3.4 OK for: autoprefixer@10.4.23 want: ^5.3.4
315 silly placeDep ROOT picocolors@1.1.1 OK for: autoprefixer@10.4.23 want: ^1.1.1
316 silly placeDep ROOT postcss-value-parser@4.2.0 OK for: autoprefixer@10.4.23 want: ^4.2.0
317 silly fetch manifest baseline-browser-mapping@^2.9.0
318 silly packumentCache full:https://registry.npmmirror.com/baseline-browser-mapping cache-miss
319 silly fetch manifest caniuse-lite@^1.0.30001759
320 silly packumentCache full:https://registry.npmmirror.com/caniuse-lite cache-miss
321 silly fetch manifest electron-to-chromium@^1.5.263
322 silly packumentCache full:https://registry.npmmirror.com/electron-to-chromium cache-miss
323 silly fetch manifest node-releases@^2.0.27
324 silly packumentCache full:https://registry.npmmirror.com/node-releases cache-miss
325 silly fetch manifest update-browserslist-db@^1.2.0
326 silly packumentCache full:https://registry.npmmirror.com/update-browserslist-db cache-miss
327 http cache https://registry.npmmirror.com/caniuse-lite 6ms (cache hit)
328 silly packumentCache full:https://registry.npmmirror.com/caniuse-lite set size:1931783 disposed:false
329 http cache https://registry.npmmirror.com/baseline-browser-mapping 10ms (cache hit)
330 silly packumentCache full:https://registry.npmmirror.com/baseline-browser-mapping set size:381640 disposed:false
331 http cache https://registry.npmmirror.com/update-browserslist-db 12ms (cache hit)
332 silly packumentCache full:https://registry.npmmirror.com/update-browserslist-db set size:64681 disposed:false
333 http cache https://registry.npmmirror.com/electron-to-chromium 15ms (cache hit)
334 silly packumentCache full:https://registry.npmmirror.com/electron-to-chromium set size:4036340 disposed:false
335 http cache https://registry.npmmirror.com/node-releases 29ms (cache hit)
336 silly packumentCache full:https://registry.npmmirror.com/node-releases set size:184399 disposed:false
337 silly fetch manifest browserslist@>= 4.21.0
338 silly packumentCache full:https://registry.npmmirror.com/browserslist cache-hit
339 silly placeDep ROOT baseline-browser-mapping@2.9.14 OK for: browserslist@4.28.1 want: ^2.9.0
340 silly placeDep ROOT electron-to-chromium@1.5.267 OK for: browserslist@4.28.1 want: ^1.5.263
341 silly placeDep ROOT node-releases@2.0.27 OK for: browserslist@4.28.1 want: ^2.0.27
342 silly placeDep ROOT update-browserslist-db@1.2.3 OK for: browserslist@4.28.1 want: ^1.2.0
343 silly fetch manifest escalade@^3.2.0
344 silly packumentCache full:https://registry.npmmirror.com/escalade cache-miss
345 http cache https://registry.npmmirror.com/escalade 3ms (cache hit)
346 silly packumentCache full:https://registry.npmmirror.com/escalade set size:26187 disposed:false
347 silly placeDep ROOT @jridgewell/sourcemap-codec@1.5.5 OK for: magic-string@0.30.21 want: ^1.5.5
348 silly placeDep ROOT nanoid@3.3.11 OK for: postcss@8.5.6 want: ^3.3.11
349 silly placeDep ROOT source-map-js@1.2.1 OK for: postcss@8.5.6 want: ^1.2.1
350 silly placeDep ROOT mri@1.2.0 OK for: sade@1.8.1 want: ^1.1.0
351 silly placeDep ROOT @polka/url@1.0.0-next.29 OK for: sirv@2.0.4 want: ^1.0.0-next.24
352 silly placeDep node_modules/sirv mrmime@2.0.1 OK for: sirv@2.0.4 want: ^2.0.0
353 silly placeDep ROOT totalist@3.0.1 OK for: sirv@2.0.4 want: ^3.0.0
354 silly fetch manifest postcss@^8.4.47
355 silly packumentCache full:https://registry.npmmirror.com/postcss cache-hit
356 silly fetch manifest tsx@^4.8.1
357 silly packumentCache full:https://registry.npmmirror.com/tsx cache-miss
358 http cache https://registry.npmmirror.com/tsx 1ms (cache hit)
359 silly packumentCache full:https://registry.npmmirror.com/tsx set size:303047 disposed:false
360 silly fetch manifest yaml@^2.4.2
361 silly packumentCache full:https://registry.npmmirror.com/yaml cache-miss
362 http cache https://registry.npmmirror.com/yaml 1ms (cache hit)
363 silly packumentCache full:https://registry.npmmirror.com/yaml set size:322469 disposed:false
364 silly placeDep ROOT @alloc/quick-lru@5.2.0 OK for: tailwindcss@3.4.19 want: ^5.2.0
365 silly placeDep ROOT arg@5.0.2 OK for: tailwindcss@3.4.19 want: ^5.0.2
366 silly placeDep ROOT chokidar@3.6.0 OK for: tailwindcss@3.4.19 want: ^3.6.0
367 silly placeDep ROOT didyoumean@1.2.2 OK for: tailwindcss@3.4.19 want: ^1.2.2
368 silly placeDep ROOT dlv@1.1.3 OK for: tailwindcss@3.4.19 want: ^1.1.3
369 silly placeDep ROOT fast-glob@3.3.3 OK for: tailwindcss@3.4.19 want: ^3.3.2
370 silly placeDep ROOT glob-parent@6.0.2 OK for: tailwindcss@3.4.19 want: ^6.0.2
371 silly placeDep ROOT is-glob@4.0.3 OK for: tailwindcss@3.4.19 want: ^4.0.3
372 silly placeDep ROOT jiti@1.21.7 OK for: tailwindcss@3.4.19 want: ^1.21.7
373 silly placeDep ROOT lilconfig@3.1.3 OK for: tailwindcss@3.4.19 want: ^3.1.3
374 silly placeDep ROOT micromatch@4.0.8 OK for: tailwindcss@3.4.19 want: ^4.0.8
375 silly placeDep ROOT normalize-path@3.0.0 OK for: tailwindcss@3.4.19 want: ^3.0.0
376 silly placeDep ROOT object-hash@3.0.0 OK for: tailwindcss@3.4.19 want: ^3.0.0
377 silly placeDep ROOT postcss-import@15.1.0 OK for: tailwindcss@3.4.19 want: ^15.1.0
378 silly placeDep ROOT postcss-js@4.1.0 OK for: tailwindcss@3.4.19 want: ^4.0.1
379 silly placeDep ROOT postcss-load-config@6.0.1 OK for: tailwindcss@3.4.19 want: ^4.0.2 || ^5.0 || ^6.0
380 silly placeDep ROOT postcss-nested@6.2.0 OK for: tailwindcss@3.4.19 want: ^6.2.0
381 silly placeDep ROOT postcss-selector-parser@6.1.2 OK for: tailwindcss@3.4.19 want: ^6.1.2
382 silly placeDep ROOT resolve@1.22.11 OK for: tailwindcss@3.4.19 want: ^1.22.8
383 silly placeDep ROOT sucrase@3.35.1 OK for: tailwindcss@3.4.19 want: ^3.35.0
384 silly fetch manifest anymatch@~3.1.2
385 silly packumentCache full:https://registry.npmmirror.com/anymatch cache-miss
386 silly fetch manifest braces@~3.0.2
387 silly packumentCache full:https://registry.npmmirror.com/braces cache-miss
388 silly fetch manifest glob-parent@~5.1.2
389 silly packumentCache full:https://registry.npmmirror.com/glob-parent cache-hit
390 silly fetch manifest is-binary-path@~2.1.0
391 silly packumentCache full:https://registry.npmmirror.com/is-binary-path cache-miss
392 silly fetch manifest is-glob@~4.0.1
393 silly packumentCache full:https://registry.npmmirror.com/is-glob cache-hit
394 silly fetch manifest normalize-path@~3.0.0
395 silly packumentCache full:https://registry.npmmirror.com/normalize-path cache-hit
396 silly fetch manifest readdirp@~3.6.0
397 silly packumentCache full:https://registry.npmmirror.com/readdirp cache-miss
398 silly fetch manifest @nodelib/fs.stat@^2.0.2
399 silly packumentCache full:https://registry.npmmirror.com/@nodelib%2ffs.stat cache-miss
400 silly fetch manifest @nodelib/fs.walk@^1.2.3
401 silly packumentCache full:https://registry.npmmirror.com/@nodelib%2ffs.walk cache-miss
402 silly fetch manifest glob-parent@^5.1.2
403 silly packumentCache full:https://registry.npmmirror.com/glob-parent cache-hit
404 silly fetch manifest merge2@^1.3.0
405 silly packumentCache full:https://registry.npmmirror.com/merge2 cache-miss
406 http cache https://registry.npmmirror.com/anymatch 3ms (cache hit)
407 silly packumentCache full:https://registry.npmmirror.com/anymatch set size:37760 disposed:false
408 silly fetch manifest is-extglob@^2.1.1
409 silly packumentCache full:https://registry.npmmirror.com/is-extglob cache-miss
410 http cache https://registry.npmmirror.com/braces 4ms (cache hit)
411 silly packumentCache full:https://registry.npmmirror.com/braces set size:112898 disposed:false
412 silly fetch manifest braces@^3.0.3
413 silly packumentCache full:https://registry.npmmirror.com/braces cache-hit
414 silly fetch manifest picomatch@^2.3.1
415 silly packumentCache full:https://registry.npmmirror.com/picomatch cache-miss
416 http cache https://registry.npmmirror.com/@nodelib%2ffs.stat 4ms (cache hit)
417 silly packumentCache full:https://registry.npmmirror.com/@nodelib%2ffs.stat set size:28111 disposed:false
418 silly fetch manifest read-cache@^1.0.0
419 silly packumentCache full:https://registry.npmmirror.com/read-cache cache-miss
420 http cache https://registry.npmmirror.com/is-binary-path 5ms (cache hit)
421 silly packumentCache full:https://registry.npmmirror.com/is-binary-path set size:11426 disposed:false
422 silly fetch manifest resolve@^1.1.7
423 silly packumentCache full:https://registry.npmmirror.com/resolve cache-hit
424 silly fetch manifest camelcase-css@^2.0.1
425 silly packumentCache full:https://registry.npmmirror.com/camelcase-css cache-miss
426 http cache https://registry.npmmirror.com/merge2 5ms (cache hit)
427 silly packumentCache full:https://registry.npmmirror.com/merge2 set size:40023 disposed:false
428 silly fetch manifest postcss-selector-parser@^6.1.1
429 silly packumentCache full:https://registry.npmmirror.com/postcss-selector-parser cache-hit
430 silly fetch manifest cssesc@^3.0.0
431 silly packumentCache full:https://registry.npmmirror.com/cssesc cache-miss
432 http cache https://registry.npmmirror.com/@nodelib%2ffs.walk 5ms (cache hit)
433 silly packumentCache full:https://registry.npmmirror.com/@nodelib%2ffs.walk set size:35867 disposed:false
434 silly fetch manifest util-deprecate@^1.0.2
435 silly packumentCache full:https://registry.npmmirror.com/util-deprecate cache-miss
436 http cache https://registry.npmmirror.com/readdirp 7ms (cache hit)
437 silly packumentCache full:https://registry.npmmirror.com/readdirp set size:95428 disposed:false
438 silly fetch manifest is-core-module@^2.16.1
439 silly packumentCache full:https://registry.npmmirror.com/is-core-module cache-miss
440 http cache https://registry.npmmirror.com/cssesc 3ms (cache hit)
441 silly packumentCache full:https://registry.npmmirror.com/cssesc set size:16783 disposed:false
442 silly fetch manifest path-parse@^1.0.7
443 silly packumentCache full:https://registry.npmmirror.com/path-parse cache-miss
444 http cache https://registry.npmmirror.com/is-extglob 7ms (cache hit)
445 silly packumentCache full:https://registry.npmmirror.com/is-extglob set size:11880 disposed:false
446 silly fetch manifest supports-preserve-symlinks-flag@^1.0.0
447 silly packumentCache full:https://registry.npmmirror.com/supports-preserve-symlinks-flag cache-miss
448 http cache https://registry.npmmirror.com/picomatch 6ms (cache hit)
449 silly packumentCache full:https://registry.npmmirror.com/picomatch set size:99804 disposed:false
450 silly fetch manifest @jridgewell/gen-mapping@^0.3.2
451 silly packumentCache full:https://registry.npmmirror.com/@jridgewell%2fgen-mapping cache-miss
452 http cache https://registry.npmmirror.com/util-deprecate 5ms (cache hit)
453 silly packumentCache full:https://registry.npmmirror.com/util-deprecate set size:6659 disposed:false
454 silly fetch manifest commander@^4.0.0
455 silly packumentCache full:https://registry.npmmirror.com/commander cache-miss
456 http cache https://registry.npmmirror.com/read-cache 7ms (cache hit)
457 silly packumentCache full:https://registry.npmmirror.com/read-cache set size:3033 disposed:false
458 silly fetch manifest lines-and-columns@^1.1.6
459 silly packumentCache full:https://registry.npmmirror.com/lines-and-columns cache-miss
460 http cache https://registry.npmmirror.com/camelcase-css 8ms (cache hit)
461 silly packumentCache full:https://registry.npmmirror.com/camelcase-css set size:8356 disposed:false
462 silly fetch manifest mz@^2.7.0
463 silly packumentCache full:https://registry.npmmirror.com/mz cache-miss
464 http cache https://registry.npmmirror.com/is-core-module 6ms (cache hit)
465 silly packumentCache full:https://registry.npmmirror.com/is-core-module set size:66005 disposed:false
466 silly fetch manifest pirates@^4.0.1
467 silly packumentCache full:https://registry.npmmirror.com/pirates cache-miss
468 http cache https://registry.npmmirror.com/path-parse 6ms (cache hit)
469 silly packumentCache full:https://registry.npmmirror.com/path-parse set size:12468 disposed:false
470 silly fetch manifest tinyglobby@^0.2.11
471 silly packumentCache full:https://registry.npmmirror.com/tinyglobby cache-miss
472 http cache https://registry.npmmirror.com/commander 5ms (cache hit)
473 silly packumentCache full:https://registry.npmmirror.com/commander set size:285008 disposed:false
474 silly fetch manifest ts-interface-checker@^0.1.9
475 silly packumentCache full:https://registry.npmmirror.com/ts-interface-checker cache-miss
476 http cache https://registry.npmmirror.com/@jridgewell%2fgen-mapping 7ms (cache hit)
477 silly packumentCache full:https://registry.npmmirror.com/@jridgewell%2fgen-mapping set size:83227 disposed:false
478 http cache https://registry.npmmirror.com/supports-preserve-symlinks-flag 8ms (cache hit)
479 silly packumentCache full:https://registry.npmmirror.com/supports-preserve-symlinks-flag set size:6704 disposed:false
480 http cache https://registry.npmmirror.com/lines-and-columns 7ms (cache hit)
481 silly packumentCache full:https://registry.npmmirror.com/lines-and-columns set size:70564 disposed:false
482 http cache https://registry.npmmirror.com/mz 6ms (cache hit)
483 silly packumentCache full:https://registry.npmmirror.com/mz set size:40893 disposed:false
484 http cache https://registry.npmmirror.com/pirates 7ms (cache hit)
485 silly packumentCache full:https://registry.npmmirror.com/pirates set size:50016 disposed:false
486 http cache https://registry.npmmirror.com/tinyglobby 6ms (cache hit)
487 silly packumentCache full:https://registry.npmmirror.com/tinyglobby set size:52303 disposed:false
488 http cache https://registry.npmmirror.com/ts-interface-checker 4ms (cache hit)
489 silly packumentCache full:https://registry.npmmirror.com/ts-interface-checker set size:46076 disposed:false
490 silly placeDep ROOT anymatch@3.1.3 OK for: chokidar@3.6.0 want: ~3.1.2
491 silly placeDep ROOT braces@3.0.3 OK for: chokidar@3.6.0 want: ~3.0.2
492 silly placeDep ROOT fsevents@2.3.3 OK for: chokidar@3.6.0 want: ~2.3.2
493 silly placeDep node_modules/chokidar glob-parent@5.1.2 OK for: chokidar@3.6.0 want: ~5.1.2
494 silly placeDep ROOT is-binary-path@2.1.0 OK for: chokidar@3.6.0 want: ~2.1.0
495 silly placeDep ROOT readdirp@3.6.0 OK for: chokidar@3.6.0 want: ~3.6.0
496 silly fetch manifest picomatch@^2.0.4
497 silly packumentCache full:https://registry.npmmirror.com/picomatch cache-hit
498 silly fetch manifest fill-range@^7.1.1
499 silly packumentCache full:https://registry.npmmirror.com/fill-range cache-miss
500 silly fetch manifest binary-extensions@^2.0.0
501 silly packumentCache full:https://registry.npmmirror.com/binary-extensions cache-miss
502 silly fetch manifest picomatch@^2.2.1
503 silly packumentCache full:https://registry.npmmirror.com/picomatch cache-hit
504 http cache https://registry.npmmirror.com/binary-extensions 2ms (cache hit)
505 silly packumentCache full:https://registry.npmmirror.com/binary-extensions set size:43165 disposed:false
506 http cache https://registry.npmmirror.com/fill-range 2ms (cache hit)
507 silly packumentCache full:https://registry.npmmirror.com/fill-range set size:79685 disposed:false
508 silly placeDep ROOT picomatch@2.3.1 OK for: anymatch@3.1.3 want: ^2.0.4
509 silly placeDep ROOT fill-range@7.1.1 OK for: braces@3.0.3 want: ^7.1.1
510 silly fetch manifest to-regex-range@^5.0.1
511 silly packumentCache full:https://registry.npmmirror.com/to-regex-range cache-miss
512 http cache https://registry.npmmirror.com/to-regex-range 1ms (cache hit)
513 silly packumentCache full:https://registry.npmmirror.com/to-regex-range set size:55700 disposed:false
514 silly placeDep ROOT @nodelib/fs.stat@2.0.5 OK for: fast-glob@3.3.3 want: ^2.0.2
515 silly placeDep ROOT @nodelib/fs.walk@1.2.8 OK for: fast-glob@3.3.3 want: ^1.2.3
516 silly placeDep node_modules/fast-glob glob-parent@5.1.2 OK for: fast-glob@3.3.3 want: ^5.1.2
517 silly placeDep ROOT merge2@1.4.1 OK for: fast-glob@3.3.3 want: ^1.3.0
518 silly fetch manifest @nodelib/fs.scandir@2.1.5
519 silly packumentCache full:https://registry.npmmirror.com/@nodelib%2ffs.scandir cache-miss
520 silly fetch manifest fastq@^1.6.0
521 silly packumentCache full:https://registry.npmmirror.com/fastq cache-miss
522 http cache https://registry.npmmirror.com/@nodelib%2ffs.scandir 1ms (cache hit)
523 silly packumentCache full:https://registry.npmmirror.com/@nodelib%2ffs.scandir set size:38674 disposed:false
524 http cache https://registry.npmmirror.com/fastq 1ms (cache hit)
525 silly packumentCache full:https://registry.npmmirror.com/fastq set size:68593 disposed:false
526 silly placeDep ROOT @nodelib/fs.scandir@2.1.5 OK for: @nodelib/fs.walk@1.2.8 want: 2.1.5
527 silly placeDep ROOT fastq@1.20.1 OK for: @nodelib/fs.walk@1.2.8 want: ^1.6.0
528 silly fetch manifest run-parallel@^1.1.9
529 silly packumentCache full:https://registry.npmmirror.com/run-parallel cache-miss
530 silly fetch manifest reusify@^1.0.4
531 silly packumentCache full:https://registry.npmmirror.com/reusify cache-miss
532 http cache https://registry.npmmirror.com/reusify 2ms (cache hit)
533 silly packumentCache full:https://registry.npmmirror.com/reusify set size:14270 disposed:false
534 http cache https://registry.npmmirror.com/run-parallel 3ms (cache hit)
535 silly packumentCache full:https://registry.npmmirror.com/run-parallel set size:31746 disposed:false
536 silly placeDep ROOT run-parallel@1.2.0 OK for: @nodelib/fs.scandir@2.1.5 want: ^1.1.9
537 silly fetch manifest queue-microtask@^1.2.2
538 silly packumentCache full:https://registry.npmmirror.com/queue-microtask cache-miss
539 http cache https://registry.npmmirror.com/queue-microtask 2ms (cache hit)
540 silly packumentCache full:https://registry.npmmirror.com/queue-microtask set size:25336 disposed:false
541 silly placeDep ROOT reusify@1.1.0 OK for: fastq@1.20.1 want: ^1.0.4
542 silly placeDep ROOT to-regex-range@5.0.1 OK for: fill-range@7.1.1 want: ^5.0.1
543 silly fetch manifest is-number@^7.0.0
544 silly packumentCache full:https://registry.npmmirror.com/is-number cache-miss
545 http cache https://registry.npmmirror.com/is-number 1ms (cache hit)
546 silly packumentCache full:https://registry.npmmirror.com/is-number set size:35937 disposed:false
547 silly placeDep ROOT binary-extensions@2.3.0 OK for: is-binary-path@2.1.0 want: ^2.0.0
548 silly placeDep ROOT is-extglob@2.1.1 OK for: is-glob@4.0.3 want: ^2.1.1
549 silly placeDep ROOT read-cache@1.0.0 OK for: postcss-import@15.1.0 want: ^1.0.0
550 silly fetch manifest pify@^2.3.0
551 silly packumentCache full:https://registry.npmmirror.com/pify cache-miss
552 http cache https://registry.npmmirror.com/pify 1ms (cache hit)
553 silly packumentCache full:https://registry.npmmirror.com/pify set size:29706 disposed:false
554 silly placeDep ROOT camelcase-css@2.0.1 OK for: postcss-js@4.1.0 want: ^2.0.1
555 silly placeDep ROOT cssesc@3.0.0 OK for: postcss-selector-parser@6.1.2 want: ^3.0.0
556 silly placeDep ROOT util-deprecate@1.0.2 OK for: postcss-selector-parser@6.1.2 want: ^1.0.2
557 silly placeDep ROOT pify@2.3.0 OK for: read-cache@1.0.0 want: ^2.3.0
558 silly placeDep ROOT is-core-module@2.16.1 OK for: resolve@1.22.11 want: ^2.16.1
559 silly placeDep ROOT path-parse@1.0.7 OK for: resolve@1.22.11 want: ^1.0.7
560 silly placeDep ROOT supports-preserve-symlinks-flag@1.0.0 OK for: resolve@1.22.11 want: ^1.0.0
561 silly fetch manifest hasown@^2.0.2
562 silly packumentCache full:https://registry.npmmirror.com/hasown cache-miss
563 http cache https://registry.npmmirror.com/hasown 0ms (cache hit)
564 silly packumentCache full:https://registry.npmmirror.com/hasown set size:12847 disposed:false
565 silly placeDep ROOT hasown@2.0.2 OK for: is-core-module@2.16.1 want: ^2.0.2
566 silly fetch manifest function-bind@^1.1.2
567 silly packumentCache full:https://registry.npmmirror.com/function-bind cache-miss
568 http cache https://registry.npmmirror.com/function-bind 1ms (cache hit)
569 silly packumentCache full:https://registry.npmmirror.com/function-bind set size:15630 disposed:false
570 silly placeDep ROOT function-bind@1.1.2 OK for: hasown@2.0.2 want: ^1.1.2
571 silly placeDep ROOT queue-microtask@1.2.3 OK for: run-parallel@1.2.0 want: ^1.2.2
572 silly placeDep ROOT @jridgewell/gen-mapping@0.3.13 OK for: sucrase@3.35.1 want: ^0.3.2
573 silly placeDep ROOT commander@4.1.1 OK for: sucrase@3.35.1 want: ^4.0.0
574 silly placeDep ROOT lines-and-columns@1.2.4 OK for: sucrase@3.35.1 want: ^1.1.6
575 silly placeDep ROOT mz@2.7.0 OK for: sucrase@3.35.1 want: ^2.7.0
576 silly placeDep ROOT pirates@4.0.7 OK for: sucrase@3.35.1 want: ^4.0.1
577 silly placeDep ROOT tinyglobby@0.2.15 OK for: sucrase@3.35.1 want: ^0.2.11
578 silly placeDep ROOT ts-interface-checker@0.1.13 OK for: sucrase@3.35.1 want: ^0.1.9
579 silly fetch manifest @jridgewell/trace-mapping@^0.3.24
580 silly packumentCache full:https://registry.npmmirror.com/@jridgewell%2ftrace-mapping cache-miss
581 silly fetch manifest any-promise@^1.0.0
582 silly packumentCache full:https://registry.npmmirror.com/any-promise cache-miss
583 silly fetch manifest object-assign@^4.0.1
584 silly packumentCache full:https://registry.npmmirror.com/object-assign cache-miss
585 silly fetch manifest thenify-all@^1.0.0
586 silly packumentCache full:https://registry.npmmirror.com/thenify-all cache-miss
587 silly fetch manifest fdir@^6.5.0
588 silly packumentCache full:https://registry.npmmirror.com/fdir cache-miss
589 silly fetch manifest picomatch@^4.0.3
590 silly packumentCache full:https://registry.npmmirror.com/picomatch cache-hit
591 http cache https://registry.npmmirror.com/any-promise 2ms (cache hit)
592 silly packumentCache full:https://registry.npmmirror.com/any-promise set size:20149 disposed:false
593 http cache https://registry.npmmirror.com/@jridgewell%2ftrace-mapping 2ms (cache hit)
594 silly packumentCache full:https://registry.npmmirror.com/@jridgewell%2ftrace-mapping set size:171781 disposed:false
595 http cache https://registry.npmmirror.com/fdir 3ms (cache hit)
596 silly packumentCache full:https://registry.npmmirror.com/fdir set size:111746 disposed:false
597 http cache https://registry.npmmirror.com/object-assign 4ms (cache hit)
598 silly packumentCache full:https://registry.npmmirror.com/object-assign set size:27397 disposed:false
599 http cache https://registry.npmmirror.com/thenify-all 4ms (cache hit)
600 silly packumentCache full:https://registry.npmmirror.com/thenify-all set size:18394 disposed:false
601 silly placeDep ROOT @jridgewell/trace-mapping@0.3.31 OK for: @jridgewell/gen-mapping@0.3.13 want: ^0.3.24
602 silly fetch manifest @jridgewell/resolve-uri@^3.1.0
603 silly packumentCache full:https://registry.npmmirror.com/@jridgewell%2fresolve-uri cache-miss
604 http cache https://registry.npmmirror.com/@jridgewell%2fresolve-uri 1ms (cache hit)
605 silly packumentCache full:https://registry.npmmirror.com/@jridgewell%2fresolve-uri set size:54227 disposed:false
606 silly placeDep ROOT @jridgewell/resolve-uri@3.1.2 OK for: @jridgewell/trace-mapping@0.3.31 want: ^3.1.0
607 silly placeDep ROOT any-promise@1.3.0 OK for: mz@2.7.0 want: ^1.0.0
608 silly placeDep ROOT object-assign@4.1.1 OK for: mz@2.7.0 want: ^4.0.1
609 silly placeDep ROOT thenify-all@1.6.0 OK for: mz@2.7.0 want: ^1.0.0
610 silly fetch manifest thenify@>= 3.1.0 < 4
611 silly packumentCache full:https://registry.npmmirror.com/thenify cache-miss
612 http cache https://registry.npmmirror.com/thenify 1ms (cache hit)
613 silly packumentCache full:https://registry.npmmirror.com/thenify set size:20162 disposed:false
614 silly placeDep ROOT thenify@3.3.1 OK for: thenify-all@1.6.0 want: >= 3.1.0 < 4
615 silly placeDep ROOT globalyzer@0.1.0 OK for: tiny-glob@0.2.9 want: 0.1.0
616 silly placeDep ROOT globrex@0.1.2 OK for: tiny-glob@0.2.9 want: ^0.1.2
617 silly placeDep node_modules/tinyglobby fdir@6.5.0 OK for: tinyglobby@0.2.15 want: ^6.5.0
618 silly placeDep node_modules/tinyglobby picomatch@4.0.3 OK for: fdir@6.5.0 want: ^3 || ^4
619 silly placeDep ROOT is-number@7.0.0 OK for: to-regex-range@5.0.1 want: ^7.0.0
620 silly placeDep ROOT @fastify/busboy@2.1.1 OK for: undici@5.29.0 want: ^2.0.0
621 silly placeDep ROOT escalade@3.2.0 OK for: update-browserslist-db@1.2.3 want: ^3.2.0
622 silly placeDep ROOT esbuild@0.18.20 OK for: vite@4.5.14 want: ^0.18.10
623 silly placeDep ROOT rollup@3.29.5 OK for: vite@4.5.14 want: ^3.27.1
624 silly fetch manifest @esbuild/android-arm@0.18.20
625 silly packumentCache full:https://registry.npmmirror.com/@esbuild%2fandroid-arm cache-miss
626 silly fetch manifest @esbuild/android-arm64@0.18.20
627 silly packumentCache full:https://registry.npmmirror.com/@esbuild%2fandroid-arm64 cache-miss
628 silly fetch manifest @esbuild/android-x64@0.18.20
629 silly packumentCache full:https://registry.npmmirror.com/@esbuild%2fandroid-x64 cache-miss
630 silly fetch manifest @esbuild/darwin-arm64@0.18.20
631 silly packumentCache full:https://registry.npmmirror.com/@esbuild%2fdarwin-arm64 cache-miss
632 silly fetch manifest @esbuild/darwin-x64@0.18.20
633 silly packumentCache full:https://registry.npmmirror.com/@esbuild%2fdarwin-x64 cache-miss
634 silly fetch manifest @esbuild/freebsd-arm64@0.18.20
635 silly packumentCache full:https://registry.npmmirror.com/@esbuild%2ffreebsd-arm64 cache-miss
636 silly fetch manifest @esbuild/freebsd-x64@0.18.20
637 silly packumentCache full:https://registry.npmmirror.com/@esbuild%2ffreebsd-x64 cache-miss
638 http cache https://registry.npmmirror.com/@esbuild%2fandroid-arm 4ms (cache hit)
639 silly packumentCache full:https://registry.npmmirror.com/@esbuild%2fandroid-arm set size:224914 disposed:false
640 silly fetch manifest @esbuild/linux-arm@0.18.20
641 silly packumentCache full:https://registry.npmmirror.com/@esbuild%2flinux-arm cache-miss
642 http cache https://registry.npmmirror.com/@esbuild%2fdarwin-arm64 5ms (cache hit)
643 silly packumentCache full:https://registry.npmmirror.com/@esbuild%2fdarwin-arm64 set size:200210 disposed:false
644 silly fetch manifest @esbuild/linux-arm64@0.18.20
645 silly packumentCache full:https://registry.npmmirror.com/@esbuild%2flinux-arm64 cache-miss
646 http cache https://registry.npmmirror.com/@esbuild%2fdarwin-x64 5ms (cache hit)
647 silly packumentCache full:https://registry.npmmirror.com/@esbuild%2fdarwin-x64 set size:198556 disposed:false
648 silly fetch manifest @esbuild/linux-ia32@0.18.20
649 silly packumentCache full:https://registry.npmmirror.com/@esbuild%2flinux-ia32 cache-miss
650 http cache https://registry.npmmirror.com/@esbuild%2ffreebsd-arm64 6ms (cache hit)
651 silly packumentCache full:https://registry.npmmirror.com/@esbuild%2ffreebsd-arm64 set size:201052 disposed:false
652 silly fetch manifest @esbuild/linux-loong64@0.18.20
653 silly packumentCache full:https://registry.npmmirror.com/@esbuild%2flinux-loong64 cache-miss
654 http cache https://registry.npmmirror.com/@esbuild%2fandroid-x64 7ms (cache hit)
655 silly packumentCache full:https://registry.npmmirror.com/@esbuild%2fandroid-x64 set size:197943 disposed:false
656 silly fetch manifest @esbuild/linux-mips64el@0.18.20
657 silly packumentCache full:https://registry.npmmirror.com/@esbuild%2flinux-mips64el cache-miss
658 http cache https://registry.npmmirror.com/@esbuild%2fandroid-arm64 8ms (cache hit)
659 silly packumentCache full:https://registry.npmmirror.com/@esbuild%2fandroid-arm64 set size:203017 disposed:false
660 silly fetch manifest @esbuild/linux-ppc64@0.18.20
661 silly packumentCache full:https://registry.npmmirror.com/@esbuild%2flinux-ppc64 cache-miss
662 http cache https://registry.npmmirror.com/@esbuild%2ffreebsd-x64 10ms (cache hit)
663 silly packumentCache full:https://registry.npmmirror.com/@esbuild%2ffreebsd-x64 set size:199380 disposed:false
664 silly fetch manifest @esbuild/linux-riscv64@0.18.20
665 silly packumentCache full:https://registry.npmmirror.com/@esbuild%2flinux-riscv64 cache-miss
666 http cache https://registry.npmmirror.com/@esbuild%2flinux-loong64 6ms (cache hit)
667 silly packumentCache full:https://registry.npmmirror.com/@esbuild%2flinux-loong64 set size:255940 disposed:false
668 silly fetch manifest @esbuild/linux-s390x@0.18.20
669 silly packumentCache full:https://registry.npmmirror.com/@esbuild%2flinux-s390x cache-miss
670 http cache https://registry.npmmirror.com/@esbuild%2flinux-mips64el 6ms (cache hit)
671 silly packumentCache full:https://registry.npmmirror.com/@esbuild%2flinux-mips64el set size:203142 disposed:false
672 silly fetch manifest @esbuild/linux-x64@0.18.20
673 silly packumentCache full:https://registry.npmmirror.com/@esbuild%2flinux-x64 cache-miss
674 http cache https://registry.npmmirror.com/@esbuild%2flinux-arm 10ms (cache hit)
675 silly packumentCache full:https://registry.npmmirror.com/@esbuild%2flinux-arm set size:197558 disposed:false
676 silly fetch manifest @esbuild/netbsd-x64@0.18.20
677 silly packumentCache full:https://registry.npmmirror.com/@esbuild%2fnetbsd-x64 cache-miss
678 http cache https://registry.npmmirror.com/@esbuild%2flinux-arm64 11ms (cache hit)
679 silly packumentCache full:https://registry.npmmirror.com/@esbuild%2flinux-arm64 set size:199569 disposed:false
680 silly fetch manifest @esbuild/openbsd-x64@0.18.20
681 silly packumentCache full:https://registry.npmmirror.com/@esbuild%2fopenbsd-x64 cache-miss
682 http cache https://registry.npmmirror.com/@esbuild%2flinux-ia32 11ms (cache hit)
683 silly packumentCache full:https://registry.npmmirror.com/@esbuild%2flinux-ia32 set size:198509 disposed:false
684 silly fetch manifest @esbuild/sunos-x64@0.18.20
685 silly packumentCache full:https://registry.npmmirror.com/@esbuild%2fsunos-x64 cache-miss
686 http cache https://registry.npmmirror.com/@esbuild%2flinux-ppc64 9ms (cache hit)
687 silly packumentCache full:https://registry.npmmirror.com/@esbuild%2flinux-ppc64 set size:201498 disposed:false
688 silly fetch manifest @esbuild/win32-arm64@0.18.20
689 silly packumentCache full:https://registry.npmmirror.com/@esbuild%2fwin32-arm64 cache-miss
690 http cache https://registry.npmmirror.com/@esbuild%2flinux-riscv64 8ms (cache hit)
691 silly packumentCache full:https://registry.npmmirror.com/@esbuild%2flinux-riscv64 set size:201173 disposed:false
692 silly fetch manifest @esbuild/win32-ia32@0.18.20
693 silly packumentCache full:https://registry.npmmirror.com/@esbuild%2fwin32-ia32 cache-miss
694 http cache https://registry.npmmirror.com/@esbuild%2flinux-s390x 7ms (cache hit)
695 silly packumentCache full:https://registry.npmmirror.com/@esbuild%2flinux-s390x set size:201000 disposed:false
696 silly fetch manifest @esbuild/win32-x64@0.18.20
697 silly packumentCache full:https://registry.npmmirror.com/@esbuild%2fwin32-x64 cache-miss
698 http cache https://registry.npmmirror.com/@esbuild%2fnetbsd-x64 7ms (cache hit)
699 silly packumentCache full:https://registry.npmmirror.com/@esbuild%2fnetbsd-x64 set size:196386 disposed:false
700 http cache https://registry.npmmirror.com/@esbuild%2flinux-x64 9ms (cache hit)
701 silly packumentCache full:https://registry.npmmirror.com/@esbuild%2flinux-x64 set size:197883 disposed:false
702 http cache https://registry.npmmirror.com/@esbuild%2fopenbsd-x64 7ms (cache hit)
703 silly packumentCache full:https://registry.npmmirror.com/@esbuild%2fopenbsd-x64 set size:199384 disposed:false
704 http cache https://registry.npmmirror.com/@esbuild%2fsunos-x64 7ms (cache hit)
705 silly packumentCache full:https://registry.npmmirror.com/@esbuild%2fsunos-x64 set size:198112 disposed:false
706 http cache https://registry.npmmirror.com/@esbuild%2fwin32-ia32 7ms (cache hit)
707 silly packumentCache full:https://registry.npmmirror.com/@esbuild%2fwin32-ia32 set size:198724 disposed:false
708 http cache https://registry.npmmirror.com/@esbuild%2fwin32-arm64 8ms (cache hit)
709 silly packumentCache full:https://registry.npmmirror.com/@esbuild%2fwin32-arm64 set size:199788 disposed:false
710 http cache https://registry.npmmirror.com/@esbuild%2fwin32-x64 6ms (cache hit)
711 silly packumentCache full:https://registry.npmmirror.com/@esbuild%2fwin32-x64 set size:198113 disposed:false
712 silly placeDep ROOT @esbuild/android-arm@0.18.20 OK for: esbuild@0.18.20 want: 0.18.20
713 silly placeDep ROOT @esbuild/android-arm64@0.18.20 OK for: esbuild@0.18.20 want: 0.18.20
714 silly placeDep ROOT @esbuild/android-x64@0.18.20 OK for: esbuild@0.18.20 want: 0.18.20
715 silly placeDep ROOT @esbuild/darwin-arm64@0.18.20 OK for: esbuild@0.18.20 want: 0.18.20
716 silly placeDep ROOT @esbuild/darwin-x64@0.18.20 OK for: esbuild@0.18.20 want: 0.18.20
717 silly placeDep ROOT @esbuild/freebsd-arm64@0.18.20 OK for: esbuild@0.18.20 want: 0.18.20
718 silly placeDep ROOT @esbuild/freebsd-x64@0.18.20 OK for: esbuild@0.18.20 want: 0.18.20
719 silly placeDep ROOT @esbuild/linux-arm@0.18.20 OK for: esbuild@0.18.20 want: 0.18.20
720 silly placeDep ROOT @esbuild/linux-arm64@0.18.20 OK for: esbuild@0.18.20 want: 0.18.20
721 silly placeDep ROOT @esbuild/linux-ia32@0.18.20 OK for: esbuild@0.18.20 want: 0.18.20
722 silly placeDep ROOT @esbuild/linux-loong64@0.18.20 OK for: esbuild@0.18.20 want: 0.18.20
723 silly placeDep ROOT @esbuild/linux-mips64el@0.18.20 OK for: esbuild@0.18.20 want: 0.18.20
724 silly placeDep ROOT @esbuild/linux-ppc64@0.18.20 OK for: esbuild@0.18.20 want: 0.18.20
725 silly placeDep ROOT @esbuild/linux-riscv64@0.18.20 OK for: esbuild@0.18.20 want: 0.18.20
726 silly placeDep ROOT @esbuild/linux-s390x@0.18.20 OK for: esbuild@0.18.20 want: 0.18.20
727 silly placeDep ROOT @esbuild/linux-x64@0.18.20 OK for: esbuild@0.18.20 want: 0.18.20
728 silly placeDep ROOT @esbuild/netbsd-x64@0.18.20 OK for: esbuild@0.18.20 want: 0.18.20
729 silly placeDep ROOT @esbuild/openbsd-x64@0.18.20 OK for: esbuild@0.18.20 want: 0.18.20
730 silly placeDep ROOT @esbuild/sunos-x64@0.18.20 OK for: esbuild@0.18.20 want: 0.18.20
731 silly placeDep ROOT @esbuild/win32-arm64@0.18.20 OK for: esbuild@0.18.20 want: 0.18.20
732 silly placeDep ROOT @esbuild/win32-ia32@0.18.20 OK for: esbuild@0.18.20 want: 0.18.20
733 silly placeDep ROOT @esbuild/win32-x64@0.18.20 OK for: esbuild@0.18.20 want: 0.18.20
734 verbose type range
735 verbose stack @sveltejs/adapter-auto: No matching version found for @sveltejs/adapter-auto@^2.3.1.
735 verbose stack     at module.exports (/usr/local/lib/node_modules/npm/node_modules/npm-pick-manifest/lib/index.js:215:23)
735 verbose stack     at RegistryFetcher.manifest (/usr/local/lib/node_modules/npm/node_modules/pacote/lib/registry.js:130:54)
735 verbose stack     at async #fetchManifest (/usr/local/lib/node_modules/npm/node_modules/@npmcli/arborist/lib/arborist/build-ideal-tree.js:1202:20)
735 verbose stack     at async #nodeFromEdge (/usr/local/lib/node_modules/npm/node_modules/@npmcli/arborist/lib/arborist/build-ideal-tree.js:1040:19)
735 verbose stack     at async #buildDepStep (/usr/local/lib/node_modules/npm/node_modules/@npmcli/arborist/lib/arborist/build-ideal-tree.js:904:11)
735 verbose stack     at async Arborist.buildIdealTree (/usr/local/lib/node_modules/npm/node_modules/@npmcli/arborist/lib/arborist/build-ideal-tree.js:181:7)
735 verbose stack     at async Promise.all (index 1)
735 verbose stack     at async Arborist.reify (/usr/local/lib/node_modules/npm/node_modules/@npmcli/arborist/lib/arborist/reify.js:131:5)
735 verbose stack     at async Install.exec (/usr/local/lib/node_modules/npm/lib/commands/install.js:150:5)
735 verbose stack     at async Npm.exec (/usr/local/lib/node_modules/npm/lib/npm.js:207:9)
736 error code ETARGET
737 error notarget No matching version found for @sveltejs/adapter-auto@^2.3.1.
738 error notarget In most cases you or one of your dependencies are requesting
738 error notarget a package version that doesn't exist.
739 silly unfinished npm timer reify 1768098728814
740 silly unfinished npm timer reify:loadTrees 1768098728814
741 verbose cwd /Users/shibingzhang/git/imbinnng/renren-sveltekit
742 verbose os Darwin 24.6.0
743 verbose node v22.20.0
744 verbose npm  v10.9.3
745 verbose exit 1
746 verbose code 1
747 error A complete log of this run can be found in: /Users/shibingzhang/git/imbinnng/renren-sveltekit/npm-cache/_logs/2026-01-11T02_32_08_587Z-debug-0.log
