0 verbose cli /usr/local/bin/node /usr/local/bin/npm
1 info using npm@10.9.3
2 info using node@v22.20.0
3 silly config load:file:/usr/local/lib/node_modules/npm/npmrc
4 silly config load:file:/Users/shibingzhang/git/imbinnng/renren-sveltekit/.npmrc
5 silly config load:file:/Users/shibingzhang/.npmrc
6 silly config load:file:/Users/shibingzhang/.npm-global/etc/npmrc
7 verbose title npm install
8 verbose argv "install"
9 verbose logfile logs-max:10 dir:/Users/shibingzhang/git/imbinnng/renren-sveltekit/npm-cache/_logs/2026-01-11T02_32_27_460Z-
10 verbose logfile /Users/shibingzhang/git/imbinnng/renren-sveltekit/npm-cache/_logs/2026-01-11T02_32_27_460Z-debug-0.log
11 silly logfile start cleaning logs, removing 1 files
12 silly packumentCache heap:2197815296 maxSize:549453824 maxEntrySize:274726912
13 silly logfile done cleaning log files
14 silly idealTree buildDeps
15 silly fetch manifest clsx@^2.0.0
16 silly packumentCache full:https://registry.npmmirror.com/clsx cache-miss
17 http cache https://registry.npmmirror.com/clsx 5ms (cache hit)
18 silly packumentCache full:https://registry.npmmirror.com/clsx set size:32436 disposed:false
19 silly fetch manifest tailwind-merge@^2.0.0
20 silly packumentCache full:https://registry.npmmirror.com/tailwind-merge cache-miss
21 http cache https://registry.npmmirror.com/tailwind-merge 3ms (cache hit)
22 silly packumentCache full:https://registry.npmmirror.com/tailwind-merge set size:1444701 disposed:false
23 silly fetch manifest @sveltejs/adapter-auto@^3.3.1
24 silly packumentCache full:https://registry.npmmirror.com/@sveltejs%2fadapter-auto cache-miss
25 http cache https://registry.npmmirror.com/@sveltejs%2fadapter-auto 2ms (cache hit)
26 silly packumentCache full:https://registry.npmmirror.com/@sveltejs%2fadapter-auto set size:372114 disposed:false
27 silly fetch manifest @sveltejs/kit@^1.20.0
28 silly packumentCache full:https://registry.npmmirror.com/@sveltejs%2fkit cache-miss
29 http cache https://registry.npmmirror.com/@sveltejs%2fkit 6ms (cache hit)
30 silly packumentCache full:https://registry.npmmirror.com/@sveltejs%2fkit set size:3888389 disposed:false
31 silly fetch manifest @sveltejs/kit@^2.0.0
32 silly packumentCache full:https://registry.npmmirror.com/@sveltejs%2fkit cache-miss
33 http cache https://registry.npmmirror.com/@sveltejs%2fkit 7ms (cache hit)
34 silly packumentCache full:https://registry.npmmirror.com/@sveltejs%2fkit set size:3888389 disposed:false
35 silly fetch manifest svelte@^5.0.0
36 silly packumentCache full:https://registry.npmmirror.com/svelte cache-miss
37 http cache https://registry.npmmirror.com/svelte 8ms (cache hit)
38 silly packumentCache full:https://registry.npmmirror.com/svelte set size:4259793 disposed:false
39 silly fetch manifest vite@^5.0.0
40 silly packumentCache full:https://registry.npmmirror.com/vite cache-miss
41 http cache https://registry.npmmirror.com/vite 57ms (cache hit)
42 silly packumentCache full:https://registry.npmmirror.com/vite set size:38504945 disposed:false
43 silly fetch manifest vite@^4.0.0
44 silly packumentCache full:https://registry.npmmirror.com/vite cache-miss
45 http cache https://registry.npmmirror.com/vite 33ms (cache hit)
46 silly packumentCache full:https://registry.npmmirror.com/vite set size:38504945 disposed:false
47 silly fetch manifest @types/node@^18.0.0 || >=20.0.0
48 silly packumentCache full:https://registry.npmmirror.com/@types%2fnode cache-miss
49 http cache https://registry.npmmirror.com/@types%2fnode 16ms (cache hit)
50 silly packumentCache full:https://registry.npmmirror.com/@types%2fnode set size:9999876 disposed:false
51 silly fetch manifest less@*
52 silly packumentCache full:https://registry.npmmirror.com/less cache-miss
53 http cache https://registry.npmmirror.com/less 5ms (cache hit)
54 silly packumentCache full:https://registry.npmmirror.com/less set size:398393 disposed:false
55 silly fetch manifest lightningcss@^1.21.0
56 silly packumentCache full:https://registry.npmmirror.com/lightningcss cache-miss
57 http cache https://registry.npmmirror.com/lightningcss 3ms (cache hit)
58 silly packumentCache full:https://registry.npmmirror.com/lightningcss set size:178328 disposed:false
59 silly fetch manifest sass@*
60 silly packumentCache full:https://registry.npmmirror.com/sass cache-miss
61 http cache https://registry.npmmirror.com/sass 3ms (cache hit)
62 silly packumentCache full:https://registry.npmmirror.com/sass set size:594249 disposed:false
63 silly fetch manifest sass-embedded@*
64 silly packumentCache full:https://registry.npmmirror.com/sass-embedded cache-miss
65 http fetch GET 200 https://registry.npmmirror.com/sass-embedded 229ms (cache revalidated)
66 silly packumentCache full:https://registry.npmmirror.com/sass-embedded set size:414163 disposed:false
67 silly fetch manifest stylus@*
68 silly packumentCache full:https://registry.npmmirror.com/stylus cache-miss
69 http cache https://registry.npmmirror.com/stylus 2ms (cache hit)
70 silly packumentCache full:https://registry.npmmirror.com/stylus set size:312391 disposed:false
71 silly fetch manifest sugarss@*
72 silly packumentCache full:https://registry.npmmirror.com/sugarss cache-miss
73 http cache https://registry.npmmirror.com/sugarss 2ms (cache hit)
74 silly packumentCache full:https://registry.npmmirror.com/sugarss set size:38248 disposed:false
75 silly fetch manifest postcss@^8.5.6
76 silly packumentCache full:https://registry.npmmirror.com/postcss cache-miss
77 http cache https://registry.npmmirror.com/postcss 2ms (cache hit)
78 silly packumentCache full:https://registry.npmmirror.com/postcss set size:611725 disposed:false
79 silly fetch manifest terser@^5.4.0
80 silly packumentCache full:https://registry.npmmirror.com/terser cache-miss
81 http cache https://registry.npmmirror.com/terser 2ms (cache hit)
82 silly packumentCache full:https://registry.npmmirror.com/terser set size:679916 disposed:false
83 verbose stack Error: unable to resolve dependency tree
83 verbose stack     at #failPeerConflict (/usr/local/lib/node_modules/npm/node_modules/@npmcli/arborist/lib/arborist/build-ideal-tree.js:1363:25)
83 verbose stack     at #loadPeerSet (/usr/local/lib/node_modules/npm/node_modules/@npmcli/arborist/lib/arborist/build-ideal-tree.js:1329:33)
83 verbose stack     at async #loadPeerSet (/usr/local/lib/node_modules/npm/node_modules/@npmcli/arborist/lib/arborist/build-ideal-tree.js:1308:23)
83 verbose stack     at async #buildDepStep (/usr/local/lib/node_modules/npm/node_modules/@npmcli/arborist/lib/arborist/build-ideal-tree.js:904:11)
83 verbose stack     at async Arborist.buildIdealTree (/usr/local/lib/node_modules/npm/node_modules/@npmcli/arborist/lib/arborist/build-ideal-tree.js:181:7)
83 verbose stack     at async Promise.all (index 1)
83 verbose stack     at async Arborist.reify (/usr/local/lib/node_modules/npm/node_modules/@npmcli/arborist/lib/arborist/reify.js:131:5)
83 verbose stack     at async Install.exec (/usr/local/lib/node_modules/npm/lib/commands/install.js:150:5)
83 verbose stack     at async Npm.exec (/usr/local/lib/node_modules/npm/lib/npm.js:207:9)
83 verbose stack     at async module.exports (/usr/local/lib/node_modules/npm/lib/cli/entry.js:74:5)
84 error code ERESOLVE
85 error ERESOLVE unable to resolve dependency tree
86 error
87 error While resolving: renren-sveltekit@0.0.1
87 error Found: vite@5.4.21
87 error node_modules/vite
87 error   dev vite@"^5.0.0" from the root project
87 error
87 error Could not resolve dependency:
87 error peer vite@"^4.0.0" from @sveltejs/kit@1.30.4
87 error node_modules/@sveltejs/kit
87 error   dev @sveltejs/kit@"^1.20.0" from the root project
87 error
87 error Fix the upstream dependency conflict, or retry
87 error this command with --force or --legacy-peer-deps
87 error to accept an incorrect (and potentially broken) dependency resolution.
88 error
88 error
88 error For a full report see:
88 error /Users/shibingzhang/git/imbinnng/renren-sveltekit/npm-cache/_logs/2026-01-11T02_32_27_460Z-eresolve-report.txt
89 silly unfinished npm timer reify 1768098747700
90 silly unfinished npm timer reify:loadTrees 1768098747701
91 silly unfinished npm timer idealTree:buildDeps 1768098747706
92 silly unfinished npm timer idealTree:#root 1768098747706
93 verbose cwd /Users/shibingzhang/git/imbinnng/renren-sveltekit
94 verbose os Darwin 24.6.0
95 verbose node v22.20.0
96 verbose npm  v10.9.3
97 verbose exit 1
98 verbose code 1
99 error A complete log of this run can be found in: /Users/shibingzhang/git/imbinnng/renren-sveltekit/npm-cache/_logs/2026-01-11T02_32_27_460Z-debug-0.log
