0 verbose cli /usr/local/bin/node /usr/local/bin/npm
1 info using npm@10.9.3
2 info using node@v22.20.0
3 silly config load:file:/usr/local/lib/node_modules/npm/npmrc
4 silly config load:file:/Users/shibingzhang/git/imbinnng/renren-sveltekit/.npmrc
5 silly config load:file:/Users/shibingzhang/.npmrc
6 silly config load:file:/Users/shibingzhang/.npm-global/etc/npmrc
7 verbose title npm install
8 verbose argv "install"
9 verbose logfile logs-max:10 dir:/Users/shibingzhang/git/imbinnng/renren-sveltekit/npm-cache/_logs/2026-01-11T02_30_17_026Z-
10 verbose logfile /Users/shibingzhang/git/imbinnng/renren-sveltekit/npm-cache/_logs/2026-01-11T02_30_17_026Z-debug-0.log
11 silly logfile start cleaning logs, removing 1 files
12 silly packumentCache heap:2197815296 maxSize:549453824 maxEntrySize:274726912
13 silly logfile done cleaning log files
14 silly idealTree buildDeps
15 silly fetch manifest clsx@^2.0.0
16 silly packumentCache full:https://registry.npmmirror.com/clsx cache-miss
17 http fetch GET 200 https://registry.npmmirror.com/clsx 185ms (cache revalidated)
18 silly packumentCache full:https://registry.npmmirror.com/clsx set size:32436 disposed:false
19 silly fetch manifest tailwind-merge@^2.2.0
20 silly packumentCache full:https://registry.npmmirror.com/tailwind-merge cache-miss
21 http fetch GET 200 https://registry.npmmirror.com/tailwind-merge 93ms (cache revalidated)
22 silly packumentCache full:https://registry.npmmirror.com/tailwind-merge set size:1444701 disposed:false
23 silly fetch manifest @sveltejs/adapter-vercel@^2.30.5
24 silly packumentCache full:https://registry.npmmirror.com/@sveltejs%2fadapter-vercel cache-miss
25 http fetch GET 200 https://registry.npmmirror.com/@sveltejs%2fadapter-vercel 149ms (cache revalidated)
26 silly packumentCache full:https://registry.npmmirror.com/@sveltejs%2fadapter-vercel set size:477670 disposed:false
27 silly fetch manifest @sveltejs/kit@^1.20.4
28 silly packumentCache full:https://registry.npmmirror.com/@sveltejs%2fkit cache-miss
29 http fetch GET 200 https://registry.npmmirror.com/@sveltejs%2fkit 121ms (cache revalidated)
30 silly packumentCache full:https://registry.npmmirror.com/@sveltejs%2fkit set size:3888389 disposed:false
31 silly fetch manifest svelte@^3.58.0
32 silly packumentCache full:https://registry.npmmirror.com/svelte cache-miss
33 http fetch GET 200 https://registry.npmmirror.com/svelte 77ms (cache revalidated)
34 silly packumentCache full:https://registry.npmmirror.com/svelte set size:4259793 disposed:false
35 silly fetch manifest vite@^4.4.1
36 silly packumentCache full:https://registry.npmmirror.com/vite cache-miss
37 http fetch GET 200 https://registry.npmmirror.com/vite 105ms (cache revalidated)
38 silly packumentCache full:https://registry.npmmirror.com/vite set size:38504945 disposed:false
39 silly fetch manifest @types/node@>= 14
40 silly packumentCache full:https://registry.npmmirror.com/@types%2fnode cache-miss
41 http fetch GET 200 https://registry.npmmirror.com/@types%2fnode 75ms (cache revalidated)
42 silly packumentCache full:https://registry.npmmirror.com/@types%2fnode set size:9999876 disposed:false
43 silly fetch manifest less@*
44 silly packumentCache full:https://registry.npmmirror.com/less cache-miss
45 http fetch GET 200 https://registry.npmmirror.com/less 46ms (cache revalidated)
46 silly packumentCache full:https://registry.npmmirror.com/less set size:398393 disposed:false
47 silly fetch manifest lightningcss@^1.21.0
48 silly packumentCache full:https://registry.npmmirror.com/lightningcss cache-miss
49 http fetch GET 200 https://registry.npmmirror.com/lightningcss 77ms (cache revalidated)
50 silly packumentCache full:https://registry.npmmirror.com/lightningcss set size:178328 disposed:false
51 silly fetch manifest sass@*
52 silly packumentCache full:https://registry.npmmirror.com/sass cache-miss
53 http fetch GET 200 https://registry.npmmirror.com/sass 55ms (cache revalidated)
54 silly packumentCache full:https://registry.npmmirror.com/sass set size:594249 disposed:false
55 silly fetch manifest stylus@*
56 silly packumentCache full:https://registry.npmmirror.com/stylus cache-miss
57 http fetch GET 200 https://registry.npmmirror.com/stylus 55ms (cache revalidated)
58 silly packumentCache full:https://registry.npmmirror.com/stylus set size:312391 disposed:false
59 silly fetch manifest sugarss@*
60 silly packumentCache full:https://registry.npmmirror.com/sugarss cache-miss
61 http fetch GET 200 https://registry.npmmirror.com/sugarss 50ms (cache revalidated)
62 silly packumentCache full:https://registry.npmmirror.com/sugarss set size:38248 disposed:false
63 silly fetch manifest postcss@^8.5.6
64 silly packumentCache full:https://registry.npmmirror.com/postcss cache-miss
65 http fetch GET 200 https://registry.npmmirror.com/postcss 66ms (cache revalidated)
66 silly packumentCache full:https://registry.npmmirror.com/postcss set size:611725 disposed:false
67 silly fetch manifest terser@^5.4.0
68 silly packumentCache full:https://registry.npmmirror.com/terser cache-miss
69 http fetch GET 200 https://registry.npmmirror.com/terser 48ms (cache revalidated)
70 silly packumentCache full:https://registry.npmmirror.com/terser set size:679916 disposed:false
71 silly fetch manifest @sveltejs/vite-plugin-svelte@^2.4.6
72 silly packumentCache full:https://registry.npmmirror.com/@sveltejs%2fvite-plugin-svelte cache-miss
73 http fetch GET 200 https://registry.npmmirror.com/@sveltejs%2fvite-plugin-svelte 93ms (cache revalidated)
74 silly packumentCache full:https://registry.npmmirror.com/@sveltejs%2fvite-plugin-svelte set size:411148 disposed:false
75 silly fetch manifest autoprefixer@^10.4.23
76 silly packumentCache full:https://registry.npmmirror.com/autoprefixer cache-miss
77 http fetch GET 200 https://registry.npmmirror.com/autoprefixer 63ms (cache revalidated)
78 silly packumentCache full:https://registry.npmmirror.com/autoprefixer set size:1185262 disposed:false
79 silly fetch manifest tailwindcss@^3.4.19
80 silly packumentCache full:https://registry.npmmirror.com/tailwindcss cache-miss
81 http fetch GET 200 https://registry.npmmirror.com/tailwindcss 62ms (cache revalidated)
82 silly packumentCache full:https://registry.npmmirror.com/tailwindcss set size:10084629 disposed:false
83 silly placeDep ROOT @sveltejs/adapter-vercel@ OK for: renren-sveltekit@0.0.1 want: ^2.30.5
84 silly placeDep ROOT @sveltejs/kit@1.30.4 OK for: renren-sveltekit@0.0.1 want: ^1.20.4
85 silly placeDep ROOT svelte@3.59.2 OK for: @sveltejs/kit@1.30.4 want: ^3.54.0 || ^4.0.0-next.0 || ^5.0.0-next.0
86 silly placeDep ROOT vite@4.5.14 OK for: @sveltejs/kit@1.30.4 want: ^4.0.0
87 silly placeDep ROOT @sveltejs/vite-plugin-svelte@2.5.3 OK for: renren-sveltekit@0.0.1 want: ^2.4.6
88 silly placeDep ROOT autoprefixer@10.4.23 OK for: renren-sveltekit@0.0.1 want: ^10.4.23
89 silly placeDep ROOT postcss@8.5.6 OK for: autoprefixer@10.4.23 want: ^8.1.0
90 silly placeDep ROOT clsx@2.1.1 OK for: renren-sveltekit@0.0.1 want: ^2.0.0
91 silly placeDep ROOT tailwind-merge@2.6.0 OK for: renren-sveltekit@0.0.1 want: ^2.2.0
92 silly placeDep ROOT tailwindcss@3.4.19 OK for: renren-sveltekit@0.0.1 want: ^3.4.19
93 silly fetch manifest @sveltejs/vite-plugin-svelte@^2.5.0
94 silly packumentCache full:https://registry.npmmirror.com/@sveltejs%2fvite-plugin-svelte cache-hit
95 silly fetch manifest @types/cookie@^0.5.1
96 silly packumentCache full:https://registry.npmmirror.com/@types%2fcookie cache-miss
97 silly fetch manifest cookie@^0.5.0
98 silly packumentCache full:https://registry.npmmirror.com/cookie cache-miss
99 silly fetch manifest devalue@^4.3.1
100 silly packumentCache full:https://registry.npmmirror.com/devalue cache-miss
101 silly fetch manifest esm-env@^1.0.0
102 silly packumentCache full:https://registry.npmmirror.com/esm-env cache-miss
103 silly fetch manifest kleur@^4.1.5
104 silly packumentCache full:https://registry.npmmirror.com/kleur cache-miss
105 silly fetch manifest magic-string@^0.30.0
106 silly packumentCache full:https://registry.npmmirror.com/magic-string cache-miss
107 silly fetch manifest mrmime@^1.0.1
108 silly packumentCache full:https://registry.npmmirror.com/mrmime cache-miss
109 http fetch GET 200 https://registry.npmmirror.com/devalue 62ms (cache revalidated)
110 silly packumentCache full:https://registry.npmmirror.com/devalue set size:90451 disposed:false
111 silly fetch manifest sade@^1.8.1
112 silly packumentCache full:https://registry.npmmirror.com/sade cache-miss
113 http fetch GET 200 https://registry.npmmirror.com/cookie 116ms (cache revalidated)
114 silly packumentCache full:https://registry.npmmirror.com/cookie set size:70864 disposed:false
115 silly fetch manifest set-cookie-parser@^2.6.0
116 silly packumentCache full:https://registry.npmmirror.com/set-cookie-parser cache-miss
117 http fetch GET 200 https://registry.npmmirror.com/sade 60ms (cache revalidated)
118 silly packumentCache full:https://registry.npmmirror.com/sade set size:57470 disposed:false
119 silly fetch manifest sirv@^2.0.2
120 silly packumentCache full:https://registry.npmmirror.com/sirv cache-miss
121 http fetch GET 200 https://registry.npmmirror.com/mrmime 123ms (cache revalidated)
122 silly packumentCache full:https://registry.npmmirror.com/mrmime set size:16344 disposed:false
123 silly fetch manifest tiny-glob@^0.2.9
124 silly packumentCache full:https://registry.npmmirror.com/tiny-glob cache-miss
125 http fetch GET 200 https://registry.npmmirror.com/kleur 143ms (cache revalidated)
126 silly packumentCache full:https://registry.npmmirror.com/kleur set size:43285 disposed:false
127 silly fetch manifest undici@^5.28.3
128 silly packumentCache full:https://registry.npmmirror.com/undici cache-miss
129 http fetch GET 200 https://registry.npmmirror.com/sirv 48ms (cache revalidated)
130 silly packumentCache full:https://registry.npmmirror.com/sirv set size:81293 disposed:false
131 silly fetch manifest esbuild@^0.18.10
132 silly packumentCache full:https://registry.npmmirror.com/esbuild cache-miss
133 http fetch GET 200 https://registry.npmmirror.com/magic-string 174ms (cache revalidated)
134 silly packumentCache full:https://registry.npmmirror.com/magic-string set size:327576 disposed:false
135 silly fetch manifest postcss@^8.4.27
136 silly packumentCache full:https://registry.npmmirror.com/postcss cache-hit
137 silly fetch manifest rollup@^3.27.1
138 silly packumentCache full:https://registry.npmmirror.com/rollup cache-miss
139 http fetch GET 200 https://registry.npmmirror.com/esm-env 176ms (cache revalidated)
140 silly packumentCache full:https://registry.npmmirror.com/esm-env set size:20515 disposed:false
141 silly fetch manifest fsevents@~2.3.2
142 silly packumentCache full:https://registry.npmmirror.com/fsevents cache-miss
143 http fetch GET 200 https://registry.npmmirror.com/@types%2fcookie 178ms (cache revalidated)
144 silly packumentCache full:https://registry.npmmirror.com/@types%2fcookie set size:36749 disposed:false
145 silly fetch manifest @sveltejs/vite-plugin-svelte-inspector@^1.0.4
146 silly packumentCache full:https://registry.npmmirror.com/@sveltejs%2fvite-plugin-svelte-inspector cache-miss
147 http fetch GET 200 https://registry.npmmirror.com/undici 59ms (cache revalidated)
148 silly packumentCache full:https://registry.npmmirror.com/undici set size:1168070 disposed:false
149 silly fetch manifest debug@^4.3.4
150 silly packumentCache full:https://registry.npmmirror.com/debug cache-miss
151 http fetch GET 200 https://registry.npmmirror.com/set-cookie-parser 94ms (cache revalidated)
152 silly packumentCache full:https://registry.npmmirror.com/set-cookie-parser set size:55216 disposed:false
153 silly fetch manifest deepmerge@^4.3.1
154 silly packumentCache full:https://registry.npmmirror.com/deepmerge cache-miss
155 http fetch GET 200 https://registry.npmmirror.com/tiny-glob 90ms (cache revalidated)
156 silly packumentCache full:https://registry.npmmirror.com/tiny-glob set size:29344 disposed:false
157 silly fetch manifest magic-string@^0.30.3
158 silly packumentCache full:https://registry.npmmirror.com/magic-string cache-hit
159 silly fetch manifest svelte-hmr@^0.15.3
160 silly packumentCache full:https://registry.npmmirror.com/svelte-hmr cache-miss
161 http fetch GET 200 https://registry.npmmirror.com/fsevents 47ms (cache revalidated)
162 silly packumentCache full:https://registry.npmmirror.com/fsevents set size:122258 disposed:false
163 silly fetch manifest vitefu@^0.2.4
164 silly packumentCache full:https://registry.npmmirror.com/vitefu cache-miss
165 http fetch GET 200 https://registry.npmmirror.com/esbuild 54ms (cache revalidated)
166 silly packumentCache full:https://registry.npmmirror.com/esbuild set size:989435 disposed:false
167 silly fetch manifest browserslist@^4.28.1
168 silly packumentCache full:https://registry.npmmirror.com/browserslist cache-miss
169 http fetch GET 200 https://registry.npmmirror.com/rollup 72ms (cache revalidated)
170 silly packumentCache full:https://registry.npmmirror.com/rollup set size:5733350 disposed:false
171 silly fetch manifest caniuse-lite@^1.0.30001760
172 silly packumentCache full:https://registry.npmmirror.com/caniuse-lite cache-miss
173 http fetch GET 200 https://registry.npmmirror.com/deepmerge 64ms (cache revalidated)
174 silly packumentCache full:https://registry.npmmirror.com/deepmerge set size:86799 disposed:false
175 silly fetch manifest fraction.js@^5.3.4
176 silly packumentCache full:https://registry.npmmirror.com/fraction.js cache-miss
177 http fetch GET 200 https://registry.npmmirror.com/debug 69ms (cache revalidated)
178 silly packumentCache full:https://registry.npmmirror.com/debug set size:163683 disposed:false
179 silly fetch manifest picocolors@^1.1.1
180 silly packumentCache full:https://registry.npmmirror.com/picocolors cache-miss
181 http fetch GET 200 https://registry.npmmirror.com/@sveltejs%2fvite-plugin-svelte-inspector 102ms (cache revalidated)
182 silly packumentCache full:https://registry.npmmirror.com/@sveltejs%2fvite-plugin-svelte-inspector set size:66183 disposed:false
183 silly fetch manifest postcss-value-parser@^4.2.0
184 silly packumentCache full:https://registry.npmmirror.com/postcss-value-parser cache-miss
185 http fetch GET 200 https://registry.npmmirror.com/browserslist 51ms (cache revalidated)
186 silly packumentCache full:https://registry.npmmirror.com/browserslist set size:430109 disposed:false
187 silly fetch manifest nanoid@^3.3.11
188 silly packumentCache full:https://registry.npmmirror.com/nanoid cache-miss
189 http fetch GET 200 https://registry.npmmirror.com/svelte-hmr 94ms (cache revalidated)
190 silly packumentCache full:https://registry.npmmirror.com/svelte-hmr set size:173810 disposed:false
191 silly fetch manifest picocolors@^1.1.1
192 silly packumentCache full:https://registry.npmmirror.com/picocolors cache-miss
193 http fetch GET 200 https://registry.npmmirror.com/vitefu 89ms (cache revalidated)
194 silly packumentCache full:https://registry.npmmirror.com/vitefu set size:45140 disposed:false
195 silly fetch manifest source-map-js@^1.2.1
196 silly packumentCache full:https://registry.npmmirror.com/source-map-js cache-miss
197 http fetch GET 200 https://registry.npmmirror.com/nanoid 40ms (cache revalidated)
198 silly packumentCache full:https://registry.npmmirror.com/nanoid set size:235985 disposed:false
199 silly fetch manifest @alloc/quick-lru@^5.2.0
200 silly packumentCache full:https://registry.npmmirror.com/@alloc%2fquick-lru cache-miss
201 http fetch GET 200 https://registry.npmmirror.com/caniuse-lite 54ms (cache revalidated)
202 silly packumentCache full:https://registry.npmmirror.com/caniuse-lite set size:1931783 disposed:false
203 silly fetch manifest arg@^5.0.2
204 silly packumentCache full:https://registry.npmmirror.com/arg cache-miss
205 http fetch GET 200 https://registry.npmmirror.com/fraction.js 56ms (cache revalidated)
206 silly packumentCache full:https://registry.npmmirror.com/fraction.js set size:142438 disposed:false
207 silly fetch manifest chokidar@^3.6.0
208 silly packumentCache full:https://registry.npmmirror.com/chokidar cache-miss
209 http fetch GET 200 https://registry.npmmirror.com/postcss-value-parser 57ms (cache revalidated)
210 silly packumentCache full:https://registry.npmmirror.com/postcss-value-parser set size:67405 disposed:false
211 silly fetch manifest didyoumean@^1.2.2
212 silly packumentCache full:https://registry.npmmirror.com/didyoumean cache-miss
213 http fetch GET 200 https://registry.npmmirror.com/picocolors 62ms (cache revalidated)
214 silly packumentCache full:https://registry.npmmirror.com/picocolors set size:15692 disposed:false
215 silly fetch manifest dlv@^1.1.3
216 silly packumentCache full:https://registry.npmmirror.com/dlv cache-miss
217 http fetch GET 200 https://registry.npmmirror.com/picocolors 39ms (cache revalidated)
218 silly packumentCache full:https://registry.npmmirror.com/picocolors set size:15692 disposed:false
219 silly packumentCache full:https://registry.npmmirror.com/picocolors dispose
220 silly fetch manifest fast-glob@^3.3.2
221 silly packumentCache full:https://registry.npmmirror.com/fast-glob cache-miss
222 http fetch GET 200 https://registry.npmmirror.com/arg 49ms (cache revalidated)
223 silly packumentCache full:https://registry.npmmirror.com/arg set size:72151 disposed:false
224 silly fetch manifest glob-parent@^6.0.2
225 silly packumentCache full:https://registry.npmmirror.com/glob-parent cache-miss
226 http fetch GET 200 https://registry.npmmirror.com/@alloc%2fquick-lru 67ms (cache revalidated)
227 silly packumentCache full:https://registry.npmmirror.com/@alloc%2fquick-lru set size:6316 disposed:false
228 silly fetch manifest is-glob@^4.0.3
229 silly packumentCache full:https://registry.npmmirror.com/is-glob cache-miss
230 http fetch GET 200 https://registry.npmmirror.com/didyoumean 55ms (cache revalidated)
231 silly packumentCache full:https://registry.npmmirror.com/didyoumean set size:10415 disposed:false
232 silly fetch manifest jiti@^1.21.7
233 silly packumentCache full:https://registry.npmmirror.com/jiti cache-miss
234 http fetch GET 200 https://registry.npmmirror.com/chokidar 60ms (cache revalidated)
235 silly packumentCache full:https://registry.npmmirror.com/chokidar set size:228647 disposed:false
236 silly fetch manifest lilconfig@^3.1.3
237 silly packumentCache full:https://registry.npmmirror.com/lilconfig cache-miss
238 http fetch GET 200 https://registry.npmmirror.com/dlv 54ms (cache revalidated)
239 silly packumentCache full:https://registry.npmmirror.com/dlv set size:14677 disposed:false
240 silly fetch manifest micromatch@^4.0.8
241 silly packumentCache full:https://registry.npmmirror.com/micromatch cache-miss
242 http fetch GET 200 https://registry.npmmirror.com/fast-glob 49ms (cache revalidated)
243 silly packumentCache full:https://registry.npmmirror.com/fast-glob set size:194914 disposed:false
244 silly fetch manifest normalize-path@^3.0.0
245 silly packumentCache full:https://registry.npmmirror.com/normalize-path cache-miss
246 http fetch GET 200 https://registry.npmmirror.com/source-map-js 87ms (cache revalidated)
247 silly packumentCache full:https://registry.npmmirror.com/source-map-js set size:61050 disposed:false
248 silly fetch manifest object-hash@^3.0.0
249 silly packumentCache full:https://registry.npmmirror.com/object-hash cache-miss
250 http fetch GET 200 https://registry.npmmirror.com/glob-parent 52ms (cache revalidated)
251 silly packumentCache full:https://registry.npmmirror.com/glob-parent set size:34765 disposed:false
252 silly fetch manifest postcss-import@^15.1.0
253 silly packumentCache full:https://registry.npmmirror.com/postcss-import cache-miss
254 http fetch GET 200 https://registry.npmmirror.com/is-glob 63ms (cache revalidated)
255 silly packumentCache full:https://registry.npmmirror.com/is-glob set size:39478 disposed:false
256 silly fetch manifest postcss-js@^4.0.1
257 silly packumentCache full:https://registry.npmmirror.com/postcss-js cache-miss
258 http fetch GET 200 https://registry.npmmirror.com/normalize-path 88ms (cache revalidated)
259 silly packumentCache full:https://registry.npmmirror.com/normalize-path set size:28480 disposed:false
260 silly fetch manifest postcss-load-config@^4.0.2 || ^5.0 || ^6.0
261 silly packumentCache full:https://registry.npmmirror.com/postcss-load-config cache-miss
262 http fetch GET 200 https://registry.npmmirror.com/micromatch 93ms (cache revalidated)
263 silly packumentCache full:https://registry.npmmirror.com/micromatch set size:240427 disposed:false
264 silly fetch manifest postcss-nested@^6.2.0
265 silly packumentCache full:https://registry.npmmirror.com/postcss-nested cache-miss
266 http fetch GET 200 https://registry.npmmirror.com/postcss-import 58ms (cache revalidated)
267 silly packumentCache full:https://registry.npmmirror.com/postcss-import set size:114244 disposed:false
268 silly fetch manifest postcss-selector-parser@^6.1.2
269 silly packumentCache full:https://registry.npmmirror.com/postcss-selector-parser cache-miss
270 http fetch GET 200 https://registry.npmmirror.com/jiti 100ms (cache revalidated)
271 silly packumentCache full:https://registry.npmmirror.com/jiti set size:343421 disposed:false
272 silly fetch manifest resolve@^1.22.8
273 silly packumentCache full:https://registry.npmmirror.com/resolve cache-miss
274 http fetch GET 200 https://registry.npmmirror.com/lilconfig 103ms (cache revalidated)
275 silly packumentCache full:https://registry.npmmirror.com/lilconfig set size:37564 disposed:false
276 silly fetch manifest sucrase@^3.35.0
277 silly packumentCache full:https://registry.npmmirror.com/sucrase cache-miss
278 http fetch GET 200 https://registry.npmmirror.com/object-hash 97ms (cache revalidated)
279 silly packumentCache full:https://registry.npmmirror.com/object-hash set size:92882 disposed:false
280 http fetch GET 200 https://registry.npmmirror.com/postcss-nested 55ms (cache revalidated)
281 silly packumentCache full:https://registry.npmmirror.com/postcss-nested set size:64899 disposed:false
282 http fetch GET 200 https://registry.npmmirror.com/sucrase 49ms (cache revalidated)
283 silly packumentCache full:https://registry.npmmirror.com/sucrase set size:412170 disposed:false
284 http fetch GET 200 https://registry.npmmirror.com/postcss-load-config 67ms (cache revalidated)
285 silly packumentCache full:https://registry.npmmirror.com/postcss-load-config set size:80198 disposed:false
286 http fetch GET 200 https://registry.npmmirror.com/resolve 62ms (cache revalidated)
287 silly packumentCache full:https://registry.npmmirror.com/resolve set size:219321 disposed:false
288 http fetch GET 200 https://registry.npmmirror.com/postcss-js 103ms (cache revalidated)
289 silly packumentCache full:https://registry.npmmirror.com/postcss-js set size:42166 disposed:false
290 http fetch GET 200 https://registry.npmmirror.com/postcss-selector-parser 68ms (cache revalidated)
291 silly packumentCache full:https://registry.npmmirror.com/postcss-selector-parser set size:162368 disposed:false
292 silly placeDep ROOT @types/cookie@0.5.4 OK for: @sveltejs/kit@1.30.4 want: ^0.5.1
293 silly placeDep ROOT cookie@0.5.0 OK for: @sveltejs/kit@1.30.4 want: ^0.5.0
294 silly placeDep ROOT devalue@4.3.3 OK for: @sveltejs/kit@1.30.4 want: ^4.3.1
295 silly placeDep ROOT esm-env@1.2.2 OK for: @sveltejs/kit@1.30.4 want: ^1.0.0
296 silly placeDep ROOT kleur@4.1.5 OK for: @sveltejs/kit@1.30.4 want: ^4.1.5
297 silly placeDep ROOT magic-string@0.30.21 OK for: @sveltejs/kit@1.30.4 want: ^0.30.0
298 silly placeDep ROOT mrmime@1.0.1 OK for: @sveltejs/kit@1.30.4 want: ^1.0.1
299 silly placeDep ROOT sade@1.8.1 OK for: @sveltejs/kit@1.30.4 want: ^1.8.1
300 silly placeDep ROOT set-cookie-parser@2.7.2 OK for: @sveltejs/kit@1.30.4 want: ^2.6.0
301 silly placeDep ROOT sirv@2.0.4 OK for: @sveltejs/kit@1.30.4 want: ^2.0.2
302 silly placeDep ROOT tiny-glob@0.2.9 OK for: @sveltejs/kit@1.30.4 want: ^0.2.9
303 silly placeDep ROOT undici@5.29.0 OK for: @sveltejs/kit@1.30.4 want: ^5.28.3
304 silly fetch manifest @jridgewell/sourcemap-codec@^1.5.5
305 silly packumentCache full:https://registry.npmmirror.com/@jridgewell%2fsourcemap-codec cache-miss
306 silly fetch manifest mri@^1.1.0
307 silly packumentCache full:https://registry.npmmirror.com/mri cache-miss
308 silly fetch manifest @polka/url@^1.0.0-next.24
309 silly packumentCache full:https://registry.npmmirror.com/@polka%2furl cache-miss
310 silly fetch manifest mrmime@^2.0.0
311 silly packumentCache full:https://registry.npmmirror.com/mrmime cache-hit
312 silly fetch manifest totalist@^3.0.0
313 silly packumentCache full:https://registry.npmmirror.com/totalist cache-miss
314 silly fetch manifest globalyzer@0.1.0
315 silly packumentCache full:https://registry.npmmirror.com/globalyzer cache-miss
316 silly fetch manifest globrex@^0.1.2
317 silly packumentCache full:https://registry.npmmirror.com/globrex cache-miss
318 silly fetch manifest @fastify/busboy@^2.0.0
319 silly packumentCache full:https://registry.npmmirror.com/@fastify%2fbusboy cache-miss
320 http fetch GET 200 https://registry.npmmirror.com/@jridgewell%2fsourcemap-codec 42ms (cache revalidated)
321 silly packumentCache full:https://registry.npmmirror.com/@jridgewell%2fsourcemap-codec set size:60175 disposed:false
322 http fetch GET 200 https://registry.npmmirror.com/@polka%2furl 51ms (cache revalidated)
323 silly packumentCache full:https://registry.npmmirror.com/@polka%2furl set size:33668 disposed:false
324 http fetch GET 200 https://registry.npmmirror.com/@fastify%2fbusboy 59ms (cache revalidated)
325 silly packumentCache full:https://registry.npmmirror.com/@fastify%2fbusboy set size:63568 disposed:false
326 http fetch GET 200 https://registry.npmmirror.com/mri 60ms (cache revalidated)
327 silly packumentCache full:https://registry.npmmirror.com/mri set size:21231 disposed:false
328 http fetch GET 200 https://registry.npmmirror.com/totalist 60ms (cache revalidated)
329 silly packumentCache full:https://registry.npmmirror.com/totalist set size:17388 disposed:false
330 http fetch GET 200 https://registry.npmmirror.com/globalyzer 86ms (cache revalidated)
331 silly packumentCache full:https://registry.npmmirror.com/globalyzer set size:4787 disposed:false
332 http fetch GET 200 https://registry.npmmirror.com/globrex 97ms (cache revalidated)
333 silly packumentCache full:https://registry.npmmirror.com/globrex set size:15163 disposed:false
334 silly fetch manifest @sveltejs/vite-plugin-svelte@^2.2.0
335 silly packumentCache full:https://registry.npmmirror.com/@sveltejs%2fvite-plugin-svelte cache-hit
336 silly fetch manifest svelte@^3.54.0 || ^4.0.0 || ^5.0.0-next.0
337 silly packumentCache full:https://registry.npmmirror.com/svelte cache-miss
338 http cache https://registry.npmmirror.com/svelte 7ms (cache hit)
339 silly packumentCache full:https://registry.npmmirror.com/svelte set size:4259793 disposed:false
340 silly fetch manifest vite@^4.0.0
341 silly packumentCache full:https://registry.npmmirror.com/vite cache-miss
342 http cache https://registry.npmmirror.com/vite 41ms (cache hit)
343 silly packumentCache full:https://registry.npmmirror.com/vite set size:38504945 disposed:false
344 silly fetch manifest postcss@^8.3.3
345 silly packumentCache full:https://registry.npmmirror.com/postcss cache-hit
346 silly fetch manifest svelte@^3.54.0 || ^4.0.0
347 silly packumentCache full:https://registry.npmmirror.com/svelte cache-miss
348 http cache https://registry.npmmirror.com/svelte 5ms (cache hit)
349 silly packumentCache full:https://registry.npmmirror.com/svelte set size:4259793 disposed:false
350 silly fetch manifest svelte@^3.19.0 || ^4.0.0
351 silly packumentCache full:https://registry.npmmirror.com/svelte cache-miss
352 http cache https://registry.npmmirror.com/svelte 4ms (cache hit)
353 silly packumentCache full:https://registry.npmmirror.com/svelte set size:4259793 disposed:false
354 silly placeDep ROOT @sveltejs/vite-plugin-svelte-inspector@1.0.4 OK for: @sveltejs/vite-plugin-svelte@2.5.3 want: ^1.0.4
355 silly placeDep ROOT debug@4.4.3 OK for: @sveltejs/vite-plugin-svelte@2.5.3 want: ^4.3.4
356 silly placeDep ROOT deepmerge@4.3.1 OK for: @sveltejs/vite-plugin-svelte@2.5.3 want: ^4.3.1
357 silly placeDep ROOT svelte-hmr@0.15.3 OK for: @sveltejs/vite-plugin-svelte@2.5.3 want: ^0.15.3
358 silly placeDep ROOT vitefu@0.2.5 OK for: @sveltejs/vite-plugin-svelte@2.5.3 want: ^0.2.4
359 silly fetch manifest ms@^2.1.3
360 silly packumentCache full:https://registry.npmmirror.com/ms cache-miss
361 http fetch GET 200 https://registry.npmmirror.com/ms 57ms (cache revalidated)
362 silly packumentCache full:https://registry.npmmirror.com/ms set size:126047 disposed:false
363 silly placeDep ROOT browserslist@4.28.1 OK for: autoprefixer@10.4.23 want: ^4.28.1
364 silly placeDep ROOT caniuse-lite@1.0.30001763 OK for: autoprefixer@10.4.23 want: ^1.0.30001760
365 silly placeDep ROOT fraction.js@5.3.4 OK for: autoprefixer@10.4.23 want: ^5.3.4
366 silly placeDep ROOT picocolors@1.1.1 OK for: autoprefixer@10.4.23 want: ^1.1.1
367 silly placeDep ROOT postcss-value-parser@4.2.0 OK for: autoprefixer@10.4.23 want: ^4.2.0
368 silly fetch manifest baseline-browser-mapping@^2.9.0
369 silly packumentCache full:https://registry.npmmirror.com/baseline-browser-mapping cache-miss
370 silly fetch manifest caniuse-lite@^1.0.30001759
371 silly packumentCache full:https://registry.npmmirror.com/caniuse-lite cache-miss
372 silly fetch manifest electron-to-chromium@^1.5.263
373 silly packumentCache full:https://registry.npmmirror.com/electron-to-chromium cache-miss
374 silly fetch manifest node-releases@^2.0.27
375 silly packumentCache full:https://registry.npmmirror.com/node-releases cache-miss
376 silly fetch manifest update-browserslist-db@^1.2.0
377 silly packumentCache full:https://registry.npmmirror.com/update-browserslist-db cache-miss
378 http cache https://registry.npmmirror.com/caniuse-lite 5ms (cache hit)
379 silly packumentCache full:https://registry.npmmirror.com/caniuse-lite set size:1931783 disposed:false
380 http fetch GET 200 https://registry.npmmirror.com/baseline-browser-mapping 84ms (cache revalidated)
381 silly packumentCache full:https://registry.npmmirror.com/baseline-browser-mapping set size:381640 disposed:false
382 http fetch GET 200 https://registry.npmmirror.com/electron-to-chromium 94ms (cache revalidated)
383 silly packumentCache full:https://registry.npmmirror.com/electron-to-chromium set size:4036340 disposed:false
384 http fetch GET 200 https://registry.npmmirror.com/update-browserslist-db 112ms (cache revalidated)
385 silly packumentCache full:https://registry.npmmirror.com/update-browserslist-db set size:64681 disposed:false
386 http fetch GET 200 https://registry.npmmirror.com/node-releases 112ms (cache revalidated)
387 silly packumentCache full:https://registry.npmmirror.com/node-releases set size:184399 disposed:false
388 silly fetch manifest browserslist@>= 4.21.0
389 silly packumentCache full:https://registry.npmmirror.com/browserslist cache-hit
390 silly placeDep ROOT baseline-browser-mapping@2.9.14 OK for: browserslist@4.28.1 want: ^2.9.0
391 silly placeDep ROOT electron-to-chromium@1.5.267 OK for: browserslist@4.28.1 want: ^1.5.263
392 silly placeDep ROOT node-releases@2.0.27 OK for: browserslist@4.28.1 want: ^2.0.27
393 silly placeDep ROOT update-browserslist-db@1.2.3 OK for: browserslist@4.28.1 want: ^1.2.0
394 silly fetch manifest escalade@^3.2.0
395 silly packumentCache full:https://registry.npmmirror.com/escalade cache-miss
396 http fetch GET 200 https://registry.npmmirror.com/escalade 41ms (cache revalidated)
397 silly packumentCache full:https://registry.npmmirror.com/escalade set size:26187 disposed:false
398 silly placeDep ROOT ms@2.1.3 OK for: debug@4.4.3 want: ^2.1.3
399 silly placeDep ROOT @jridgewell/sourcemap-codec@1.5.5 OK for: magic-string@0.30.21 want: ^1.5.5
400 silly placeDep ROOT nanoid@3.3.11 OK for: postcss@8.5.6 want: ^3.3.11
401 silly placeDep ROOT source-map-js@1.2.1 OK for: postcss@8.5.6 want: ^1.2.1
402 silly placeDep ROOT mri@1.2.0 OK for: sade@1.8.1 want: ^1.1.0
403 silly placeDep ROOT @polka/url@1.0.0-next.29 OK for: sirv@2.0.4 want: ^1.0.0-next.24
404 silly placeDep node_modules/sirv mrmime@2.0.1 OK for: sirv@2.0.4 want: ^2.0.0
405 silly placeDep ROOT totalist@3.0.1 OK for: sirv@2.0.4 want: ^3.0.0
406 silly fetch manifest postcss@^8.4.47
407 silly packumentCache full:https://registry.npmmirror.com/postcss cache-hit
408 silly fetch manifest tsx@^4.8.1
409 silly packumentCache full:https://registry.npmmirror.com/tsx cache-miss
410 http fetch GET 200 https://registry.npmmirror.com/tsx 75ms (cache revalidated)
411 silly packumentCache full:https://registry.npmmirror.com/tsx set size:303047 disposed:false
412 silly fetch manifest yaml@^2.4.2
413 silly packumentCache full:https://registry.npmmirror.com/yaml cache-miss
414 http fetch GET 200 https://registry.npmmirror.com/yaml 68ms (cache revalidated)
415 silly packumentCache full:https://registry.npmmirror.com/yaml set size:322469 disposed:false
416 silly placeDep ROOT @alloc/quick-lru@5.2.0 OK for: tailwindcss@3.4.19 want: ^5.2.0
417 silly placeDep ROOT arg@5.0.2 OK for: tailwindcss@3.4.19 want: ^5.0.2
418 silly placeDep ROOT chokidar@3.6.0 OK for: tailwindcss@3.4.19 want: ^3.6.0
419 silly placeDep ROOT didyoumean@1.2.2 OK for: tailwindcss@3.4.19 want: ^1.2.2
420 silly placeDep ROOT dlv@1.1.3 OK for: tailwindcss@3.4.19 want: ^1.1.3
421 silly placeDep ROOT fast-glob@3.3.3 OK for: tailwindcss@3.4.19 want: ^3.3.2
422 silly placeDep ROOT glob-parent@6.0.2 OK for: tailwindcss@3.4.19 want: ^6.0.2
423 silly placeDep ROOT is-glob@4.0.3 OK for: tailwindcss@3.4.19 want: ^4.0.3
424 silly placeDep ROOT jiti@1.21.7 OK for: tailwindcss@3.4.19 want: ^1.21.7
425 silly placeDep ROOT lilconfig@3.1.3 OK for: tailwindcss@3.4.19 want: ^3.1.3
426 silly placeDep ROOT micromatch@4.0.8 OK for: tailwindcss@3.4.19 want: ^4.0.8
427 silly placeDep ROOT normalize-path@3.0.0 OK for: tailwindcss@3.4.19 want: ^3.0.0
428 silly placeDep ROOT object-hash@3.0.0 OK for: tailwindcss@3.4.19 want: ^3.0.0
429 silly placeDep ROOT postcss-import@15.1.0 OK for: tailwindcss@3.4.19 want: ^15.1.0
430 silly placeDep ROOT postcss-js@4.1.0 OK for: tailwindcss@3.4.19 want: ^4.0.1
431 silly placeDep ROOT postcss-load-config@6.0.1 OK for: tailwindcss@3.4.19 want: ^4.0.2 || ^5.0 || ^6.0
432 silly placeDep ROOT postcss-nested@6.2.0 OK for: tailwindcss@3.4.19 want: ^6.2.0
433 silly placeDep ROOT postcss-selector-parser@6.1.2 OK for: tailwindcss@3.4.19 want: ^6.1.2
434 silly placeDep ROOT resolve@1.22.11 OK for: tailwindcss@3.4.19 want: ^1.22.8
435 silly placeDep ROOT sucrase@3.35.1 OK for: tailwindcss@3.4.19 want: ^3.35.0
436 silly fetch manifest anymatch@~3.1.2
437 silly packumentCache full:https://registry.npmmirror.com/anymatch cache-miss
438 silly fetch manifest braces@~3.0.2
439 silly packumentCache full:https://registry.npmmirror.com/braces cache-miss
440 silly fetch manifest glob-parent@~5.1.2
441 silly packumentCache full:https://registry.npmmirror.com/glob-parent cache-hit
442 silly fetch manifest is-binary-path@~2.1.0
443 silly packumentCache full:https://registry.npmmirror.com/is-binary-path cache-miss
444 silly fetch manifest is-glob@~4.0.1
445 silly packumentCache full:https://registry.npmmirror.com/is-glob cache-hit
446 silly fetch manifest normalize-path@~3.0.0
447 silly packumentCache full:https://registry.npmmirror.com/normalize-path cache-hit
448 silly fetch manifest readdirp@~3.6.0
449 silly packumentCache full:https://registry.npmmirror.com/readdirp cache-miss
450 silly fetch manifest @nodelib/fs.stat@^2.0.2
451 silly packumentCache full:https://registry.npmmirror.com/@nodelib%2ffs.stat cache-miss
452 silly fetch manifest @nodelib/fs.walk@^1.2.3
453 silly packumentCache full:https://registry.npmmirror.com/@nodelib%2ffs.walk cache-miss
454 silly fetch manifest glob-parent@^5.1.2
455 silly packumentCache full:https://registry.npmmirror.com/glob-parent cache-hit
456 silly fetch manifest merge2@^1.3.0
457 silly packumentCache full:https://registry.npmmirror.com/merge2 cache-miss
458 http fetch GET 200 https://registry.npmmirror.com/merge2 69ms (cache revalidated)
459 silly packumentCache full:https://registry.npmmirror.com/merge2 set size:40023 disposed:false
460 silly fetch manifest is-extglob@^2.1.1
461 silly packumentCache full:https://registry.npmmirror.com/is-extglob cache-miss
462 http fetch GET 200 https://registry.npmmirror.com/anymatch 73ms (cache revalidated)
463 silly packumentCache full:https://registry.npmmirror.com/anymatch set size:37760 disposed:false
464 silly fetch manifest braces@^3.0.3
465 silly packumentCache full:https://registry.npmmirror.com/braces cache-miss
466 http fetch GET 200 https://registry.npmmirror.com/is-binary-path 74ms (cache revalidated)
467 silly packumentCache full:https://registry.npmmirror.com/is-binary-path set size:11426 disposed:false
468 silly fetch manifest picomatch@^2.3.1
469 silly packumentCache full:https://registry.npmmirror.com/picomatch cache-miss
470 http fetch GET 200 https://registry.npmmirror.com/readdirp 74ms (cache revalidated)
471 silly packumentCache full:https://registry.npmmirror.com/readdirp set size:95428 disposed:false
472 silly fetch manifest read-cache@^1.0.0
473 silly packumentCache full:https://registry.npmmirror.com/read-cache cache-miss
474 http fetch GET 200 https://registry.npmmirror.com/@nodelib%2ffs.walk 75ms (cache revalidated)
475 silly packumentCache full:https://registry.npmmirror.com/@nodelib%2ffs.walk set size:35867 disposed:false
476 silly fetch manifest resolve@^1.1.7
477 silly packumentCache full:https://registry.npmmirror.com/resolve cache-hit
478 silly fetch manifest camelcase-css@^2.0.1
479 silly packumentCache full:https://registry.npmmirror.com/camelcase-css cache-miss
480 http fetch GET 200 https://registry.npmmirror.com/@nodelib%2ffs.stat 78ms (cache revalidated)
481 silly packumentCache full:https://registry.npmmirror.com/@nodelib%2ffs.stat set size:28111 disposed:false
482 silly fetch manifest postcss-selector-parser@^6.1.1
483 silly packumentCache full:https://registry.npmmirror.com/postcss-selector-parser cache-hit
484 silly fetch manifest cssesc@^3.0.0
485 silly packumentCache full:https://registry.npmmirror.com/cssesc cache-miss
486 http fetch GET 200 https://registry.npmmirror.com/braces 80ms (cache revalidated)
487 silly packumentCache full:https://registry.npmmirror.com/braces set size:112898 disposed:false
488 silly fetch manifest util-deprecate@^1.0.2
489 silly packumentCache full:https://registry.npmmirror.com/util-deprecate cache-miss
490 http fetch GET 200 https://registry.npmmirror.com/braces 43ms (cache revalidated)
491 silly packumentCache full:https://registry.npmmirror.com/braces set size:112898 disposed:false
492 silly packumentCache full:https://registry.npmmirror.com/braces dispose
493 silly fetch manifest is-core-module@^2.16.1
494 silly packumentCache full:https://registry.npmmirror.com/is-core-module cache-miss
495 http fetch GET 200 https://registry.npmmirror.com/is-extglob 47ms (cache revalidated)
496 silly packumentCache full:https://registry.npmmirror.com/is-extglob set size:11880 disposed:false
497 silly fetch manifest path-parse@^1.0.7
498 silly packumentCache full:https://registry.npmmirror.com/path-parse cache-miss
499 http fetch GET 200 https://registry.npmmirror.com/picomatch 48ms (cache revalidated)
500 silly packumentCache full:https://registry.npmmirror.com/picomatch set size:99804 disposed:false
501 silly fetch manifest supports-preserve-symlinks-flag@^1.0.0
502 silly packumentCache full:https://registry.npmmirror.com/supports-preserve-symlinks-flag cache-miss
503 http fetch GET 200 https://registry.npmmirror.com/util-deprecate 56ms (cache revalidated)
504 silly packumentCache full:https://registry.npmmirror.com/util-deprecate set size:6659 disposed:false
505 silly fetch manifest @jridgewell/gen-mapping@^0.3.2
506 silly packumentCache full:https://registry.npmmirror.com/@jridgewell%2fgen-mapping cache-miss
507 http fetch GET 200 https://registry.npmmirror.com/path-parse 57ms (cache revalidated)
508 silly packumentCache full:https://registry.npmmirror.com/path-parse set size:12468 disposed:false
509 silly fetch manifest commander@^4.0.0
510 silly packumentCache full:https://registry.npmmirror.com/commander cache-miss
511 http fetch GET 200 https://registry.npmmirror.com/read-cache 101ms (cache revalidated)
512 silly packumentCache full:https://registry.npmmirror.com/read-cache set size:3033 disposed:false
513 silly fetch manifest lines-and-columns@^1.1.6
514 silly packumentCache full:https://registry.npmmirror.com/lines-and-columns cache-miss
515 http fetch GET 200 https://registry.npmmirror.com/supports-preserve-symlinks-flag 54ms (cache revalidated)
516 silly packumentCache full:https://registry.npmmirror.com/supports-preserve-symlinks-flag set size:6704 disposed:false
517 silly fetch manifest mz@^2.7.0
518 silly packumentCache full:https://registry.npmmirror.com/mz cache-miss
519 http fetch GET 200 https://registry.npmmirror.com/is-core-module 60ms (cache revalidated)
520 silly packumentCache full:https://registry.npmmirror.com/is-core-module set size:66005 disposed:false
521 silly fetch manifest pirates@^4.0.1
522 silly packumentCache full:https://registry.npmmirror.com/pirates cache-miss
523 http fetch GET 200 https://registry.npmmirror.com/camelcase-css 102ms (cache revalidated)
524 silly packumentCache full:https://registry.npmmirror.com/camelcase-css set size:8356 disposed:false
525 silly fetch manifest tinyglobby@^0.2.11
526 silly packumentCache full:https://registry.npmmirror.com/tinyglobby cache-miss
527 http fetch GET 200 https://registry.npmmirror.com/@jridgewell%2fgen-mapping 44ms (cache revalidated)
528 silly packumentCache full:https://registry.npmmirror.com/@jridgewell%2fgen-mapping set size:83227 disposed:false
529 silly fetch manifest ts-interface-checker@^0.1.9
530 silly packumentCache full:https://registry.npmmirror.com/ts-interface-checker cache-miss
531 http fetch GET 200 https://registry.npmmirror.com/cssesc 109ms (cache revalidated)
532 silly packumentCache full:https://registry.npmmirror.com/cssesc set size:16783 disposed:false
533 http fetch GET 200 https://registry.npmmirror.com/commander 51ms (cache revalidated)
534 silly packumentCache full:https://registry.npmmirror.com/commander set size:285008 disposed:false
535 http fetch GET 200 https://registry.npmmirror.com/mz 62ms (cache revalidated)
536 silly packumentCache full:https://registry.npmmirror.com/mz set size:40893 disposed:false
537 http fetch GET 200 https://registry.npmmirror.com/tinyglobby 62ms (cache revalidated)
538 silly packumentCache full:https://registry.npmmirror.com/tinyglobby set size:52303 disposed:false
539 http fetch GET 200 https://registry.npmmirror.com/pirates 63ms (cache revalidated)
540 silly packumentCache full:https://registry.npmmirror.com/pirates set size:50016 disposed:false
541 http fetch GET 200 https://registry.npmmirror.com/lines-and-columns 65ms (cache revalidated)
542 silly packumentCache full:https://registry.npmmirror.com/lines-and-columns set size:70564 disposed:false
543 http fetch GET 200 https://registry.npmmirror.com/ts-interface-checker 132ms (cache revalidated)
544 silly packumentCache full:https://registry.npmmirror.com/ts-interface-checker set size:46076 disposed:false
545 silly placeDep ROOT anymatch@3.1.3 OK for: chokidar@3.6.0 want: ~3.1.2
546 silly placeDep ROOT braces@3.0.3 OK for: chokidar@3.6.0 want: ~3.0.2
547 silly placeDep ROOT fsevents@2.3.3 OK for: chokidar@3.6.0 want: ~2.3.2
548 silly placeDep node_modules/chokidar glob-parent@5.1.2 OK for: chokidar@3.6.0 want: ~5.1.2
549 silly placeDep ROOT is-binary-path@2.1.0 OK for: chokidar@3.6.0 want: ~2.1.0
550 silly placeDep ROOT readdirp@3.6.0 OK for: chokidar@3.6.0 want: ~3.6.0
551 silly fetch manifest picomatch@^2.0.4
552 silly packumentCache full:https://registry.npmmirror.com/picomatch cache-hit
553 silly fetch manifest fill-range@^7.1.1
554 silly packumentCache full:https://registry.npmmirror.com/fill-range cache-miss
555 silly fetch manifest binary-extensions@^2.0.0
556 silly packumentCache full:https://registry.npmmirror.com/binary-extensions cache-miss
557 silly fetch manifest picomatch@^2.2.1
558 silly packumentCache full:https://registry.npmmirror.com/picomatch cache-hit
559 http fetch GET 200 https://registry.npmmirror.com/fill-range 93ms (cache revalidated)
560 silly packumentCache full:https://registry.npmmirror.com/fill-range set size:79685 disposed:false
561 http fetch GET 200 https://registry.npmmirror.com/binary-extensions 108ms (cache revalidated)
562 silly packumentCache full:https://registry.npmmirror.com/binary-extensions set size:43165 disposed:false
563 silly placeDep ROOT picomatch@2.3.1 OK for: anymatch@3.1.3 want: ^2.0.4
564 silly placeDep ROOT fill-range@7.1.1 OK for: braces@3.0.3 want: ^7.1.1
565 silly fetch manifest to-regex-range@^5.0.1
566 silly packumentCache full:https://registry.npmmirror.com/to-regex-range cache-miss
567 http fetch GET 200 https://registry.npmmirror.com/to-regex-range 54ms (cache revalidated)
568 silly packumentCache full:https://registry.npmmirror.com/to-regex-range set size:55700 disposed:false
569 silly placeDep ROOT @nodelib/fs.stat@2.0.5 OK for: fast-glob@3.3.3 want: ^2.0.2
570 silly placeDep ROOT @nodelib/fs.walk@1.2.8 OK for: fast-glob@3.3.3 want: ^1.2.3
571 silly placeDep node_modules/fast-glob glob-parent@5.1.2 OK for: fast-glob@3.3.3 want: ^5.1.2
572 silly placeDep ROOT merge2@1.4.1 OK for: fast-glob@3.3.3 want: ^1.3.0
573 silly fetch manifest @nodelib/fs.scandir@2.1.5
574 silly packumentCache full:https://registry.npmmirror.com/@nodelib%2ffs.scandir cache-miss
575 silly fetch manifest fastq@^1.6.0
576 silly packumentCache full:https://registry.npmmirror.com/fastq cache-miss
577 http fetch GET 200 https://registry.npmmirror.com/@nodelib%2ffs.scandir 60ms (cache revalidated)
578 silly packumentCache full:https://registry.npmmirror.com/@nodelib%2ffs.scandir set size:38674 disposed:false
579 http fetch GET 200 https://registry.npmmirror.com/fastq 67ms (cache revalidated)
580 silly packumentCache full:https://registry.npmmirror.com/fastq set size:68593 disposed:false
581 silly placeDep ROOT @nodelib/fs.scandir@2.1.5 OK for: @nodelib/fs.walk@1.2.8 want: 2.1.5
582 silly placeDep ROOT fastq@1.20.1 OK for: @nodelib/fs.walk@1.2.8 want: ^1.6.0
583 silly fetch manifest run-parallel@^1.1.9
584 silly packumentCache full:https://registry.npmmirror.com/run-parallel cache-miss
585 silly fetch manifest reusify@^1.0.4
586 silly packumentCache full:https://registry.npmmirror.com/reusify cache-miss
587 http fetch GET 200 https://registry.npmmirror.com/reusify 75ms (cache revalidated)
588 silly packumentCache full:https://registry.npmmirror.com/reusify set size:14270 disposed:false
589 http fetch GET 200 https://registry.npmmirror.com/run-parallel 76ms (cache revalidated)
590 silly packumentCache full:https://registry.npmmirror.com/run-parallel set size:31746 disposed:false
591 silly placeDep ROOT run-parallel@1.2.0 OK for: @nodelib/fs.scandir@2.1.5 want: ^1.1.9
592 silly fetch manifest queue-microtask@^1.2.2
593 silly packumentCache full:https://registry.npmmirror.com/queue-microtask cache-miss
594 http fetch GET 200 https://registry.npmmirror.com/queue-microtask 79ms (cache revalidated)
595 silly packumentCache full:https://registry.npmmirror.com/queue-microtask set size:25336 disposed:false
596 silly placeDep ROOT reusify@1.1.0 OK for: fastq@1.20.1 want: ^1.0.4
597 silly placeDep ROOT to-regex-range@5.0.1 OK for: fill-range@7.1.1 want: ^5.0.1
598 silly fetch manifest is-number@^7.0.0
599 silly packumentCache full:https://registry.npmmirror.com/is-number cache-miss
600 http fetch GET 200 https://registry.npmmirror.com/is-number 65ms (cache revalidated)
601 silly packumentCache full:https://registry.npmmirror.com/is-number set size:35937 disposed:false
602 silly placeDep ROOT binary-extensions@2.3.0 OK for: is-binary-path@2.1.0 want: ^2.0.0
603 silly placeDep ROOT is-extglob@2.1.1 OK for: is-glob@4.0.3 want: ^2.1.1
604 silly placeDep ROOT read-cache@1.0.0 OK for: postcss-import@15.1.0 want: ^1.0.0
605 silly fetch manifest pify@^2.3.0
606 silly packumentCache full:https://registry.npmmirror.com/pify cache-miss
607 http fetch GET 200 https://registry.npmmirror.com/pify 126ms (cache revalidated)
608 silly packumentCache full:https://registry.npmmirror.com/pify set size:29706 disposed:false
609 silly placeDep ROOT camelcase-css@2.0.1 OK for: postcss-js@4.1.0 want: ^2.0.1
610 silly placeDep ROOT cssesc@3.0.0 OK for: postcss-selector-parser@6.1.2 want: ^3.0.0
611 silly placeDep ROOT util-deprecate@1.0.2 OK for: postcss-selector-parser@6.1.2 want: ^1.0.2
612 silly placeDep ROOT pify@2.3.0 OK for: read-cache@1.0.0 want: ^2.3.0
613 silly placeDep ROOT is-core-module@2.16.1 OK for: resolve@1.22.11 want: ^2.16.1
614 silly placeDep ROOT path-parse@1.0.7 OK for: resolve@1.22.11 want: ^1.0.7
615 silly placeDep ROOT supports-preserve-symlinks-flag@1.0.0 OK for: resolve@1.22.11 want: ^1.0.0
616 silly fetch manifest hasown@^2.0.2
617 silly packumentCache full:https://registry.npmmirror.com/hasown cache-miss
618 http fetch GET 200 https://registry.npmmirror.com/hasown 52ms (cache revalidated)
619 silly packumentCache full:https://registry.npmmirror.com/hasown set size:12847 disposed:false
620 silly placeDep ROOT hasown@2.0.2 OK for: is-core-module@2.16.1 want: ^2.0.2
621 silly fetch manifest function-bind@^1.1.2
622 silly packumentCache full:https://registry.npmmirror.com/function-bind cache-miss
623 http fetch GET 200 https://registry.npmmirror.com/function-bind 101ms (cache revalidated)
624 silly packumentCache full:https://registry.npmmirror.com/function-bind set size:15630 disposed:false
625 silly placeDep ROOT function-bind@1.1.2 OK for: hasown@2.0.2 want: ^1.1.2
626 silly placeDep ROOT queue-microtask@1.2.3 OK for: run-parallel@1.2.0 want: ^1.2.2
627 silly placeDep ROOT @jridgewell/gen-mapping@0.3.13 OK for: sucrase@3.35.1 want: ^0.3.2
628 silly placeDep ROOT commander@4.1.1 OK for: sucrase@3.35.1 want: ^4.0.0
629 silly placeDep ROOT lines-and-columns@1.2.4 OK for: sucrase@3.35.1 want: ^1.1.6
630 silly placeDep ROOT mz@2.7.0 OK for: sucrase@3.35.1 want: ^2.7.0
631 silly placeDep ROOT pirates@4.0.7 OK for: sucrase@3.35.1 want: ^4.0.1
632 silly placeDep ROOT tinyglobby@0.2.15 OK for: sucrase@3.35.1 want: ^0.2.11
633 silly placeDep ROOT ts-interface-checker@0.1.13 OK for: sucrase@3.35.1 want: ^0.1.9
634 silly fetch manifest @jridgewell/trace-mapping@^0.3.24
635 silly packumentCache full:https://registry.npmmirror.com/@jridgewell%2ftrace-mapping cache-miss
636 silly fetch manifest any-promise@^1.0.0
637 silly packumentCache full:https://registry.npmmirror.com/any-promise cache-miss
638 silly fetch manifest object-assign@^4.0.1
639 silly packumentCache full:https://registry.npmmirror.com/object-assign cache-miss
640 silly fetch manifest thenify-all@^1.0.0
641 silly packumentCache full:https://registry.npmmirror.com/thenify-all cache-miss
642 silly fetch manifest fdir@^6.5.0
643 silly packumentCache full:https://registry.npmmirror.com/fdir cache-miss
644 silly fetch manifest picomatch@^4.0.3
645 silly packumentCache full:https://registry.npmmirror.com/picomatch cache-hit
646 http fetch GET 200 https://registry.npmmirror.com/object-assign 108ms (cache revalidated)
647 silly packumentCache full:https://registry.npmmirror.com/object-assign set size:27397 disposed:false
648 http fetch GET 200 https://registry.npmmirror.com/@jridgewell%2ftrace-mapping 109ms (cache revalidated)
649 silly packumentCache full:https://registry.npmmirror.com/@jridgewell%2ftrace-mapping set size:171781 disposed:false
650 http fetch GET 200 https://registry.npmmirror.com/fdir 111ms (cache revalidated)
651 silly packumentCache full:https://registry.npmmirror.com/fdir set size:111746 disposed:false
652 http fetch GET 200 https://registry.npmmirror.com/thenify-all 144ms (cache revalidated)
653 silly packumentCache full:https://registry.npmmirror.com/thenify-all set size:18394 disposed:false
654 http fetch GET 200 https://registry.npmmirror.com/any-promise 144ms (cache revalidated)
655 silly packumentCache full:https://registry.npmmirror.com/any-promise set size:20149 disposed:false
656 silly placeDep ROOT @jridgewell/trace-mapping@0.3.31 OK for: @jridgewell/gen-mapping@0.3.13 want: ^0.3.24
657 silly fetch manifest @jridgewell/resolve-uri@^3.1.0
658 silly packumentCache full:https://registry.npmmirror.com/@jridgewell%2fresolve-uri cache-miss
659 http fetch GET 200 https://registry.npmmirror.com/@jridgewell%2fresolve-uri 111ms (cache revalidated)
660 silly packumentCache full:https://registry.npmmirror.com/@jridgewell%2fresolve-uri set size:54227 disposed:false
661 silly placeDep ROOT @jridgewell/resolve-uri@3.1.2 OK for: @jridgewell/trace-mapping@0.3.31 want: ^3.1.0
662 silly placeDep ROOT any-promise@1.3.0 OK for: mz@2.7.0 want: ^1.0.0
663 silly placeDep ROOT object-assign@4.1.1 OK for: mz@2.7.0 want: ^4.0.1
664 silly placeDep ROOT thenify-all@1.6.0 OK for: mz@2.7.0 want: ^1.0.0
665 silly fetch manifest thenify@>= 3.1.0 < 4
666 silly packumentCache full:https://registry.npmmirror.com/thenify cache-miss
667 http fetch GET 200 https://registry.npmmirror.com/thenify 118ms (cache revalidated)
668 silly packumentCache full:https://registry.npmmirror.com/thenify set size:20162 disposed:false
669 silly placeDep ROOT thenify@3.3.1 OK for: thenify-all@1.6.0 want: >= 3.1.0 < 4
670 silly placeDep ROOT globalyzer@0.1.0 OK for: tiny-glob@0.2.9 want: 0.1.0
671 silly placeDep ROOT globrex@0.1.2 OK for: tiny-glob@0.2.9 want: ^0.1.2
672 silly placeDep node_modules/tinyglobby fdir@6.5.0 OK for: tinyglobby@0.2.15 want: ^6.5.0
673 silly placeDep node_modules/tinyglobby picomatch@4.0.3 OK for: fdir@6.5.0 want: ^3 || ^4
674 silly placeDep ROOT is-number@7.0.0 OK for: to-regex-range@5.0.1 want: ^7.0.0
675 silly placeDep ROOT @fastify/busboy@2.1.1 OK for: undici@5.29.0 want: ^2.0.0
676 silly placeDep ROOT escalade@3.2.0 OK for: update-browserslist-db@1.2.3 want: ^3.2.0
677 silly placeDep ROOT esbuild@0.18.20 OK for: vite@4.5.14 want: ^0.18.10
678 silly placeDep ROOT rollup@3.29.5 OK for: vite@4.5.14 want: ^3.27.1
679 silly fetch manifest @esbuild/android-arm@0.18.20
680 silly packumentCache full:https://registry.npmmirror.com/@esbuild%2fandroid-arm cache-miss
681 silly fetch manifest @esbuild/android-arm64@0.18.20
682 silly packumentCache full:https://registry.npmmirror.com/@esbuild%2fandroid-arm64 cache-miss
683 silly fetch manifest @esbuild/android-x64@0.18.20
684 silly packumentCache full:https://registry.npmmirror.com/@esbuild%2fandroid-x64 cache-miss
685 silly fetch manifest @esbuild/darwin-arm64@0.18.20
686 silly packumentCache full:https://registry.npmmirror.com/@esbuild%2fdarwin-arm64 cache-miss
687 silly fetch manifest @esbuild/darwin-x64@0.18.20
688 silly packumentCache full:https://registry.npmmirror.com/@esbuild%2fdarwin-x64 cache-miss
689 silly fetch manifest @esbuild/freebsd-arm64@0.18.20
690 silly packumentCache full:https://registry.npmmirror.com/@esbuild%2ffreebsd-arm64 cache-miss
691 silly fetch manifest @esbuild/freebsd-x64@0.18.20
692 silly packumentCache full:https://registry.npmmirror.com/@esbuild%2ffreebsd-x64 cache-miss
693 http fetch GET 200 https://registry.npmmirror.com/@esbuild%2fdarwin-x64 46ms (cache revalidated)
694 silly packumentCache full:https://registry.npmmirror.com/@esbuild%2fdarwin-x64 set size:198556 disposed:false
695 silly fetch manifest @esbuild/linux-arm@0.18.20
696 silly packumentCache full:https://registry.npmmirror.com/@esbuild%2flinux-arm cache-miss
697 http fetch GET 200 https://registry.npmmirror.com/@esbuild%2fandroid-x64 52ms (cache revalidated)
698 silly packumentCache full:https://registry.npmmirror.com/@esbuild%2fandroid-x64 set size:197943 disposed:false
699 silly fetch manifest @esbuild/linux-arm64@0.18.20
700 silly packumentCache full:https://registry.npmmirror.com/@esbuild%2flinux-arm64 cache-miss
701 http fetch GET 200 https://registry.npmmirror.com/@esbuild%2ffreebsd-x64 53ms (cache revalidated)
702 silly packumentCache full:https://registry.npmmirror.com/@esbuild%2ffreebsd-x64 set size:199380 disposed:false
703 silly fetch manifest @esbuild/linux-ia32@0.18.20
704 silly packumentCache full:https://registry.npmmirror.com/@esbuild%2flinux-ia32 cache-miss
705 http fetch GET 200 https://registry.npmmirror.com/@esbuild%2fandroid-arm 56ms (cache revalidated)
706 silly packumentCache full:https://registry.npmmirror.com/@esbuild%2fandroid-arm set size:224914 disposed:false
707 silly fetch manifest @esbuild/linux-loong64@0.18.20
708 silly packumentCache full:https://registry.npmmirror.com/@esbuild%2flinux-loong64 cache-miss
709 http fetch GET 200 https://registry.npmmirror.com/@esbuild%2ffreebsd-arm64 56ms (cache revalidated)
710 silly packumentCache full:https://registry.npmmirror.com/@esbuild%2ffreebsd-arm64 set size:201052 disposed:false
711 silly fetch manifest @esbuild/linux-mips64el@0.18.20
712 silly packumentCache full:https://registry.npmmirror.com/@esbuild%2flinux-mips64el cache-miss
713 http fetch GET 200 https://registry.npmmirror.com/@esbuild%2fdarwin-arm64 59ms (cache revalidated)
714 silly packumentCache full:https://registry.npmmirror.com/@esbuild%2fdarwin-arm64 set size:200210 disposed:false
715 silly fetch manifest @esbuild/linux-ppc64@0.18.20
716 silly packumentCache full:https://registry.npmmirror.com/@esbuild%2flinux-ppc64 cache-miss
717 http fetch GET 200 https://registry.npmmirror.com/@esbuild%2fandroid-arm64 115ms (cache revalidated)
718 silly packumentCache full:https://registry.npmmirror.com/@esbuild%2fandroid-arm64 set size:203017 disposed:false
719 silly fetch manifest @esbuild/linux-riscv64@0.18.20
720 silly packumentCache full:https://registry.npmmirror.com/@esbuild%2flinux-riscv64 cache-miss
721 http fetch GET 200 https://registry.npmmirror.com/@esbuild%2flinux-loong64 90ms (cache revalidated)
722 silly packumentCache full:https://registry.npmmirror.com/@esbuild%2flinux-loong64 set size:255940 disposed:false
723 silly fetch manifest @esbuild/linux-s390x@0.18.20
724 silly packumentCache full:https://registry.npmmirror.com/@esbuild%2flinux-s390x cache-miss
725 http fetch GET 200 https://registry.npmmirror.com/@esbuild%2flinux-mips64el 90ms (cache revalidated)
726 silly packumentCache full:https://registry.npmmirror.com/@esbuild%2flinux-mips64el set size:203142 disposed:false
727 silly fetch manifest @esbuild/linux-x64@0.18.20
728 silly packumentCache full:https://registry.npmmirror.com/@esbuild%2flinux-x64 cache-miss
729 http fetch GET 200 https://registry.npmmirror.com/@esbuild%2flinux-ia32 95ms (cache revalidated)
730 silly packumentCache full:https://registry.npmmirror.com/@esbuild%2flinux-ia32 set size:198509 disposed:false
731 silly fetch manifest @esbuild/netbsd-x64@0.18.20
732 silly packumentCache full:https://registry.npmmirror.com/@esbuild%2fnetbsd-x64 cache-miss
733 http fetch GET 200 https://registry.npmmirror.com/@esbuild%2flinux-arm 102ms (cache revalidated)
734 silly packumentCache full:https://registry.npmmirror.com/@esbuild%2flinux-arm set size:197558 disposed:false
735 silly fetch manifest @esbuild/openbsd-x64@0.18.20
736 silly packumentCache full:https://registry.npmmirror.com/@esbuild%2fopenbsd-x64 cache-miss
737 http fetch GET 200 https://registry.npmmirror.com/@esbuild%2flinux-arm64 98ms (cache revalidated)
738 silly packumentCache full:https://registry.npmmirror.com/@esbuild%2flinux-arm64 set size:199569 disposed:false
739 silly fetch manifest @esbuild/sunos-x64@0.18.20
740 silly packumentCache full:https://registry.npmmirror.com/@esbuild%2fsunos-x64 cache-miss
741 http fetch GET 200 https://registry.npmmirror.com/@esbuild%2flinux-ppc64 92ms (cache revalidated)
742 silly packumentCache full:https://registry.npmmirror.com/@esbuild%2flinux-ppc64 set size:201498 disposed:false
743 silly fetch manifest @esbuild/win32-arm64@0.18.20
744 silly packumentCache full:https://registry.npmmirror.com/@esbuild%2fwin32-arm64 cache-miss
745 http fetch GET 200 https://registry.npmmirror.com/@esbuild%2flinux-x64 85ms (cache revalidated)
746 silly packumentCache full:https://registry.npmmirror.com/@esbuild%2flinux-x64 set size:197883 disposed:false
747 silly fetch manifest @esbuild/win32-ia32@0.18.20
748 silly packumentCache full:https://registry.npmmirror.com/@esbuild%2fwin32-ia32 cache-miss
749 http fetch GET 200 https://registry.npmmirror.com/@esbuild%2flinux-riscv64 118ms (cache revalidated)
750 silly packumentCache full:https://registry.npmmirror.com/@esbuild%2flinux-riscv64 set size:201173 disposed:false
751 silly fetch manifest @esbuild/win32-x64@0.18.20
752 silly packumentCache full:https://registry.npmmirror.com/@esbuild%2fwin32-x64 cache-miss
753 http fetch GET 200 https://registry.npmmirror.com/@esbuild%2fsunos-x64 84ms (cache revalidated)
754 silly packumentCache full:https://registry.npmmirror.com/@esbuild%2fsunos-x64 set size:198112 disposed:false
755 http fetch GET 200 https://registry.npmmirror.com/@esbuild%2fwin32-arm64 84ms (cache revalidated)
756 silly packumentCache full:https://registry.npmmirror.com/@esbuild%2fwin32-arm64 set size:199788 disposed:false
757 http fetch GET 200 https://registry.npmmirror.com/@esbuild%2flinux-s390x 91ms (cache revalidated)
758 silly packumentCache full:https://registry.npmmirror.com/@esbuild%2flinux-s390x set size:201000 disposed:false
759 http fetch GET 200 https://registry.npmmirror.com/@esbuild%2fnetbsd-x64 89ms (cache revalidated)
760 silly packumentCache full:https://registry.npmmirror.com/@esbuild%2fnetbsd-x64 set size:196386 disposed:false
761 http fetch GET 200 https://registry.npmmirror.com/@esbuild%2fopenbsd-x64 89ms (cache revalidated)
762 silly packumentCache full:https://registry.npmmirror.com/@esbuild%2fopenbsd-x64 set size:199384 disposed:false
763 http fetch GET 200 https://registry.npmmirror.com/@esbuild%2fwin32-ia32 91ms (cache revalidated)
764 silly packumentCache full:https://registry.npmmirror.com/@esbuild%2fwin32-ia32 set size:198724 disposed:false
765 http fetch GET 200 https://registry.npmmirror.com/@esbuild%2fwin32-x64 91ms (cache revalidated)
766 silly packumentCache full:https://registry.npmmirror.com/@esbuild%2fwin32-x64 set size:198113 disposed:false
767 silly placeDep ROOT @esbuild/android-arm@0.18.20 OK for: esbuild@0.18.20 want: 0.18.20
768 silly placeDep ROOT @esbuild/android-arm64@0.18.20 OK for: esbuild@0.18.20 want: 0.18.20
769 silly placeDep ROOT @esbuild/android-x64@0.18.20 OK for: esbuild@0.18.20 want: 0.18.20
770 silly placeDep ROOT @esbuild/darwin-arm64@0.18.20 OK for: esbuild@0.18.20 want: 0.18.20
771 silly placeDep ROOT @esbuild/darwin-x64@0.18.20 OK for: esbuild@0.18.20 want: 0.18.20
772 silly placeDep ROOT @esbuild/freebsd-arm64@0.18.20 OK for: esbuild@0.18.20 want: 0.18.20
773 silly placeDep ROOT @esbuild/freebsd-x64@0.18.20 OK for: esbuild@0.18.20 want: 0.18.20
774 silly placeDep ROOT @esbuild/linux-arm@0.18.20 OK for: esbuild@0.18.20 want: 0.18.20
775 silly placeDep ROOT @esbuild/linux-arm64@0.18.20 OK for: esbuild@0.18.20 want: 0.18.20
776 silly placeDep ROOT @esbuild/linux-ia32@0.18.20 OK for: esbuild@0.18.20 want: 0.18.20
777 silly placeDep ROOT @esbuild/linux-loong64@0.18.20 OK for: esbuild@0.18.20 want: 0.18.20
778 silly placeDep ROOT @esbuild/linux-mips64el@0.18.20 OK for: esbuild@0.18.20 want: 0.18.20
779 silly placeDep ROOT @esbuild/linux-ppc64@0.18.20 OK for: esbuild@0.18.20 want: 0.18.20
780 silly placeDep ROOT @esbuild/linux-riscv64@0.18.20 OK for: esbuild@0.18.20 want: 0.18.20
781 silly placeDep ROOT @esbuild/linux-s390x@0.18.20 OK for: esbuild@0.18.20 want: 0.18.20
782 silly placeDep ROOT @esbuild/linux-x64@0.18.20 OK for: esbuild@0.18.20 want: 0.18.20
783 silly placeDep ROOT @esbuild/netbsd-x64@0.18.20 OK for: esbuild@0.18.20 want: 0.18.20
784 silly placeDep ROOT @esbuild/openbsd-x64@0.18.20 OK for: esbuild@0.18.20 want: 0.18.20
785 silly placeDep ROOT @esbuild/sunos-x64@0.18.20 OK for: esbuild@0.18.20 want: 0.18.20
786 silly placeDep ROOT @esbuild/win32-arm64@0.18.20 OK for: esbuild@0.18.20 want: 0.18.20
787 silly placeDep ROOT @esbuild/win32-ia32@0.18.20 OK for: esbuild@0.18.20 want: 0.18.20
788 silly placeDep ROOT @esbuild/win32-x64@0.18.20 OK for: esbuild@0.18.20 want: 0.18.20
789 verbose type range
790 verbose stack @sveltejs/adapter-vercel: No matching version found for @sveltejs/adapter-vercel@^2.30.5.
790 verbose stack     at module.exports (/usr/local/lib/node_modules/npm/node_modules/npm-pick-manifest/lib/index.js:215:23)
790 verbose stack     at RegistryFetcher.manifest (/usr/local/lib/node_modules/npm/node_modules/pacote/lib/registry.js:130:54)
790 verbose stack     at async #fetchManifest (/usr/local/lib/node_modules/npm/node_modules/@npmcli/arborist/lib/arborist/build-ideal-tree.js:1202:20)
790 verbose stack     at async #nodeFromEdge (/usr/local/lib/node_modules/npm/node_modules/@npmcli/arborist/lib/arborist/build-ideal-tree.js:1040:19)
790 verbose stack     at async #buildDepStep (/usr/local/lib/node_modules/npm/node_modules/@npmcli/arborist/lib/arborist/build-ideal-tree.js:904:11)
790 verbose stack     at async Arborist.buildIdealTree (/usr/local/lib/node_modules/npm/node_modules/@npmcli/arborist/lib/arborist/build-ideal-tree.js:181:7)
790 verbose stack     at async Promise.all (index 1)
790 verbose stack     at async Arborist.reify (/usr/local/lib/node_modules/npm/node_modules/@npmcli/arborist/lib/arborist/reify.js:131:5)
790 verbose stack     at async Install.exec (/usr/local/lib/node_modules/npm/lib/commands/install.js:150:5)
790 verbose stack     at async Npm.exec (/usr/local/lib/node_modules/npm/lib/npm.js:207:9)
791 error code ETARGET
792 error notarget No matching version found for @sveltejs/adapter-vercel@^2.30.5.
793 error notarget In most cases you or one of your dependencies are requesting
793 error notarget a package version that doesn't exist.
794 silly unfinished npm timer reify 1768098617296
795 silly unfinished npm timer reify:loadTrees 1768098617298
796 verbose cwd /Users/shibingzhang/git/imbinnng/renren-sveltekit
797 verbose os Darwin 24.6.0
798 verbose node v22.20.0
799 verbose npm  v10.9.3
800 verbose exit 1
801 verbose code 1
802 error A complete log of this run can be found in: /Users/shibingzhang/git/imbinnng/renren-sveltekit/npm-cache/_logs/2026-01-11T02_30_17_026Z-debug-0.log
