0 verbose cli /usr/local/bin/node /usr/local/bin/npm
1 info using npm@10.9.3
2 info using node@v22.20.0
3 silly config load:file:/usr/local/lib/node_modules/npm/npmrc
4 silly config load:file:/Users/shibingzhang/git/imbinnng/renren-sveltekit/.npmrc
5 silly config load:file:/Users/shibingzhang/.npmrc
6 silly config load:file:/Users/shibingzhang/.npm-global/etc/npmrc
7 verbose title npm install
8 verbose argv "install"
9 verbose logfile logs-max:10 dir:/Users/shibingzhang/git/imbinnng/renren-sveltekit/npm-cache/_logs/2026-01-11T02_31_46_474Z-
10 verbose logfile /Users/shibingzhang/git/imbinnng/renren-sveltekit/npm-cache/_logs/2026-01-11T02_31_46_474Z-debug-0.log
11 silly logfile start cleaning logs, removing 1 files
12 silly packumentCache heap:2197815296 maxSize:549453824 maxEntrySize:274726912
13 silly logfile done cleaning log files
14 silly idealTree buildDeps
15 silly fetch manifest clsx@^2.0.0
16 silly packumentCache full:https://registry.npmmirror.com/clsx cache-miss
17 http cache https://registry.npmmirror.com/clsx 5ms (cache hit)
18 silly packumentCache full:https://registry.npmmirror.com/clsx set size:32436 disposed:false
19 silly fetch manifest tailwind-merge@^2.2.0
20 silly packumentCache full:https://registry.npmmirror.com/tailwind-merge cache-miss
21 http cache https://registry.npmmirror.com/tailwind-merge 3ms (cache hit)
22 silly packumentCache full:https://registry.npmmirror.com/tailwind-merge set size:1444701 disposed:false
23 silly fetch manifest @sveltejs/kit@^1.16.2
24 silly packumentCache full:https://registry.npmmirror.com/@sveltejs%2fkit cache-miss
25 http cache https://registry.npmmirror.com/@sveltejs%2fkit 7ms (cache hit)
26 silly packumentCache full:https://registry.npmmirror.com/@sveltejs%2fkit set size:3888389 disposed:false
27 silly fetch manifest svelte@^3.55.1
28 silly packumentCache full:https://registry.npmmirror.com/svelte cache-miss
29 http cache https://registry.npmmirror.com/svelte 8ms (cache hit)
30 silly packumentCache full:https://registry.npmmirror.com/svelte set size:4259793 disposed:false
31 silly fetch manifest vite@^4.1.5
32 silly packumentCache full:https://registry.npmmirror.com/vite cache-miss
33 http cache https://registry.npmmirror.com/vite 55ms (cache hit)
34 silly packumentCache full:https://registry.npmmirror.com/vite set size:38504945 disposed:false
35 silly fetch manifest @types/node@>= 14
36 silly packumentCache full:https://registry.npmmirror.com/@types%2fnode cache-miss
37 http cache https://registry.npmmirror.com/@types%2fnode 15ms (cache hit)
38 silly packumentCache full:https://registry.npmmirror.com/@types%2fnode set size:9999876 disposed:false
39 silly fetch manifest less@*
40 silly packumentCache full:https://registry.npmmirror.com/less cache-miss
41 http cache https://registry.npmmirror.com/less 2ms (cache hit)
42 silly packumentCache full:https://registry.npmmirror.com/less set size:398393 disposed:false
43 silly fetch manifest lightningcss@^1.21.0
44 silly packumentCache full:https://registry.npmmirror.com/lightningcss cache-miss
45 http cache https://registry.npmmirror.com/lightningcss 1ms (cache hit)
46 silly packumentCache full:https://registry.npmmirror.com/lightningcss set size:178328 disposed:false
47 silly fetch manifest sass@*
48 silly packumentCache full:https://registry.npmmirror.com/sass cache-miss
49 http cache https://registry.npmmirror.com/sass 3ms (cache hit)
50 silly packumentCache full:https://registry.npmmirror.com/sass set size:594249 disposed:false
51 silly fetch manifest stylus@*
52 silly packumentCache full:https://registry.npmmirror.com/stylus cache-miss
53 http cache https://registry.npmmirror.com/stylus 1ms (cache hit)
54 silly packumentCache full:https://registry.npmmirror.com/stylus set size:312391 disposed:false
55 silly fetch manifest sugarss@*
56 silly packumentCache full:https://registry.npmmirror.com/sugarss cache-miss
57 http cache https://registry.npmmirror.com/sugarss 1ms (cache hit)
58 silly packumentCache full:https://registry.npmmirror.com/sugarss set size:38248 disposed:false
59 silly fetch manifest postcss@^8.5.6
60 silly packumentCache full:https://registry.npmmirror.com/postcss cache-miss
61 http cache https://registry.npmmirror.com/postcss 2ms (cache hit)
62 silly packumentCache full:https://registry.npmmirror.com/postcss set size:611725 disposed:false
63 silly fetch manifest terser@^5.4.0
64 silly packumentCache full:https://registry.npmmirror.com/terser cache-miss
65 http cache https://registry.npmmirror.com/terser 3ms (cache hit)
66 silly packumentCache full:https://registry.npmmirror.com/terser set size:679916 disposed:false
67 silly fetch manifest @sveltejs/vite-plugin-svelte@^1.5.3
68 silly packumentCache full:https://registry.npmmirror.com/@sveltejs%2fvite-plugin-svelte cache-miss
69 http cache https://registry.npmmirror.com/@sveltejs%2fvite-plugin-svelte 3ms (cache hit)
70 silly packumentCache full:https://registry.npmmirror.com/@sveltejs%2fvite-plugin-svelte set size:411148 disposed:false
71 silly fetch manifest autoprefixer@^10.4.23
72 silly packumentCache full:https://registry.npmmirror.com/autoprefixer cache-miss
73 http cache https://registry.npmmirror.com/autoprefixer 3ms (cache hit)
74 silly packumentCache full:https://registry.npmmirror.com/autoprefixer set size:1185262 disposed:false
75 silly fetch manifest tailwindcss@^3.4.1
76 silly packumentCache full:https://registry.npmmirror.com/tailwindcss cache-miss
77 http cache https://registry.npmmirror.com/tailwindcss 16ms (cache hit)
78 silly packumentCache full:https://registry.npmmirror.com/tailwindcss set size:10084629 disposed:false
79 silly placeDep ROOT @sveltejs/kit@1.30.4 OK for: renren-sveltekit@0.0.1 want: ^1.16.2
80 silly placeDep ROOT svelte@3.59.2 OK for: @sveltejs/kit@1.30.4 want: ^3.54.0 || ^4.0.0-next.0 || ^5.0.0-next.0
81 silly placeDep ROOT vite@4.5.14 OK for: @sveltejs/kit@1.30.4 want: ^4.0.0
82 silly placeDep ROOT @sveltejs/vite-plugin-svelte@ OK for: renren-sveltekit@0.0.1 want: ^1.5.3
83 silly placeDep ROOT autoprefixer@10.4.23 OK for: renren-sveltekit@0.0.1 want: ^10.4.23
84 silly placeDep ROOT postcss@8.5.6 OK for: autoprefixer@10.4.23 want: ^8.1.0
85 silly placeDep ROOT clsx@2.1.1 OK for: renren-sveltekit@0.0.1 want: ^2.0.0
86 silly placeDep ROOT tailwind-merge@2.6.0 OK for: renren-sveltekit@0.0.1 want: ^2.2.0
87 silly placeDep ROOT tailwindcss@3.4.19 OK for: renren-sveltekit@0.0.1 want: ^3.4.1
88 silly fetch manifest @sveltejs/vite-plugin-svelte@^2.5.0
89 silly packumentCache full:https://registry.npmmirror.com/@sveltejs%2fvite-plugin-svelte cache-hit
90 silly fetch manifest @types/cookie@^0.5.1
91 silly packumentCache full:https://registry.npmmirror.com/@types%2fcookie cache-miss
92 silly fetch manifest cookie@^0.5.0
93 silly packumentCache full:https://registry.npmmirror.com/cookie cache-miss
94 silly fetch manifest devalue@^4.3.1
95 silly packumentCache full:https://registry.npmmirror.com/devalue cache-miss
96 silly fetch manifest esm-env@^1.0.0
97 silly packumentCache full:https://registry.npmmirror.com/esm-env cache-miss
98 silly fetch manifest kleur@^4.1.5
99 silly packumentCache full:https://registry.npmmirror.com/kleur cache-miss
100 silly fetch manifest magic-string@^0.30.0
101 silly packumentCache full:https://registry.npmmirror.com/magic-string cache-miss
102 silly fetch manifest mrmime@^1.0.1
103 silly packumentCache full:https://registry.npmmirror.com/mrmime cache-miss
104 http cache https://registry.npmmirror.com/@types%2fcookie 4ms (cache hit)
105 silly packumentCache full:https://registry.npmmirror.com/@types%2fcookie set size:36749 disposed:false
106 silly fetch manifest sade@^1.8.1
107 silly packumentCache full:https://registry.npmmirror.com/sade cache-miss
108 http cache https://registry.npmmirror.com/cookie 5ms (cache hit)
109 silly packumentCache full:https://registry.npmmirror.com/cookie set size:70864 disposed:false
110 silly fetch manifest set-cookie-parser@^2.6.0
111 silly packumentCache full:https://registry.npmmirror.com/set-cookie-parser cache-miss
112 http cache https://registry.npmmirror.com/devalue 6ms (cache hit)
113 silly packumentCache full:https://registry.npmmirror.com/devalue set size:90451 disposed:false
114 silly fetch manifest sirv@^2.0.2
115 silly packumentCache full:https://registry.npmmirror.com/sirv cache-miss
116 http cache https://registry.npmmirror.com/mrmime 6ms (cache hit)
117 silly packumentCache full:https://registry.npmmirror.com/mrmime set size:16344 disposed:false
118 silly fetch manifest tiny-glob@^0.2.9
119 silly packumentCache full:https://registry.npmmirror.com/tiny-glob cache-miss
120 http cache https://registry.npmmirror.com/magic-string 7ms (cache hit)
121 silly packumentCache full:https://registry.npmmirror.com/magic-string set size:327576 disposed:false
122 silly fetch manifest undici@^5.28.3
123 silly packumentCache full:https://registry.npmmirror.com/undici cache-miss
124 http cache https://registry.npmmirror.com/esm-env 9ms (cache hit)
125 silly packumentCache full:https://registry.npmmirror.com/esm-env set size:20515 disposed:false
126 silly fetch manifest esbuild@^0.18.10
127 silly packumentCache full:https://registry.npmmirror.com/esbuild cache-miss
128 http cache https://registry.npmmirror.com/kleur 9ms (cache hit)
129 silly packumentCache full:https://registry.npmmirror.com/kleur set size:43285 disposed:false
130 silly fetch manifest postcss@^8.4.27
131 silly packumentCache full:https://registry.npmmirror.com/postcss cache-hit
132 silly fetch manifest rollup@^3.27.1
133 silly packumentCache full:https://registry.npmmirror.com/rollup cache-miss
134 http cache https://registry.npmmirror.com/tiny-glob 8ms (cache hit)
135 silly packumentCache full:https://registry.npmmirror.com/tiny-glob set size:29344 disposed:false
136 silly fetch manifest fsevents@~2.3.2
137 silly packumentCache full:https://registry.npmmirror.com/fsevents cache-miss
138 http cache https://registry.npmmirror.com/sade 11ms (cache hit)
139 silly packumentCache full:https://registry.npmmirror.com/sade set size:57470 disposed:false
140 silly fetch manifest browserslist@^4.28.1
141 silly packumentCache full:https://registry.npmmirror.com/browserslist cache-miss
142 http cache https://registry.npmmirror.com/undici 8ms (cache hit)
143 silly packumentCache full:https://registry.npmmirror.com/undici set size:1168070 disposed:false
144 silly fetch manifest caniuse-lite@^1.0.30001760
145 silly packumentCache full:https://registry.npmmirror.com/caniuse-lite cache-miss
146 http cache https://registry.npmmirror.com/esbuild 16ms (cache hit)
147 silly packumentCache full:https://registry.npmmirror.com/esbuild set size:989435 disposed:false
148 silly fetch manifest fraction.js@^5.3.4
149 silly packumentCache full:https://registry.npmmirror.com/fraction.js cache-miss
150 http cache https://registry.npmmirror.com/sirv 21ms (cache hit)
151 silly packumentCache full:https://registry.npmmirror.com/sirv set size:81293 disposed:false
152 silly fetch manifest picocolors@^1.1.1
153 silly packumentCache full:https://registry.npmmirror.com/picocolors cache-miss
154 http cache https://registry.npmmirror.com/set-cookie-parser 23ms (cache hit)
155 silly packumentCache full:https://registry.npmmirror.com/set-cookie-parser set size:55216 disposed:false
156 silly fetch manifest postcss-value-parser@^4.2.0
157 silly packumentCache full:https://registry.npmmirror.com/postcss-value-parser cache-miss
158 http cache https://registry.npmmirror.com/rollup 33ms (cache hit)
159 silly packumentCache full:https://registry.npmmirror.com/rollup set size:5733350 disposed:false
160 silly fetch manifest nanoid@^3.3.11
161 silly packumentCache full:https://registry.npmmirror.com/nanoid cache-miss
162 http cache https://registry.npmmirror.com/fsevents 57ms (cache hit)
163 silly packumentCache full:https://registry.npmmirror.com/fsevents set size:122258 disposed:false
164 silly fetch manifest picocolors@^1.1.1
165 silly packumentCache full:https://registry.npmmirror.com/picocolors cache-miss
166 http cache https://registry.npmmirror.com/fraction.js 46ms (cache hit)
167 silly packumentCache full:https://registry.npmmirror.com/fraction.js set size:142438 disposed:false
168 silly fetch manifest source-map-js@^1.2.1
169 silly packumentCache full:https://registry.npmmirror.com/source-map-js cache-miss
170 http cache https://registry.npmmirror.com/postcss-value-parser 47ms (cache hit)
171 silly packumentCache full:https://registry.npmmirror.com/postcss-value-parser set size:67405 disposed:false
172 silly fetch manifest @alloc/quick-lru@^5.2.0
173 silly packumentCache full:https://registry.npmmirror.com/@alloc%2fquick-lru cache-miss
174 http cache https://registry.npmmirror.com/browserslist 62ms (cache hit)
175 silly packumentCache full:https://registry.npmmirror.com/browserslist set size:430109 disposed:false
176 silly fetch manifest arg@^5.0.2
177 silly packumentCache full:https://registry.npmmirror.com/arg cache-miss
178 http cache https://registry.npmmirror.com/caniuse-lite 59ms (cache hit)
179 silly packumentCache full:https://registry.npmmirror.com/caniuse-lite set size:1931783 disposed:false
180 silly fetch manifest chokidar@^3.6.0
181 silly packumentCache full:https://registry.npmmirror.com/chokidar cache-miss
182 http cache https://registry.npmmirror.com/picocolors 57ms (cache hit)
183 silly packumentCache full:https://registry.npmmirror.com/picocolors set size:15692 disposed:false
184 silly fetch manifest didyoumean@^1.2.2
185 silly packumentCache full:https://registry.npmmirror.com/didyoumean cache-miss
186 http cache https://registry.npmmirror.com/picocolors 14ms (cache hit)
187 silly packumentCache full:https://registry.npmmirror.com/picocolors set size:15692 disposed:false
188 silly packumentCache full:https://registry.npmmirror.com/picocolors dispose
189 silly fetch manifest dlv@^1.1.3
190 silly packumentCache full:https://registry.npmmirror.com/dlv cache-miss
191 http cache https://registry.npmmirror.com/nanoid 18ms (cache hit)
192 silly packumentCache full:https://registry.npmmirror.com/nanoid set size:235985 disposed:false
193 silly fetch manifest fast-glob@^3.3.2
194 silly packumentCache full:https://registry.npmmirror.com/fast-glob cache-miss
195 http cache https://registry.npmmirror.com/source-map-js 15ms (cache hit)
196 silly packumentCache full:https://registry.npmmirror.com/source-map-js set size:61050 disposed:false
197 silly fetch manifest glob-parent@^6.0.2
198 silly packumentCache full:https://registry.npmmirror.com/glob-parent cache-miss
199 http cache https://registry.npmmirror.com/@alloc%2fquick-lru 15ms (cache hit)
200 silly packumentCache full:https://registry.npmmirror.com/@alloc%2fquick-lru set size:6316 disposed:false
201 silly fetch manifest is-glob@^4.0.3
202 silly packumentCache full:https://registry.npmmirror.com/is-glob cache-miss
203 http cache https://registry.npmmirror.com/chokidar 6ms (cache hit)
204 silly packumentCache full:https://registry.npmmirror.com/chokidar set size:228647 disposed:false
205 silly fetch manifest jiti@^1.21.7
206 silly packumentCache full:https://registry.npmmirror.com/jiti cache-miss
207 http cache https://registry.npmmirror.com/arg 14ms (cache hit)
208 silly packumentCache full:https://registry.npmmirror.com/arg set size:72151 disposed:false
209 silly fetch manifest lilconfig@^3.1.3
210 silly packumentCache full:https://registry.npmmirror.com/lilconfig cache-miss
211 http cache https://registry.npmmirror.com/didyoumean 8ms (cache hit)
212 silly packumentCache full:https://registry.npmmirror.com/didyoumean set size:10415 disposed:false
213 silly fetch manifest micromatch@^4.0.8
214 silly packumentCache full:https://registry.npmmirror.com/micromatch cache-miss
215 http cache https://registry.npmmirror.com/dlv 8ms (cache hit)
216 silly packumentCache full:https://registry.npmmirror.com/dlv set size:14677 disposed:false
217 silly fetch manifest normalize-path@^3.0.0
218 silly packumentCache full:https://registry.npmmirror.com/normalize-path cache-miss
219 http cache https://registry.npmmirror.com/fast-glob 6ms (cache hit)
220 silly packumentCache full:https://registry.npmmirror.com/fast-glob set size:194914 disposed:false
221 silly fetch manifest object-hash@^3.0.0
222 silly packumentCache full:https://registry.npmmirror.com/object-hash cache-miss
223 http cache https://registry.npmmirror.com/glob-parent 7ms (cache hit)
224 silly packumentCache full:https://registry.npmmirror.com/glob-parent set size:34765 disposed:false
225 silly fetch manifest postcss-import@^15.1.0
226 silly packumentCache full:https://registry.npmmirror.com/postcss-import cache-miss
227 http cache https://registry.npmmirror.com/is-glob 7ms (cache hit)
228 silly packumentCache full:https://registry.npmmirror.com/is-glob set size:39478 disposed:false
229 silly fetch manifest postcss-js@^4.0.1
230 silly packumentCache full:https://registry.npmmirror.com/postcss-js cache-miss
231 http cache https://registry.npmmirror.com/lilconfig 7ms (cache hit)
232 silly packumentCache full:https://registry.npmmirror.com/lilconfig set size:37564 disposed:false
233 silly fetch manifest postcss-load-config@^4.0.2 || ^5.0 || ^6.0
234 silly packumentCache full:https://registry.npmmirror.com/postcss-load-config cache-miss
235 http cache https://registry.npmmirror.com/jiti 8ms (cache hit)
236 silly packumentCache full:https://registry.npmmirror.com/jiti set size:343421 disposed:false
237 silly fetch manifest postcss-nested@^6.2.0
238 silly packumentCache full:https://registry.npmmirror.com/postcss-nested cache-miss
239 http cache https://registry.npmmirror.com/micromatch 10ms (cache hit)
240 silly packumentCache full:https://registry.npmmirror.com/micromatch set size:240427 disposed:false
241 silly fetch manifest postcss-selector-parser@^6.1.2
242 silly packumentCache full:https://registry.npmmirror.com/postcss-selector-parser cache-miss
243 http cache https://registry.npmmirror.com/normalize-path 11ms (cache hit)
244 silly packumentCache full:https://registry.npmmirror.com/normalize-path set size:28480 disposed:false
245 silly fetch manifest resolve@^1.22.8
246 silly packumentCache full:https://registry.npmmirror.com/resolve cache-miss
247 http cache https://registry.npmmirror.com/object-hash 11ms (cache hit)
248 silly packumentCache full:https://registry.npmmirror.com/object-hash set size:92882 disposed:false
249 silly fetch manifest sucrase@^3.35.0
250 silly packumentCache full:https://registry.npmmirror.com/sucrase cache-miss
251 http cache https://registry.npmmirror.com/postcss-import 11ms (cache hit)
252 silly packumentCache full:https://registry.npmmirror.com/postcss-import set size:114244 disposed:false
253 http cache https://registry.npmmirror.com/postcss-js 11ms (cache hit)
254 silly packumentCache full:https://registry.npmmirror.com/postcss-js set size:42166 disposed:false
255 http cache https://registry.npmmirror.com/postcss-nested 6ms (cache hit)
256 silly packumentCache full:https://registry.npmmirror.com/postcss-nested set size:64899 disposed:false
257 http cache https://registry.npmmirror.com/postcss-load-config 9ms (cache hit)
258 silly packumentCache full:https://registry.npmmirror.com/postcss-load-config set size:80198 disposed:false
259 http cache https://registry.npmmirror.com/postcss-selector-parser 7ms (cache hit)
260 silly packumentCache full:https://registry.npmmirror.com/postcss-selector-parser set size:162368 disposed:false
261 http cache https://registry.npmmirror.com/sucrase 8ms (cache hit)
262 silly packumentCache full:https://registry.npmmirror.com/sucrase set size:412170 disposed:false
263 http cache https://registry.npmmirror.com/resolve 10ms (cache hit)
264 silly packumentCache full:https://registry.npmmirror.com/resolve set size:219321 disposed:false
265 silly placeDep ROOT @types/cookie@0.5.4 OK for: @sveltejs/kit@1.30.4 want: ^0.5.1
266 silly placeDep ROOT cookie@0.5.0 OK for: @sveltejs/kit@1.30.4 want: ^0.5.0
267 silly placeDep ROOT devalue@4.3.3 OK for: @sveltejs/kit@1.30.4 want: ^4.3.1
268 silly placeDep ROOT esm-env@1.2.2 OK for: @sveltejs/kit@1.30.4 want: ^1.0.0
269 silly placeDep ROOT kleur@4.1.5 OK for: @sveltejs/kit@1.30.4 want: ^4.1.5
270 silly placeDep ROOT magic-string@0.30.21 OK for: @sveltejs/kit@1.30.4 want: ^0.30.0
271 silly placeDep ROOT mrmime@1.0.1 OK for: @sveltejs/kit@1.30.4 want: ^1.0.1
272 silly placeDep ROOT sade@1.8.1 OK for: @sveltejs/kit@1.30.4 want: ^1.8.1
273 silly placeDep ROOT set-cookie-parser@2.7.2 OK for: @sveltejs/kit@1.30.4 want: ^2.6.0
274 silly placeDep ROOT sirv@2.0.4 OK for: @sveltejs/kit@1.30.4 want: ^2.0.2
275 silly placeDep ROOT tiny-glob@0.2.9 OK for: @sveltejs/kit@1.30.4 want: ^0.2.9
276 silly placeDep ROOT undici@5.29.0 OK for: @sveltejs/kit@1.30.4 want: ^5.28.3
277 silly fetch manifest @jridgewell/sourcemap-codec@^1.5.5
278 silly packumentCache full:https://registry.npmmirror.com/@jridgewell%2fsourcemap-codec cache-miss
279 silly fetch manifest mri@^1.1.0
280 silly packumentCache full:https://registry.npmmirror.com/mri cache-miss
281 silly fetch manifest @polka/url@^1.0.0-next.24
282 silly packumentCache full:https://registry.npmmirror.com/@polka%2furl cache-miss
283 silly fetch manifest mrmime@^2.0.0
284 silly packumentCache full:https://registry.npmmirror.com/mrmime cache-hit
285 silly fetch manifest totalist@^3.0.0
286 silly packumentCache full:https://registry.npmmirror.com/totalist cache-miss
287 silly fetch manifest globalyzer@0.1.0
288 silly packumentCache full:https://registry.npmmirror.com/globalyzer cache-miss
289 silly fetch manifest globrex@^0.1.2
290 silly packumentCache full:https://registry.npmmirror.com/globrex cache-miss
291 silly fetch manifest @fastify/busboy@^2.0.0
292 silly packumentCache full:https://registry.npmmirror.com/@fastify%2fbusboy cache-miss
293 http cache https://registry.npmmirror.com/mri 5ms (cache hit)
294 silly packumentCache full:https://registry.npmmirror.com/mri set size:21231 disposed:false
295 http cache https://registry.npmmirror.com/@fastify%2fbusboy 6ms (cache hit)
296 silly packumentCache full:https://registry.npmmirror.com/@fastify%2fbusboy set size:63568 disposed:false
297 http cache https://registry.npmmirror.com/@jridgewell%2fsourcemap-codec 6ms (cache hit)
298 silly packumentCache full:https://registry.npmmirror.com/@jridgewell%2fsourcemap-codec set size:60175 disposed:false
299 http cache https://registry.npmmirror.com/globrex 7ms (cache hit)
300 silly packumentCache full:https://registry.npmmirror.com/globrex set size:15163 disposed:false
301 http cache https://registry.npmmirror.com/@polka%2furl 7ms (cache hit)
302 silly packumentCache full:https://registry.npmmirror.com/@polka%2furl set size:33668 disposed:false
303 http cache https://registry.npmmirror.com/totalist 7ms (cache hit)
304 silly packumentCache full:https://registry.npmmirror.com/totalist set size:17388 disposed:false
305 http cache https://registry.npmmirror.com/globalyzer 7ms (cache hit)
306 silly packumentCache full:https://registry.npmmirror.com/globalyzer set size:4787 disposed:false
307 silly placeDep ROOT browserslist@4.28.1 OK for: autoprefixer@10.4.23 want: ^4.28.1
308 silly placeDep ROOT caniuse-lite@1.0.30001763 OK for: autoprefixer@10.4.23 want: ^1.0.30001760
309 silly placeDep ROOT fraction.js@5.3.4 OK for: autoprefixer@10.4.23 want: ^5.3.4
310 silly placeDep ROOT picocolors@1.1.1 OK for: autoprefixer@10.4.23 want: ^1.1.1
311 silly placeDep ROOT postcss-value-parser@4.2.0 OK for: autoprefixer@10.4.23 want: ^4.2.0
312 silly fetch manifest baseline-browser-mapping@^2.9.0
313 silly packumentCache full:https://registry.npmmirror.com/baseline-browser-mapping cache-miss
314 silly fetch manifest caniuse-lite@^1.0.30001759
315 silly packumentCache full:https://registry.npmmirror.com/caniuse-lite cache-miss
316 silly fetch manifest electron-to-chromium@^1.5.263
317 silly packumentCache full:https://registry.npmmirror.com/electron-to-chromium cache-miss
318 silly fetch manifest node-releases@^2.0.27
319 silly packumentCache full:https://registry.npmmirror.com/node-releases cache-miss
320 silly fetch manifest update-browserslist-db@^1.2.0
321 silly packumentCache full:https://registry.npmmirror.com/update-browserslist-db cache-miss
322 http cache https://registry.npmmirror.com/caniuse-lite 4ms (cache hit)
323 silly packumentCache full:https://registry.npmmirror.com/caniuse-lite set size:1931783 disposed:false
324 http cache https://registry.npmmirror.com/baseline-browser-mapping 9ms (cache hit)
325 silly packumentCache full:https://registry.npmmirror.com/baseline-browser-mapping set size:381640 disposed:false
326 http cache https://registry.npmmirror.com/update-browserslist-db 11ms (cache hit)
327 silly packumentCache full:https://registry.npmmirror.com/update-browserslist-db set size:64681 disposed:false
328 http cache https://registry.npmmirror.com/node-releases 11ms (cache hit)
329 silly packumentCache full:https://registry.npmmirror.com/node-releases set size:184399 disposed:false
330 http cache https://registry.npmmirror.com/electron-to-chromium 16ms (cache hit)
331 silly packumentCache full:https://registry.npmmirror.com/electron-to-chromium set size:4036340 disposed:false
332 silly fetch manifest browserslist@>= 4.21.0
333 silly packumentCache full:https://registry.npmmirror.com/browserslist cache-hit
334 silly placeDep ROOT baseline-browser-mapping@2.9.14 OK for: browserslist@4.28.1 want: ^2.9.0
335 silly placeDep ROOT electron-to-chromium@1.5.267 OK for: browserslist@4.28.1 want: ^1.5.263
336 silly placeDep ROOT node-releases@2.0.27 OK for: browserslist@4.28.1 want: ^2.0.27
337 silly placeDep ROOT update-browserslist-db@1.2.3 OK for: browserslist@4.28.1 want: ^1.2.0
338 silly fetch manifest escalade@^3.2.0
339 silly packumentCache full:https://registry.npmmirror.com/escalade cache-miss
340 http cache https://registry.npmmirror.com/escalade 1ms (cache hit)
341 silly packumentCache full:https://registry.npmmirror.com/escalade set size:26187 disposed:false
342 silly placeDep ROOT @jridgewell/sourcemap-codec@1.5.5 OK for: magic-string@0.30.21 want: ^1.5.5
343 silly placeDep ROOT nanoid@3.3.11 OK for: postcss@8.5.6 want: ^3.3.11
344 silly placeDep ROOT source-map-js@1.2.1 OK for: postcss@8.5.6 want: ^1.2.1
345 silly placeDep ROOT mri@1.2.0 OK for: sade@1.8.1 want: ^1.1.0
346 silly placeDep ROOT @polka/url@1.0.0-next.29 OK for: sirv@2.0.4 want: ^1.0.0-next.24
347 silly placeDep node_modules/sirv mrmime@2.0.1 OK for: sirv@2.0.4 want: ^2.0.0
348 silly placeDep ROOT totalist@3.0.1 OK for: sirv@2.0.4 want: ^3.0.0
349 silly fetch manifest postcss@^8.4.47
350 silly packumentCache full:https://registry.npmmirror.com/postcss cache-hit
351 silly fetch manifest tsx@^4.8.1
352 silly packumentCache full:https://registry.npmmirror.com/tsx cache-miss
353 http cache https://registry.npmmirror.com/tsx 2ms (cache hit)
354 silly packumentCache full:https://registry.npmmirror.com/tsx set size:303047 disposed:false
355 silly fetch manifest yaml@^2.4.2
356 silly packumentCache full:https://registry.npmmirror.com/yaml cache-miss
357 http cache https://registry.npmmirror.com/yaml 2ms (cache hit)
358 silly packumentCache full:https://registry.npmmirror.com/yaml set size:322469 disposed:false
359 silly placeDep ROOT @alloc/quick-lru@5.2.0 OK for: tailwindcss@3.4.19 want: ^5.2.0
360 silly placeDep ROOT arg@5.0.2 OK for: tailwindcss@3.4.19 want: ^5.0.2
361 silly placeDep ROOT chokidar@3.6.0 OK for: tailwindcss@3.4.19 want: ^3.6.0
362 silly placeDep ROOT didyoumean@1.2.2 OK for: tailwindcss@3.4.19 want: ^1.2.2
363 silly placeDep ROOT dlv@1.1.3 OK for: tailwindcss@3.4.19 want: ^1.1.3
364 silly placeDep ROOT fast-glob@3.3.3 OK for: tailwindcss@3.4.19 want: ^3.3.2
365 silly placeDep ROOT glob-parent@6.0.2 OK for: tailwindcss@3.4.19 want: ^6.0.2
366 silly placeDep ROOT is-glob@4.0.3 OK for: tailwindcss@3.4.19 want: ^4.0.3
367 silly placeDep ROOT jiti@1.21.7 OK for: tailwindcss@3.4.19 want: ^1.21.7
368 silly placeDep ROOT lilconfig@3.1.3 OK for: tailwindcss@3.4.19 want: ^3.1.3
369 silly placeDep ROOT micromatch@4.0.8 OK for: tailwindcss@3.4.19 want: ^4.0.8
370 silly placeDep ROOT normalize-path@3.0.0 OK for: tailwindcss@3.4.19 want: ^3.0.0
371 silly placeDep ROOT object-hash@3.0.0 OK for: tailwindcss@3.4.19 want: ^3.0.0
372 silly placeDep ROOT postcss-import@15.1.0 OK for: tailwindcss@3.4.19 want: ^15.1.0
373 silly placeDep ROOT postcss-js@4.1.0 OK for: tailwindcss@3.4.19 want: ^4.0.1
374 silly placeDep ROOT postcss-load-config@6.0.1 OK for: tailwindcss@3.4.19 want: ^4.0.2 || ^5.0 || ^6.0
375 silly placeDep ROOT postcss-nested@6.2.0 OK for: tailwindcss@3.4.19 want: ^6.2.0
376 silly placeDep ROOT postcss-selector-parser@6.1.2 OK for: tailwindcss@3.4.19 want: ^6.1.2
377 silly placeDep ROOT resolve@1.22.11 OK for: tailwindcss@3.4.19 want: ^1.22.8
378 silly placeDep ROOT sucrase@3.35.1 OK for: tailwindcss@3.4.19 want: ^3.35.0
379 silly fetch manifest anymatch@~3.1.2
380 silly packumentCache full:https://registry.npmmirror.com/anymatch cache-miss
381 silly fetch manifest braces@~3.0.2
382 silly packumentCache full:https://registry.npmmirror.com/braces cache-miss
383 silly fetch manifest glob-parent@~5.1.2
384 silly packumentCache full:https://registry.npmmirror.com/glob-parent cache-hit
385 silly fetch manifest is-binary-path@~2.1.0
386 silly packumentCache full:https://registry.npmmirror.com/is-binary-path cache-miss
387 silly fetch manifest is-glob@~4.0.1
388 silly packumentCache full:https://registry.npmmirror.com/is-glob cache-hit
389 silly fetch manifest normalize-path@~3.0.0
390 silly packumentCache full:https://registry.npmmirror.com/normalize-path cache-hit
391 silly fetch manifest readdirp@~3.6.0
392 silly packumentCache full:https://registry.npmmirror.com/readdirp cache-miss
393 silly fetch manifest @nodelib/fs.stat@^2.0.2
394 silly packumentCache full:https://registry.npmmirror.com/@nodelib%2ffs.stat cache-miss
395 silly fetch manifest @nodelib/fs.walk@^1.2.3
396 silly packumentCache full:https://registry.npmmirror.com/@nodelib%2ffs.walk cache-miss
397 silly fetch manifest glob-parent@^5.1.2
398 silly packumentCache full:https://registry.npmmirror.com/glob-parent cache-hit
399 silly fetch manifest merge2@^1.3.0
400 silly packumentCache full:https://registry.npmmirror.com/merge2 cache-miss
401 http cache https://registry.npmmirror.com/is-binary-path 8ms (cache hit)
402 silly packumentCache full:https://registry.npmmirror.com/is-binary-path set size:11426 disposed:false
403 silly fetch manifest is-extglob@^2.1.1
404 silly packumentCache full:https://registry.npmmirror.com/is-extglob cache-miss
405 http cache https://registry.npmmirror.com/@nodelib%2ffs.stat 5ms (cache hit)
406 silly packumentCache full:https://registry.npmmirror.com/@nodelib%2ffs.stat set size:28111 disposed:false
407 silly fetch manifest braces@^3.0.3
408 silly packumentCache full:https://registry.npmmirror.com/braces cache-miss
409 http cache https://registry.npmmirror.com/anymatch 13ms (cache hit)
410 silly packumentCache full:https://registry.npmmirror.com/anymatch set size:37760 disposed:false
411 silly fetch manifest picomatch@^2.3.1
412 silly packumentCache full:https://registry.npmmirror.com/picomatch cache-miss
413 http cache https://registry.npmmirror.com/braces 10ms (cache hit)
414 silly packumentCache full:https://registry.npmmirror.com/braces set size:112898 disposed:false
415 silly fetch manifest read-cache@^1.0.0
416 silly packumentCache full:https://registry.npmmirror.com/read-cache cache-miss
417 http cache https://registry.npmmirror.com/@nodelib%2ffs.walk 7ms (cache hit)
418 silly packumentCache full:https://registry.npmmirror.com/@nodelib%2ffs.walk set size:35867 disposed:false
419 silly fetch manifest resolve@^1.1.7
420 silly packumentCache full:https://registry.npmmirror.com/resolve cache-hit
421 silly fetch manifest camelcase-css@^2.0.1
422 silly packumentCache full:https://registry.npmmirror.com/camelcase-css cache-miss
423 http cache https://registry.npmmirror.com/readdirp 9ms (cache hit)
424 silly packumentCache full:https://registry.npmmirror.com/readdirp set size:95428 disposed:false
425 silly fetch manifest postcss-selector-parser@^6.1.1
426 silly packumentCache full:https://registry.npmmirror.com/postcss-selector-parser cache-hit
427 silly fetch manifest cssesc@^3.0.0
428 silly packumentCache full:https://registry.npmmirror.com/cssesc cache-miss
429 http cache https://registry.npmmirror.com/merge2 9ms (cache hit)
430 silly packumentCache full:https://registry.npmmirror.com/merge2 set size:40023 disposed:false
431 silly fetch manifest util-deprecate@^1.0.2
432 silly packumentCache full:https://registry.npmmirror.com/util-deprecate cache-miss
433 http cache https://registry.npmmirror.com/braces 9ms (cache hit)
434 silly packumentCache full:https://registry.npmmirror.com/braces set size:112898 disposed:false
435 silly packumentCache full:https://registry.npmmirror.com/braces dispose
436 silly fetch manifest is-core-module@^2.16.1
437 silly packumentCache full:https://registry.npmmirror.com/is-core-module cache-miss
438 http cache https://registry.npmmirror.com/picomatch 10ms (cache hit)
439 silly packumentCache full:https://registry.npmmirror.com/picomatch set size:99804 disposed:false
440 silly fetch manifest path-parse@^1.0.7
441 silly packumentCache full:https://registry.npmmirror.com/path-parse cache-miss
442 http cache https://registry.npmmirror.com/read-cache 10ms (cache hit)
443 silly packumentCache full:https://registry.npmmirror.com/read-cache set size:3033 disposed:false
444 silly fetch manifest supports-preserve-symlinks-flag@^1.0.0
445 silly packumentCache full:https://registry.npmmirror.com/supports-preserve-symlinks-flag cache-miss
446 http cache https://registry.npmmirror.com/is-extglob 12ms (cache hit)
447 silly packumentCache full:https://registry.npmmirror.com/is-extglob set size:11880 disposed:false
448 silly fetch manifest @jridgewell/gen-mapping@^0.3.2
449 silly packumentCache full:https://registry.npmmirror.com/@jridgewell%2fgen-mapping cache-miss
450 http cache https://registry.npmmirror.com/camelcase-css 10ms (cache hit)
451 silly packumentCache full:https://registry.npmmirror.com/camelcase-css set size:8356 disposed:false
452 silly fetch manifest commander@^4.0.0
453 silly packumentCache full:https://registry.npmmirror.com/commander cache-miss
454 http cache https://registry.npmmirror.com/util-deprecate 9ms (cache hit)
455 silly packumentCache full:https://registry.npmmirror.com/util-deprecate set size:6659 disposed:false
456 silly fetch manifest lines-and-columns@^1.1.6
457 silly packumentCache full:https://registry.npmmirror.com/lines-and-columns cache-miss
458 http cache https://registry.npmmirror.com/cssesc 10ms (cache hit)
459 silly packumentCache full:https://registry.npmmirror.com/cssesc set size:16783 disposed:false
460 silly fetch manifest mz@^2.7.0
461 silly packumentCache full:https://registry.npmmirror.com/mz cache-miss
462 http cache https://registry.npmmirror.com/supports-preserve-symlinks-flag 3ms (cache hit)
463 silly packumentCache full:https://registry.npmmirror.com/supports-preserve-symlinks-flag set size:6704 disposed:false
464 silly fetch manifest pirates@^4.0.1
465 silly packumentCache full:https://registry.npmmirror.com/pirates cache-miss
466 http cache https://registry.npmmirror.com/is-core-module 5ms (cache hit)
467 silly packumentCache full:https://registry.npmmirror.com/is-core-module set size:66005 disposed:false
468 silly fetch manifest tinyglobby@^0.2.11
469 silly packumentCache full:https://registry.npmmirror.com/tinyglobby cache-miss
470 http cache https://registry.npmmirror.com/path-parse 5ms (cache hit)
471 silly packumentCache full:https://registry.npmmirror.com/path-parse set size:12468 disposed:false
472 silly fetch manifest ts-interface-checker@^0.1.9
473 silly packumentCache full:https://registry.npmmirror.com/ts-interface-checker cache-miss
474 http cache https://registry.npmmirror.com/@jridgewell%2fgen-mapping 6ms (cache hit)
475 silly packumentCache full:https://registry.npmmirror.com/@jridgewell%2fgen-mapping set size:83227 disposed:false
476 http cache https://registry.npmmirror.com/commander 5ms (cache hit)
477 silly packumentCache full:https://registry.npmmirror.com/commander set size:285008 disposed:false
478 http cache https://registry.npmmirror.com/lines-and-columns 6ms (cache hit)
479 silly packumentCache full:https://registry.npmmirror.com/lines-and-columns set size:70564 disposed:false
480 http cache https://registry.npmmirror.com/mz 6ms (cache hit)
481 silly packumentCache full:https://registry.npmmirror.com/mz set size:40893 disposed:false
482 http cache https://registry.npmmirror.com/pirates 6ms (cache hit)
483 silly packumentCache full:https://registry.npmmirror.com/pirates set size:50016 disposed:false
484 http cache https://registry.npmmirror.com/tinyglobby 6ms (cache hit)
485 silly packumentCache full:https://registry.npmmirror.com/tinyglobby set size:52303 disposed:false
486 http cache https://registry.npmmirror.com/ts-interface-checker 6ms (cache hit)
487 silly packumentCache full:https://registry.npmmirror.com/ts-interface-checker set size:46076 disposed:false
488 silly placeDep ROOT anymatch@3.1.3 OK for: chokidar@3.6.0 want: ~3.1.2
489 silly placeDep ROOT braces@3.0.3 OK for: chokidar@3.6.0 want: ~3.0.2
490 silly placeDep ROOT fsevents@2.3.3 OK for: chokidar@3.6.0 want: ~2.3.2
491 silly placeDep node_modules/chokidar glob-parent@5.1.2 OK for: chokidar@3.6.0 want: ~5.1.2
492 silly placeDep ROOT is-binary-path@2.1.0 OK for: chokidar@3.6.0 want: ~2.1.0
493 silly placeDep ROOT readdirp@3.6.0 OK for: chokidar@3.6.0 want: ~3.6.0
494 silly fetch manifest picomatch@^2.0.4
495 silly packumentCache full:https://registry.npmmirror.com/picomatch cache-hit
496 silly fetch manifest fill-range@^7.1.1
497 silly packumentCache full:https://registry.npmmirror.com/fill-range cache-miss
498 silly fetch manifest binary-extensions@^2.0.0
499 silly packumentCache full:https://registry.npmmirror.com/binary-extensions cache-miss
500 silly fetch manifest picomatch@^2.2.1
501 silly packumentCache full:https://registry.npmmirror.com/picomatch cache-hit
502 http cache https://registry.npmmirror.com/fill-range 2ms (cache hit)
503 silly packumentCache full:https://registry.npmmirror.com/fill-range set size:79685 disposed:false
504 http cache https://registry.npmmirror.com/binary-extensions 3ms (cache hit)
505 silly packumentCache full:https://registry.npmmirror.com/binary-extensions set size:43165 disposed:false
506 silly placeDep ROOT picomatch@2.3.1 OK for: anymatch@3.1.3 want: ^2.0.4
507 silly placeDep ROOT fill-range@7.1.1 OK for: braces@3.0.3 want: ^7.1.1
508 silly fetch manifest to-regex-range@^5.0.1
509 silly packumentCache full:https://registry.npmmirror.com/to-regex-range cache-miss
510 http cache https://registry.npmmirror.com/to-regex-range 1ms (cache hit)
511 silly packumentCache full:https://registry.npmmirror.com/to-regex-range set size:55700 disposed:false
512 silly placeDep ROOT @nodelib/fs.stat@2.0.5 OK for: fast-glob@3.3.3 want: ^2.0.2
513 silly placeDep ROOT @nodelib/fs.walk@1.2.8 OK for: fast-glob@3.3.3 want: ^1.2.3
514 silly placeDep node_modules/fast-glob glob-parent@5.1.2 OK for: fast-glob@3.3.3 want: ^5.1.2
515 silly placeDep ROOT merge2@1.4.1 OK for: fast-glob@3.3.3 want: ^1.3.0
516 silly fetch manifest @nodelib/fs.scandir@2.1.5
517 silly packumentCache full:https://registry.npmmirror.com/@nodelib%2ffs.scandir cache-miss
518 silly fetch manifest fastq@^1.6.0
519 silly packumentCache full:https://registry.npmmirror.com/fastq cache-miss
520 http cache https://registry.npmmirror.com/@nodelib%2ffs.scandir 1ms (cache hit)
521 silly packumentCache full:https://registry.npmmirror.com/@nodelib%2ffs.scandir set size:38674 disposed:false
522 http cache https://registry.npmmirror.com/fastq 2ms (cache hit)
523 silly packumentCache full:https://registry.npmmirror.com/fastq set size:68593 disposed:false
524 silly placeDep ROOT @nodelib/fs.scandir@2.1.5 OK for: @nodelib/fs.walk@1.2.8 want: 2.1.5
525 silly placeDep ROOT fastq@1.20.1 OK for: @nodelib/fs.walk@1.2.8 want: ^1.6.0
526 silly fetch manifest run-parallel@^1.1.9
527 silly packumentCache full:https://registry.npmmirror.com/run-parallel cache-miss
528 silly fetch manifest reusify@^1.0.4
529 silly packumentCache full:https://registry.npmmirror.com/reusify cache-miss
530 http cache https://registry.npmmirror.com/run-parallel 1ms (cache hit)
531 silly packumentCache full:https://registry.npmmirror.com/run-parallel set size:31746 disposed:false
532 http cache https://registry.npmmirror.com/reusify 1ms (cache hit)
533 silly packumentCache full:https://registry.npmmirror.com/reusify set size:14270 disposed:false
534 silly placeDep ROOT run-parallel@1.2.0 OK for: @nodelib/fs.scandir@2.1.5 want: ^1.1.9
535 silly fetch manifest queue-microtask@^1.2.2
536 silly packumentCache full:https://registry.npmmirror.com/queue-microtask cache-miss
537 http cache https://registry.npmmirror.com/queue-microtask 1ms (cache hit)
538 silly packumentCache full:https://registry.npmmirror.com/queue-microtask set size:25336 disposed:false
539 silly placeDep ROOT reusify@1.1.0 OK for: fastq@1.20.1 want: ^1.0.4
540 silly placeDep ROOT to-regex-range@5.0.1 OK for: fill-range@7.1.1 want: ^5.0.1
541 silly fetch manifest is-number@^7.0.0
542 silly packumentCache full:https://registry.npmmirror.com/is-number cache-miss
543 http cache https://registry.npmmirror.com/is-number 1ms (cache hit)
544 silly packumentCache full:https://registry.npmmirror.com/is-number set size:35937 disposed:false
545 silly placeDep ROOT binary-extensions@2.3.0 OK for: is-binary-path@2.1.0 want: ^2.0.0
546 silly placeDep ROOT is-extglob@2.1.1 OK for: is-glob@4.0.3 want: ^2.1.1
547 silly placeDep ROOT read-cache@1.0.0 OK for: postcss-import@15.1.0 want: ^1.0.0
548 silly fetch manifest pify@^2.3.0
549 silly packumentCache full:https://registry.npmmirror.com/pify cache-miss
550 http cache https://registry.npmmirror.com/pify 1ms (cache hit)
551 silly packumentCache full:https://registry.npmmirror.com/pify set size:29706 disposed:false
552 silly placeDep ROOT camelcase-css@2.0.1 OK for: postcss-js@4.1.0 want: ^2.0.1
553 silly placeDep ROOT cssesc@3.0.0 OK for: postcss-selector-parser@6.1.2 want: ^3.0.0
554 silly placeDep ROOT util-deprecate@1.0.2 OK for: postcss-selector-parser@6.1.2 want: ^1.0.2
555 silly placeDep ROOT pify@2.3.0 OK for: read-cache@1.0.0 want: ^2.3.0
556 silly placeDep ROOT is-core-module@2.16.1 OK for: resolve@1.22.11 want: ^2.16.1
557 silly placeDep ROOT path-parse@1.0.7 OK for: resolve@1.22.11 want: ^1.0.7
558 silly placeDep ROOT supports-preserve-symlinks-flag@1.0.0 OK for: resolve@1.22.11 want: ^1.0.0
559 silly fetch manifest hasown@^2.0.2
560 silly packumentCache full:https://registry.npmmirror.com/hasown cache-miss
561 http cache https://registry.npmmirror.com/hasown 2ms (cache hit)
562 silly packumentCache full:https://registry.npmmirror.com/hasown set size:12847 disposed:false
563 silly placeDep ROOT hasown@2.0.2 OK for: is-core-module@2.16.1 want: ^2.0.2
564 silly fetch manifest function-bind@^1.1.2
565 silly packumentCache full:https://registry.npmmirror.com/function-bind cache-miss
566 http cache https://registry.npmmirror.com/function-bind 1ms (cache hit)
567 silly packumentCache full:https://registry.npmmirror.com/function-bind set size:15630 disposed:false
568 silly placeDep ROOT function-bind@1.1.2 OK for: hasown@2.0.2 want: ^1.1.2
569 silly placeDep ROOT queue-microtask@1.2.3 OK for: run-parallel@1.2.0 want: ^1.2.2
570 silly placeDep ROOT @jridgewell/gen-mapping@0.3.13 OK for: sucrase@3.35.1 want: ^0.3.2
571 silly placeDep ROOT commander@4.1.1 OK for: sucrase@3.35.1 want: ^4.0.0
572 silly placeDep ROOT lines-and-columns@1.2.4 OK for: sucrase@3.35.1 want: ^1.1.6
573 silly placeDep ROOT mz@2.7.0 OK for: sucrase@3.35.1 want: ^2.7.0
574 silly placeDep ROOT pirates@4.0.7 OK for: sucrase@3.35.1 want: ^4.0.1
575 silly placeDep ROOT tinyglobby@0.2.15 OK for: sucrase@3.35.1 want: ^0.2.11
576 silly placeDep ROOT ts-interface-checker@0.1.13 OK for: sucrase@3.35.1 want: ^0.1.9
577 silly fetch manifest @jridgewell/trace-mapping@^0.3.24
578 silly packumentCache full:https://registry.npmmirror.com/@jridgewell%2ftrace-mapping cache-miss
579 silly fetch manifest any-promise@^1.0.0
580 silly packumentCache full:https://registry.npmmirror.com/any-promise cache-miss
581 silly fetch manifest object-assign@^4.0.1
582 silly packumentCache full:https://registry.npmmirror.com/object-assign cache-miss
583 silly fetch manifest thenify-all@^1.0.0
584 silly packumentCache full:https://registry.npmmirror.com/thenify-all cache-miss
585 silly fetch manifest fdir@^6.5.0
586 silly packumentCache full:https://registry.npmmirror.com/fdir cache-miss
587 silly fetch manifest picomatch@^4.0.3
588 silly packumentCache full:https://registry.npmmirror.com/picomatch cache-hit
589 http cache https://registry.npmmirror.com/any-promise 5ms (cache hit)
590 silly packumentCache full:https://registry.npmmirror.com/any-promise set size:20149 disposed:false
591 http cache https://registry.npmmirror.com/@jridgewell%2ftrace-mapping 6ms (cache hit)
592 silly packumentCache full:https://registry.npmmirror.com/@jridgewell%2ftrace-mapping set size:171781 disposed:false
593 http cache https://registry.npmmirror.com/thenify-all 10ms (cache hit)
594 silly packumentCache full:https://registry.npmmirror.com/thenify-all set size:18394 disposed:false
595 http cache https://registry.npmmirror.com/object-assign 12ms (cache hit)
596 silly packumentCache full:https://registry.npmmirror.com/object-assign set size:27397 disposed:false
597 http cache https://registry.npmmirror.com/fdir 12ms (cache hit)
598 silly packumentCache full:https://registry.npmmirror.com/fdir set size:111746 disposed:false
599 silly placeDep ROOT @jridgewell/trace-mapping@0.3.31 OK for: @jridgewell/gen-mapping@0.3.13 want: ^0.3.24
600 silly fetch manifest @jridgewell/resolve-uri@^3.1.0
601 silly packumentCache full:https://registry.npmmirror.com/@jridgewell%2fresolve-uri cache-miss
602 http cache https://registry.npmmirror.com/@jridgewell%2fresolve-uri 1ms (cache hit)
603 silly packumentCache full:https://registry.npmmirror.com/@jridgewell%2fresolve-uri set size:54227 disposed:false
604 silly placeDep ROOT @jridgewell/resolve-uri@3.1.2 OK for: @jridgewell/trace-mapping@0.3.31 want: ^3.1.0
605 silly placeDep ROOT any-promise@1.3.0 OK for: mz@2.7.0 want: ^1.0.0
606 silly placeDep ROOT object-assign@4.1.1 OK for: mz@2.7.0 want: ^4.0.1
607 silly placeDep ROOT thenify-all@1.6.0 OK for: mz@2.7.0 want: ^1.0.0
608 silly fetch manifest thenify@>= 3.1.0 < 4
609 silly packumentCache full:https://registry.npmmirror.com/thenify cache-miss
610 http cache https://registry.npmmirror.com/thenify 1ms (cache hit)
611 silly packumentCache full:https://registry.npmmirror.com/thenify set size:20162 disposed:false
612 silly placeDep ROOT thenify@3.3.1 OK for: thenify-all@1.6.0 want: >= 3.1.0 < 4
613 silly placeDep ROOT globalyzer@0.1.0 OK for: tiny-glob@0.2.9 want: 0.1.0
614 silly placeDep ROOT globrex@0.1.2 OK for: tiny-glob@0.2.9 want: ^0.1.2
615 silly placeDep node_modules/tinyglobby fdir@6.5.0 OK for: tinyglobby@0.2.15 want: ^6.5.0
616 silly placeDep node_modules/tinyglobby picomatch@4.0.3 OK for: fdir@6.5.0 want: ^3 || ^4
617 silly placeDep ROOT is-number@7.0.0 OK for: to-regex-range@5.0.1 want: ^7.0.0
618 silly placeDep ROOT @fastify/busboy@2.1.1 OK for: undici@5.29.0 want: ^2.0.0
619 silly placeDep ROOT escalade@3.2.0 OK for: update-browserslist-db@1.2.3 want: ^3.2.0
620 silly placeDep ROOT esbuild@0.18.20 OK for: vite@4.5.14 want: ^0.18.10
621 silly placeDep ROOT rollup@3.29.5 OK for: vite@4.5.14 want: ^3.27.1
622 silly fetch manifest @esbuild/android-arm@0.18.20
623 silly packumentCache full:https://registry.npmmirror.com/@esbuild%2fandroid-arm cache-miss
624 silly fetch manifest @esbuild/android-arm64@0.18.20
625 silly packumentCache full:https://registry.npmmirror.com/@esbuild%2fandroid-arm64 cache-miss
626 silly fetch manifest @esbuild/android-x64@0.18.20
627 silly packumentCache full:https://registry.npmmirror.com/@esbuild%2fandroid-x64 cache-miss
628 silly fetch manifest @esbuild/darwin-arm64@0.18.20
629 silly packumentCache full:https://registry.npmmirror.com/@esbuild%2fdarwin-arm64 cache-miss
630 silly fetch manifest @esbuild/darwin-x64@0.18.20
631 silly packumentCache full:https://registry.npmmirror.com/@esbuild%2fdarwin-x64 cache-miss
632 silly fetch manifest @esbuild/freebsd-arm64@0.18.20
633 silly packumentCache full:https://registry.npmmirror.com/@esbuild%2ffreebsd-arm64 cache-miss
634 silly fetch manifest @esbuild/freebsd-x64@0.18.20
635 silly packumentCache full:https://registry.npmmirror.com/@esbuild%2ffreebsd-x64 cache-miss
636 http cache https://registry.npmmirror.com/@esbuild%2fdarwin-arm64 4ms (cache hit)
637 silly packumentCache full:https://registry.npmmirror.com/@esbuild%2fdarwin-arm64 set size:200210 disposed:false
638 silly fetch manifest @esbuild/linux-arm@0.18.20
639 silly packumentCache full:https://registry.npmmirror.com/@esbuild%2flinux-arm cache-miss
640 http cache https://registry.npmmirror.com/@esbuild%2ffreebsd-arm64 5ms (cache hit)
641 silly packumentCache full:https://registry.npmmirror.com/@esbuild%2ffreebsd-arm64 set size:201052 disposed:false
642 silly fetch manifest @esbuild/linux-arm64@0.18.20
643 silly packumentCache full:https://registry.npmmirror.com/@esbuild%2flinux-arm64 cache-miss
644 http cache https://registry.npmmirror.com/@esbuild%2fandroid-x64 6ms (cache hit)
645 silly packumentCache full:https://registry.npmmirror.com/@esbuild%2fandroid-x64 set size:197943 disposed:false
646 silly fetch manifest @esbuild/linux-ia32@0.18.20
647 silly packumentCache full:https://registry.npmmirror.com/@esbuild%2flinux-ia32 cache-miss
648 http cache https://registry.npmmirror.com/@esbuild%2fdarwin-x64 7ms (cache hit)
649 silly packumentCache full:https://registry.npmmirror.com/@esbuild%2fdarwin-x64 set size:198556 disposed:false
650 silly fetch manifest @esbuild/linux-loong64@0.18.20
651 silly packumentCache full:https://registry.npmmirror.com/@esbuild%2flinux-loong64 cache-miss
652 http cache https://registry.npmmirror.com/@esbuild%2ffreebsd-x64 9ms (cache hit)
653 silly packumentCache full:https://registry.npmmirror.com/@esbuild%2ffreebsd-x64 set size:199380 disposed:false
654 silly fetch manifest @esbuild/linux-mips64el@0.18.20
655 silly packumentCache full:https://registry.npmmirror.com/@esbuild%2flinux-mips64el cache-miss
656 http cache https://registry.npmmirror.com/@esbuild%2fandroid-arm 11ms (cache hit)
657 silly packumentCache full:https://registry.npmmirror.com/@esbuild%2fandroid-arm set size:224914 disposed:false
658 silly fetch manifest @esbuild/linux-ppc64@0.18.20
659 silly packumentCache full:https://registry.npmmirror.com/@esbuild%2flinux-ppc64 cache-miss
660 http cache https://registry.npmmirror.com/@esbuild%2fandroid-arm64 11ms (cache hit)
661 silly packumentCache full:https://registry.npmmirror.com/@esbuild%2fandroid-arm64 set size:203017 disposed:false
662 silly fetch manifest @esbuild/linux-riscv64@0.18.20
663 silly packumentCache full:https://registry.npmmirror.com/@esbuild%2flinux-riscv64 cache-miss
664 http cache https://registry.npmmirror.com/@esbuild%2flinux-arm64 8ms (cache hit)
665 silly packumentCache full:https://registry.npmmirror.com/@esbuild%2flinux-arm64 set size:199569 disposed:false
666 silly fetch manifest @esbuild/linux-s390x@0.18.20
667 silly packumentCache full:https://registry.npmmirror.com/@esbuild%2flinux-s390x cache-miss
668 http cache https://registry.npmmirror.com/@esbuild%2flinux-arm 10ms (cache hit)
669 silly packumentCache full:https://registry.npmmirror.com/@esbuild%2flinux-arm set size:197558 disposed:false
670 silly fetch manifest @esbuild/linux-x64@0.18.20
671 silly packumentCache full:https://registry.npmmirror.com/@esbuild%2flinux-x64 cache-miss
672 http cache https://registry.npmmirror.com/@esbuild%2flinux-ia32 9ms (cache hit)
673 silly packumentCache full:https://registry.npmmirror.com/@esbuild%2flinux-ia32 set size:198509 disposed:false
674 silly fetch manifest @esbuild/netbsd-x64@0.18.20
675 silly packumentCache full:https://registry.npmmirror.com/@esbuild%2fnetbsd-x64 cache-miss
676 http cache https://registry.npmmirror.com/@esbuild%2flinux-loong64 11ms (cache hit)
677 silly packumentCache full:https://registry.npmmirror.com/@esbuild%2flinux-loong64 set size:255940 disposed:false
678 silly fetch manifest @esbuild/openbsd-x64@0.18.20
679 silly packumentCache full:https://registry.npmmirror.com/@esbuild%2fopenbsd-x64 cache-miss
680 http cache https://registry.npmmirror.com/@esbuild%2flinux-ppc64 20ms (cache hit)
681 silly packumentCache full:https://registry.npmmirror.com/@esbuild%2flinux-ppc64 set size:201498 disposed:false
682 silly fetch manifest @esbuild/sunos-x64@0.18.20
683 silly packumentCache full:https://registry.npmmirror.com/@esbuild%2fsunos-x64 cache-miss
684 http cache https://registry.npmmirror.com/@esbuild%2flinux-mips64el 23ms (cache hit)
685 silly packumentCache full:https://registry.npmmirror.com/@esbuild%2flinux-mips64el set size:203142 disposed:false
686 silly fetch manifest @esbuild/win32-arm64@0.18.20
687 silly packumentCache full:https://registry.npmmirror.com/@esbuild%2fwin32-arm64 cache-miss
688 http cache https://registry.npmmirror.com/@esbuild%2flinux-riscv64 35ms (cache hit)
689 silly packumentCache full:https://registry.npmmirror.com/@esbuild%2flinux-riscv64 set size:201173 disposed:false
690 silly fetch manifest @esbuild/win32-ia32@0.18.20
691 silly packumentCache full:https://registry.npmmirror.com/@esbuild%2fwin32-ia32 cache-miss
692 http cache https://registry.npmmirror.com/@esbuild%2flinux-s390x 35ms (cache hit)
693 silly packumentCache full:https://registry.npmmirror.com/@esbuild%2flinux-s390x set size:201000 disposed:false
694 silly fetch manifest @esbuild/win32-x64@0.18.20
695 silly packumentCache full:https://registry.npmmirror.com/@esbuild%2fwin32-x64 cache-miss
696 http cache https://registry.npmmirror.com/@esbuild%2flinux-x64 35ms (cache hit)
697 silly packumentCache full:https://registry.npmmirror.com/@esbuild%2flinux-x64 set size:197883 disposed:false
698 http cache https://registry.npmmirror.com/@esbuild%2fnetbsd-x64 33ms (cache hit)
699 silly packumentCache full:https://registry.npmmirror.com/@esbuild%2fnetbsd-x64 set size:196386 disposed:false
700 http cache https://registry.npmmirror.com/@esbuild%2fsunos-x64 19ms (cache hit)
701 silly packumentCache full:https://registry.npmmirror.com/@esbuild%2fsunos-x64 set size:198112 disposed:false
702 http cache https://registry.npmmirror.com/@esbuild%2fwin32-ia32 7ms (cache hit)
703 silly packumentCache full:https://registry.npmmirror.com/@esbuild%2fwin32-ia32 set size:198724 disposed:false
704 http cache https://registry.npmmirror.com/@esbuild%2fopenbsd-x64 31ms (cache hit)
705 silly packumentCache full:https://registry.npmmirror.com/@esbuild%2fopenbsd-x64 set size:199384 disposed:false
706 http cache https://registry.npmmirror.com/@esbuild%2fwin32-arm64 14ms (cache hit)
707 silly packumentCache full:https://registry.npmmirror.com/@esbuild%2fwin32-arm64 set size:199788 disposed:false
708 http cache https://registry.npmmirror.com/@esbuild%2fwin32-x64 7ms (cache hit)
709 silly packumentCache full:https://registry.npmmirror.com/@esbuild%2fwin32-x64 set size:198113 disposed:false
710 silly placeDep ROOT @esbuild/android-arm@0.18.20 OK for: esbuild@0.18.20 want: 0.18.20
711 silly placeDep ROOT @esbuild/android-arm64@0.18.20 OK for: esbuild@0.18.20 want: 0.18.20
712 silly placeDep ROOT @esbuild/android-x64@0.18.20 OK for: esbuild@0.18.20 want: 0.18.20
713 silly placeDep ROOT @esbuild/darwin-arm64@0.18.20 OK for: esbuild@0.18.20 want: 0.18.20
714 silly placeDep ROOT @esbuild/darwin-x64@0.18.20 OK for: esbuild@0.18.20 want: 0.18.20
715 silly placeDep ROOT @esbuild/freebsd-arm64@0.18.20 OK for: esbuild@0.18.20 want: 0.18.20
716 silly placeDep ROOT @esbuild/freebsd-x64@0.18.20 OK for: esbuild@0.18.20 want: 0.18.20
717 silly placeDep ROOT @esbuild/linux-arm@0.18.20 OK for: esbuild@0.18.20 want: 0.18.20
718 silly placeDep ROOT @esbuild/linux-arm64@0.18.20 OK for: esbuild@0.18.20 want: 0.18.20
719 silly placeDep ROOT @esbuild/linux-ia32@0.18.20 OK for: esbuild@0.18.20 want: 0.18.20
720 silly placeDep ROOT @esbuild/linux-loong64@0.18.20 OK for: esbuild@0.18.20 want: 0.18.20
721 silly placeDep ROOT @esbuild/linux-mips64el@0.18.20 OK for: esbuild@0.18.20 want: 0.18.20
722 silly placeDep ROOT @esbuild/linux-ppc64@0.18.20 OK for: esbuild@0.18.20 want: 0.18.20
723 silly placeDep ROOT @esbuild/linux-riscv64@0.18.20 OK for: esbuild@0.18.20 want: 0.18.20
724 silly placeDep ROOT @esbuild/linux-s390x@0.18.20 OK for: esbuild@0.18.20 want: 0.18.20
725 silly placeDep ROOT @esbuild/linux-x64@0.18.20 OK for: esbuild@0.18.20 want: 0.18.20
726 silly placeDep ROOT @esbuild/netbsd-x64@0.18.20 OK for: esbuild@0.18.20 want: 0.18.20
727 silly placeDep ROOT @esbuild/openbsd-x64@0.18.20 OK for: esbuild@0.18.20 want: 0.18.20
728 silly placeDep ROOT @esbuild/sunos-x64@0.18.20 OK for: esbuild@0.18.20 want: 0.18.20
729 silly placeDep ROOT @esbuild/win32-arm64@0.18.20 OK for: esbuild@0.18.20 want: 0.18.20
730 silly placeDep ROOT @esbuild/win32-ia32@0.18.20 OK for: esbuild@0.18.20 want: 0.18.20
731 silly placeDep ROOT @esbuild/win32-x64@0.18.20 OK for: esbuild@0.18.20 want: 0.18.20
732 verbose type range
733 verbose stack @sveltejs/vite-plugin-svelte: No matching version found for @sveltejs/vite-plugin-svelte@^1.5.3.
733 verbose stack     at module.exports (/usr/local/lib/node_modules/npm/node_modules/npm-pick-manifest/lib/index.js:215:23)
733 verbose stack     at RegistryFetcher.manifest (/usr/local/lib/node_modules/npm/node_modules/pacote/lib/registry.js:130:54)
733 verbose stack     at async #fetchManifest (/usr/local/lib/node_modules/npm/node_modules/@npmcli/arborist/lib/arborist/build-ideal-tree.js:1202:20)
733 verbose stack     at async #nodeFromEdge (/usr/local/lib/node_modules/npm/node_modules/@npmcli/arborist/lib/arborist/build-ideal-tree.js:1040:19)
733 verbose stack     at async #buildDepStep (/usr/local/lib/node_modules/npm/node_modules/@npmcli/arborist/lib/arborist/build-ideal-tree.js:904:11)
733 verbose stack     at async Arborist.buildIdealTree (/usr/local/lib/node_modules/npm/node_modules/@npmcli/arborist/lib/arborist/build-ideal-tree.js:181:7)
733 verbose stack     at async Promise.all (index 1)
733 verbose stack     at async Arborist.reify (/usr/local/lib/node_modules/npm/node_modules/@npmcli/arborist/lib/arborist/reify.js:131:5)
733 verbose stack     at async Install.exec (/usr/local/lib/node_modules/npm/lib/commands/install.js:150:5)
733 verbose stack     at async Npm.exec (/usr/local/lib/node_modules/npm/lib/npm.js:207:9)
734 error code ETARGET
735 error notarget No matching version found for @sveltejs/vite-plugin-svelte@^1.5.3.
736 error notarget In most cases you or one of your dependencies are requesting
736 error notarget a package version that doesn't exist.
737 silly unfinished npm timer reify 1768098706712
738 silly unfinished npm timer reify:loadTrees 1768098706713
739 verbose cwd /Users/shibingzhang/git/imbinnng/renren-sveltekit
740 verbose os Darwin 24.6.0
741 verbose node v22.20.0
742 verbose npm  v10.9.3
743 verbose exit 1
744 verbose code 1
745 error A complete log of this run can be found in: /Users/shibingzhang/git/imbinnng/renren-sveltekit/npm-cache/_logs/2026-01-11T02_31_46_474Z-debug-0.log
